2024-11-29 23:10:12,997 [INFO] Activator:176 - 


2024-11-29 23:10:13,005 [INFO] Activator:177 - !SESSION log4j initialized
2024-11-29 23:10:19,695 [INFO] LogOutputStream:77 - [STDOUT_REDIRECT] 
2024-11-29 23:10:21,441 [INFO] ApplicationProperties:184 - Using Application install path: /opt/st/stm32cubeide_1.16.0/plugins/com.st.stm32cube.common.mx_6.12.0.202406281431
2024-11-29 23:10:21,466 [INFO] DbMcusXml:78 - Set database path to: /opt/st/stm32cubeide_1.16.0/plugins/com.st.stm32cube.common.mx_6.12.0.202406281431//db//mcu/
2024-11-29 23:10:21,467 [INFO] ApiDb:274 - Set plugin database path to: /opt/st/stm32cubeide_1.16.0/plugins/com.st.stm32cube.common.mx_6.12.0.202406281431//db//plugins/boardmanager/
2024-11-29 23:10:21,468 [WARN] ApiDb:259 - Overriding images path with different value:  => /opt/st/stm32cubeide_1.16.0/plugins/com.st.stm32cube.common.mx_6.12.0.202406281431//db//plugins/mcufinder/images/
2024-11-29 23:10:21,483 [INFO] ApiDb:250 - Set database path to: /home/gabriel/.stmcufinder/plugins/mcufinder//mcu/
2024-11-29 23:10:21,485 [INFO] DbMcusAds:125 - Set database path to: /home/gabriel/.stmcufinder/plugins/mcufinder//mcu/
2024-11-29 23:10:21,490 [INFO] CrossReferenceDbSqlite:203 - Set database path to: /home/gabriel/.stmcufinder/plugins/mcufinder//mcu/cs/
2024-11-29 23:10:21,685 [INFO] RulesReader:64 - Compatibility file has been processed (297 Rules)
2024-11-29 23:10:21,788 [INFO] DbMcusXml:78 - Set database path to: /opt/st/stm32cubeide_1.16.0/plugins/com.st.stm32cube.common.mx_6.12.0.202406281431//db//mcu/
2024-11-29 23:10:21,788 [INFO] ApiDb:274 - Set plugin database path to: /opt/st/stm32cubeide_1.16.0/plugins/com.st.stm32cube.common.mx_6.12.0.202406281431//db//plugins/boardmanager/
2024-11-29 23:10:21,788 [INFO] ApiDb:261 - Set plugin images path to: /opt/st/stm32cubeide_1.16.0/plugins/com.st.stm32cube.common.mx_6.12.0.202406281431//db//plugins/mcufinder/images/
2024-11-29 23:10:21,789 [WARN] DbFile:41 - Overriding database path with different value: /home/gabriel/.stmcufinder/plugins/mcufinder/ => /home/gabriel/.stmcufinder/plugins/mcufinder
2024-11-29 23:10:21,790 [INFO] ApiDb:250 - Set database path to: /home/gabriel/.stmcufinder/plugins/mcufinder//mcu/
2024-11-29 23:10:21,790 [WARN] DbFile:41 - Overriding database path with different value: /home/gabriel/.stmcufinder/plugins/mcufinder/ => /home/gabriel/.stmcufinder/plugins/mcufinder
2024-11-29 23:10:21,790 [INFO] DbMcusAds:125 - Set database path to: /home/gabriel/.stmcufinder/plugins/mcufinder//mcu/
2024-11-29 23:10:21,790 [WARN] DbFile:41 - Overriding database path with different value: /home/gabriel/.stmcufinder/plugins/mcufinder/ => /home/gabriel/.stmcufinder/plugins/mcufinder
2024-11-29 23:10:21,791 [WARN] DbFile:41 - Overriding database path with different value: /home/gabriel/.stmcufinder/plugins/mcufinder/ => /home/gabriel/.stmcufinder/plugins/mcufinder
2024-11-29 23:10:21,791 [INFO] CrossReferenceDbSqlite:203 - Set database path to: /home/gabriel/.stmcufinder/plugins/mcufinder//mcu/cs/
2024-11-29 23:10:21,906 [INFO] MainPanel:268 - HeapMemory: 268435456
2024-11-29 23:10:22,157 [INFO] DbMcusXml:78 - Set database path to: /opt/st/stm32cubeide_1.16.0/plugins/com.st.stm32cube.common.mx_6.12.0.202406281431//db//mcu/
2024-11-29 23:10:22,158 [INFO] ApiDb:274 - Set plugin database path to: /opt/st/stm32cubeide_1.16.0/plugins/com.st.stm32cube.common.mx_6.12.0.202406281431//db//plugins/boardmanager/
2024-11-29 23:10:22,158 [INFO] ApiDb:261 - Set plugin images path to: /opt/st/stm32cubeide_1.16.0/plugins/com.st.stm32cube.common.mx_6.12.0.202406281431//db//plugins/mcufinder/images/
2024-11-29 23:10:22,159 [WARN] DbFile:41 - Overriding database path with different value: /home/gabriel/.stmcufinder/plugins/mcufinder/ => /home/gabriel/.stmcufinder/plugins/mcufinder
2024-11-29 23:10:22,159 [INFO] ApiDb:250 - Set database path to: /home/gabriel/.stmcufinder/plugins/mcufinder//mcu/
2024-11-29 23:10:22,160 [WARN] DbFile:41 - Overriding database path with different value: /home/gabriel/.stmcufinder/plugins/mcufinder/ => /home/gabriel/.stmcufinder/plugins/mcufinder
2024-11-29 23:10:22,160 [INFO] DbMcusAds:125 - Set database path to: /home/gabriel/.stmcufinder/plugins/mcufinder//mcu/
2024-11-29 23:10:22,160 [WARN] DbFile:41 - Overriding database path with different value: /home/gabriel/.stmcufinder/plugins/mcufinder/ => /home/gabriel/.stmcufinder/plugins/mcufinder
2024-11-29 23:10:22,161 [WARN] DbFile:41 - Overriding database path with different value: /home/gabriel/.stmcufinder/plugins/mcufinder/ => /home/gabriel/.stmcufinder/plugins/mcufinder
2024-11-29 23:10:22,161 [INFO] CrossReferenceDbSqlite:203 - Set database path to: /home/gabriel/.stmcufinder/plugins/mcufinder//mcu/cs/
2024-11-29 23:10:22,191 [INFO] ApplicationProperties:184 - Using Application install path: /opt/st/stm32cubeide_1.16.0/plugins/com.st.stm32cube.common.mx_6.12.0.202406281431
2024-11-29 23:10:22,194 [INFO] PluginManage:196 - Search for loadable plugins [exclusion list=, ]
2024-11-29 23:10:22,197 [INFO] PluginManage:310 - Check plugin analytics
2024-11-29 23:10:22,486 [INFO] AnalyticsPlugin:253 - Accepted Software Licenses: 
2024-11-29 23:10:22,487 [INFO] AnalyticsPlugin:255 - Accepted CMSIS Pack Licenses: 
2024-11-29 23:10:22,487 [INFO] AnalyticsPlugin:257 - Accepted Firmware Licenses: 
2024-11-29 23:10:22,494 [INFO] PluginManage:359 - Loaded plugin analytics (category:tool,tabindex:-1)
2024-11-29 23:10:22,494 [INFO] PluginManage:310 - Check plugin cadmodel
2024-11-29 23:10:22,501 [INFO] CADModel:105 - Init CAD model plugin
2024-11-29 23:10:22,502 [INFO] PluginManage:359 - Loaded plugin cadmodel (category:power,tabindex:5)
2024-11-29 23:10:22,502 [INFO] PluginManage:310 - Check plugin clock
2024-11-29 23:10:22,515 [INFO] PluginManage:359 - Loaded plugin clock (category:base,tabindex:2)
2024-11-29 23:10:22,515 [INFO] PluginManage:310 - Check plugin ddr
2024-11-29 23:10:22,519 [INFO] PluginManage:359 - Loaded plugin ddr (category:tool,tabindex:6)
2024-11-29 23:10:22,520 [INFO] PluginManage:310 - Check plugin filemanager
2024-11-29 23:10:22,741 [INFO] PluginManage:359 - Loaded plugin filemanager (category:base,tabindex:10)
2024-11-29 23:10:22,741 [INFO] PluginManage:310 - Check plugin ipmanager
2024-11-29 23:10:22,749 [INFO] PluginManage:359 - Loaded plugin ipmanager (category:base,tabindex:5)
2024-11-29 23:10:22,750 [INFO] PluginManage:310 - Check plugin lpbam
2024-11-29 23:10:22,766 [INFO] PluginManage:359 - Loaded plugin lpbam (category:base,tabindex:0)
2024-11-29 23:10:22,766 [INFO] PluginManage:310 - Check plugin memorymap
2024-11-29 23:10:22,785 [INFO] PluginManage:359 - Loaded plugin memorymap (category:base,tabindex:4)
2024-11-29 23:10:22,785 [INFO] PluginManage:310 - Check plugin pinoutandconfiguration
2024-11-29 23:10:22,799 [INFO] PluginManage:359 - Loaded plugin pinoutandconfiguration (category:base,tabindex:1)
2024-11-29 23:10:22,799 [INFO] PluginManage:310 - Check plugin pinoutconfig
2024-11-29 23:10:22,930 [WARN] SupportedApi:132 - Cannot load RTOS API schema: s4s-elt-must-match.1: The content of 'definitions' must match (annotation?, (simpleType | complexType)?, (unique | key | keyref)*)). A problem was found starting at: attribute.
2024-11-29 23:10:23,156 [INFO] PluginManage:359 - Loaded plugin pinoutconfig (category:base,tabindex:0)
2024-11-29 23:10:23,156 [INFO] PluginManage:310 - Check plugin power
2024-11-29 23:10:23,172 [INFO] PluginManage:359 - Loaded plugin power (category:power,tabindex:4)
2024-11-29 23:10:23,172 [INFO] PluginManage:310 - Check plugin projectmanager
2024-11-29 23:10:23,198 [INFO] PluginManage:359 - Loaded plugin projectmanager (category:projectmanager,tabindex:4)
2024-11-29 23:10:23,199 [INFO] PluginManage:310 - Check plugin rif
2024-11-29 23:10:23,208 [INFO] PluginManage:359 - Loaded plugin rif (category:base,tabindex:3)
2024-11-29 23:10:23,209 [INFO] PluginManage:310 - Check plugin thirdparty
2024-11-29 23:10:23,408 [INFO] PluginManage:359 - Loaded plugin thirdparty (category:base,tabindex:-1)
2024-11-29 23:10:23,409 [INFO] PluginManage:310 - Check plugin tools
2024-11-29 23:10:23,408 [WARN] IntegrityCheckThread:84 - waiting for thirdparty lock release [integrity check]
2024-11-29 23:10:23,409 [INFO] IntegrityCheckThread:86 - entering critical section [integrity check]
2024-11-29 23:10:23,410 [INFO] ThirdPartyUpdaterWithRetryManager:70 - Updater plugin not ready yet. [1/15]
2024-11-29 23:10:23,412 [INFO] PluginManage:359 - Loaded plugin tools (category:base,tabindex:7)
2024-11-29 23:10:23,412 [INFO] PluginManage:310 - Check plugin tutovideos
2024-11-29 23:10:23,700 [INFO] PluginManage:359 - Loaded plugin tutovideos (category:base,tabindex:-1)
2024-11-29 23:10:23,701 [INFO] PluginManage:310 - Check plugin updater
2024-11-29 23:10:23,726 [INFO] PluginManage:359 - Loaded plugin updater (category:base,tabindex:12)
2024-11-29 23:10:23,727 [INFO] PluginManage:310 - Check plugin userauth
2024-11-29 23:10:23,735 [INFO] UserAuth:113 - Init User Auth plugin
2024-11-29 23:10:23,735 [INFO] PluginManage:359 - Loaded plugin userauth (category:base,tabindex:14)
2024-11-29 23:10:23,736 [INFO] PluginManage:283 - PluginManage : Loaded plugins [18]
2024-11-29 23:10:23,993 [INFO] PinOutPanel:1561 - setPackage(No Configuration,No Configuration)
2024-11-29 23:10:24,103 [INFO] CADModel:165 - CPN selected for project level
2024-11-29 23:10:24,103 [INFO] CADModel:114 - Register for checkConnection events
2024-11-29 23:10:24,116 [INFO] IPUIPlugin:80 - create IPUIPlugin
2024-11-29 23:10:24,117 [INFO] PluginManager:220 - loadIPPluginJar : add tracer_emb
2024-11-29 23:10:24,119 [INFO] IPUIPlugin:80 - create IPUIPlugin
2024-11-29 23:10:24,119 [INFO] PluginManager:220 - loadIPPluginJar : add ts
2024-11-29 23:10:24,131 [INFO] IPUIPlugin:80 - create IPUIPlugin
2024-11-29 23:10:24,131 [INFO] PluginManager:220 - loadIPPluginJar : add stm32_wpan
2024-11-29 23:10:24,136 [INFO] IPUIPlugin:80 - create IPUIPlugin
2024-11-29 23:10:24,136 [INFO] PluginManager:220 - loadIPPluginJar : add fmc
2024-11-29 23:10:24,139 [INFO] IPUIPlugin:80 - create IPUIPlugin
2024-11-29 23:10:24,139 [INFO] PluginManager:220 - loadIPPluginJar : add extmemmanager
2024-11-29 23:10:24,141 [INFO] IPUIPlugin:80 - create IPUIPlugin
2024-11-29 23:10:24,141 [INFO] PluginManager:220 - loadIPPluginJar : add fatfs
2024-11-29 23:10:24,149 [INFO] IPUIPlugin:80 - create IPUIPlugin
2024-11-29 23:10:24,153 [INFO] PluginManager:220 - loadIPPluginJar : add plateformsettings
2024-11-29 23:10:24,156 [INFO] IPUIPlugin:80 - create IPUIPlugin
2024-11-29 23:10:24,156 [INFO] PluginManager:220 - loadIPPluginJar : add dfsdm
2024-11-29 23:10:24,159 [INFO] IPUIPlugin:80 - create IPUIPlugin
2024-11-29 23:10:24,159 [INFO] PluginManager:220 - loadIPPluginJar : add lorawan
2024-11-29 23:10:24,162 [INFO] IPUIPlugin:80 - create IPUIPlugin
2024-11-29 23:10:24,162 [INFO] PluginManager:220 - loadIPPluginJar : add cryp
2024-11-29 23:10:24,165 [INFO] IPUIPlugin:80 - create IPUIPlugin
2024-11-29 23:10:24,165 [INFO] PluginManager:220 - loadIPPluginJar : add tim
2024-11-29 23:10:24,168 [INFO] IPUIPlugin:80 - create IPUIPlugin
2024-11-29 23:10:24,168 [INFO] PluginManager:220 - loadIPPluginJar : add genericplugin
2024-11-29 23:10:24,175 [INFO] IPUIPlugin:80 - create IPUIPlugin
2024-11-29 23:10:24,175 [INFO] PluginManager:220 - loadIPPluginJar : add gic
2024-11-29 23:10:24,178 [INFO] IPUIPlugin:80 - create IPUIPlugin
2024-11-29 23:10:24,179 [INFO] PluginManager:220 - loadIPPluginJar : add i3c
2024-11-29 23:10:24,181 [INFO] IPUIPlugin:80 - create IPUIPlugin
2024-11-29 23:10:24,181 [INFO] PluginManager:220 - loadIPPluginJar : add opamp
2024-11-29 23:10:24,189 [INFO] IPUIPlugin:80 - create IPUIPlugin
2024-11-29 23:10:24,189 [INFO] PluginManager:220 - loadIPPluginJar : add dma
2024-11-29 23:10:24,192 [INFO] IPUIPlugin:80 - create IPUIPlugin
2024-11-29 23:10:24,192 [INFO] PluginManager:220 - loadIPPluginJar : add hash
2024-11-29 23:10:24,196 [INFO] IPUIPlugin:80 - create IPUIPlugin
2024-11-29 23:10:24,196 [INFO] PluginManager:220 - loadIPPluginJar : add ipddr
2024-11-29 23:10:24,202 [INFO] IPUIPlugin:80 - create IPUIPlugin
2024-11-29 23:10:24,202 [INFO] PluginManager:220 - loadIPPluginJar : add gpio
2024-11-29 23:10:24,206 [INFO] IPUIPlugin:80 - create IPUIPlugin
2024-11-29 23:10:24,206 [INFO] PluginManager:220 - loadIPPluginJar : add gtzc
2024-11-29 23:10:24,208 [INFO] IPUIPlugin:80 - create IPUIPlugin
2024-11-29 23:10:24,209 [INFO] PluginManager:220 - loadIPPluginJar : add tsc
2024-11-29 23:10:24,211 [INFO] IPUIPlugin:80 - create IPUIPlugin
2024-11-29 23:10:24,211 [INFO] PluginManager:220 - loadIPPluginJar : add ucpd
2024-11-29 23:10:24,215 [INFO] IPUIPlugin:80 - create IPUIPlugin
2024-11-29 23:10:24,215 [INFO] PluginManager:220 - loadIPPluginJar : add can
2024-11-29 23:10:24,218 [INFO] IPUIPlugin:80 - create IPUIPlugin
2024-11-29 23:10:24,218 [INFO] PluginManager:220 - loadIPPluginJar : add i2c
2024-11-29 23:10:24,227 [INFO] IPUIPlugin:80 - create IPUIPlugin
2024-11-29 23:10:24,227 [INFO] PluginManager:220 - loadIPPluginJar : add linkedlist
2024-11-29 23:10:24,232 [INFO] IPUIPlugin:80 - create IPUIPlugin
2024-11-29 23:10:24,232 [INFO] PluginManager:220 - loadIPPluginJar : add usbx
2024-11-29 23:10:24,235 [INFO] IPUIPlugin:80 - create IPUIPlugin
2024-11-29 23:10:24,236 [INFO] PluginManager:220 - loadIPPluginJar : add aes
2024-11-29 23:10:24,239 [INFO] IPUIPlugin:80 - create IPUIPlugin
2024-11-29 23:10:24,239 [INFO] PluginManager:220 - loadIPPluginJar : add gfxmmu
2024-11-29 23:10:24,241 [INFO] IPUIPlugin:80 - create IPUIPlugin
2024-11-29 23:10:24,241 [INFO] PluginManager:220 - loadIPPluginJar : add quadspi
2024-11-29 23:10:24,243 [INFO] IPUIPlugin:80 - create IPUIPlugin
2024-11-29 23:10:24,244 [INFO] PluginManager:220 - loadIPPluginJar : add pdm2pcm
2024-11-29 23:10:24,247 [INFO] IPUIPlugin:80 - create IPUIPlugin
2024-11-29 23:10:24,247 [INFO] PluginManager:220 - loadIPPluginJar : add openamp
2024-11-29 23:10:24,251 [INFO] IPUIPlugin:80 - create IPUIPlugin
2024-11-29 23:10:24,251 [INFO] PluginManager:220 - loadIPPluginJar : add sai
2024-11-29 23:10:24,255 [INFO] IPUIPlugin:80 - create IPUIPlugin
2024-11-29 23:10:24,255 [INFO] PluginManager:220 - loadIPPluginJar : add usart
2024-11-29 23:10:24,261 [INFO] IPUIPlugin:80 - create IPUIPlugin
2024-11-29 23:10:24,261 [INFO] PluginManager:220 - loadIPPluginJar : add freertos
2024-11-29 23:10:24,266 [INFO] IPUIPlugin:80 - create IPUIPlugin
2024-11-29 23:10:24,266 [INFO] PluginManager:220 - loadIPPluginJar : add nvic
2024-11-29 23:10:24,269 [INFO] IPUIPlugin:80 - create IPUIPlugin
2024-11-29 23:10:24,270 [INFO] PluginManager:220 - loadIPPluginJar : add i2s
2024-11-29 23:10:24,277 [INFO] IPUIPlugin:80 - create IPUIPlugin
2024-11-29 23:10:24,277 [INFO] PluginManager:220 - loadIPPluginJar : add adc
2024-11-29 23:10:24,279 [INFO] IPUIPlugin:80 - create IPUIPlugin
2024-11-29 23:10:24,279 [INFO] PluginManager:220 - loadIPPluginJar : add ltdc
2024-11-29 23:10:24,281 [INFO] IPUIPlugin:80 - create IPUIPlugin
2024-11-29 23:10:24,282 [INFO] PluginManager:220 - loadIPPluginJar : add radio
2024-11-29 23:10:24,283 [INFO] IPUIPlugin:80 - create IPUIPlugin
2024-11-29 23:10:24,284 [INFO] PluginManager:220 - loadIPPluginJar : add comp
2024-11-29 23:10:24,287 [INFO] IPUIPlugin:80 - create IPUIPlugin
2024-11-29 23:10:24,287 [INFO] PluginManager:220 - loadIPPluginJar : add dma3
2024-11-29 23:10:24,291 [INFO] IPUIPlugin:80 - create IPUIPlugin
2024-11-29 23:10:24,291 [INFO] PluginManager:220 - loadIPPluginJar : add ddr_ctrl_phy
2024-11-29 23:10:24,297 [INFO] IPUIPlugin:80 - create IPUIPlugin
2024-11-29 23:10:24,297 [INFO] PluginManager:220 - loadIPPluginJar : add resmgrutility
2024-11-29 23:10:24,300 [INFO] IPUIPlugin:80 - create IPUIPlugin
2024-11-29 23:10:24,301 [INFO] PluginManager:220 - loadIPPluginJar : add spi
2024-11-29 23:10:24,309 [INFO] IPUIPlugin:80 - create IPUIPlugin
2024-11-29 23:10:24,309 [INFO] PluginManager:220 - loadIPPluginJar : add mdma
2024-11-29 23:10:24,313 [INFO] IPUIPlugin:80 - create IPUIPlugin
2024-11-29 23:10:24,314 [INFO] PluginManager:220 - loadIPPluginJar : add touchsensing
2024-11-29 23:10:24,435 [INFO] CADModel:165 - CPN selected for project level
2024-11-29 23:10:24,435 [INFO] CADModel:114 - Register for checkConnection events
2024-11-29 23:10:24,435 [FATAL] Updater:334 - Updater called before beeing initialized
2024-11-29 23:10:24,435 [ERROR] CADModel:125 - Updater not yet initialized, retry later 
2024-11-29 23:10:24,675 [INFO] CADModel:165 - CPN selected for project level
2024-11-29 23:10:24,676 [INFO] CADModel:114 - Register for checkConnection events
2024-11-29 23:10:24,676 [FATAL] Updater:334 - Updater called before beeing initialized
2024-11-29 23:10:24,676 [ERROR] CADModel:125 - Updater not yet initialized, retry later 
2024-11-29 23:10:24,682 [FATAL] Updater:334 - Updater called before beeing initialized
2024-11-29 23:10:24,797 [FATAL] Updater:334 - Updater called before beeing initialized
2024-11-29 23:10:24,802 [INFO] DbMcusAds:53 - JSON generation date=Fri Sep 20 10:04:38 ART 2024 (1726837478367)
2024-11-29 23:10:24,802 [FATAL] Updater:334 - Updater called before beeing initialized
2024-11-29 23:10:24,857 [WARN] DetailPanel:346 - Failed to get advertising image, set to default
2024-11-29 23:10:24,973 [FATAL] Updater:334 - Updater called before beeing initialized
2024-11-29 23:10:24,976 [FATAL] Updater:334 - Updater called before beeing initialized
2024-11-29 23:10:24,976 [FATAL] Updater:334 - Updater called before beeing initialized
2024-11-29 23:10:24,976 [WARN] DetailPanel:346 - Failed to get advertising image, set to default
2024-11-29 23:10:24,977 [FATAL] Updater:334 - Updater called before beeing initialized
2024-11-29 23:10:25,029 [ERROR] Updater:1164 - MainUpdater not yet initialized. External WinMGr cannot be set.
2024-11-29 23:10:25,031 [INFO] Updater:1100 - Updater Version found : 6.12.0
2024-11-29 23:10:25,053 [INFO] ApplicationProperties:184 - Using Application install path: /opt/st/stm32cubeide_1.16.0/plugins/com.st.stm32cube.common.mx_6.12.0.202406281431
2024-11-29 23:10:25,432 [INFO] MainUpdater:2873 - connection check result : 10
2024-11-29 23:10:25,433 [INFO] MainUpdater:290 - Updater Check For Update Now.
2024-11-29 23:10:25,434 [INFO] MicroXplorer:498 - Change Database Version : DB.6.0.120
2024-11-29 23:10:25,441 [INFO] McuFinderGlobals:63 - Set McuFinder mode to 2 (CubeIDE integrated)
2024-11-29 23:10:25,442 [INFO] UserAuth:179 - activating auth plugin
2024-11-29 23:10:25,445 [INFO] UserAuth:417 - Internet connection configuration mode: 1
2024-11-29 23:10:25,473 [INFO] JxBrowserEngine:152 - Initiate JxBrowser Engine with user profile folder
2024-11-29 23:10:25,677 [INFO] CheckServerUpdateThread:120 - End of CheckServer Thread
2024-11-29 23:10:26,735 [WARN] PackLoader:240 - Cannot read IP mode file for STMicroelectronics.FP-SNS-MOTENVWB1.1.4.0
2024-11-29 23:10:26,762 [WARN] PackLoader:240 - Cannot read IP mode file for STMicroelectronics.FP-ATR-ASTRA1.2.0.1
2024-11-29 23:10:26,785 [WARN] PackLoader:240 - Cannot read IP mode file for STMicroelectronics.X-CUBE-SMBUS.2.1.0
2024-11-29 23:10:26,805 [WARN] PackLoader:240 - Cannot read IP mode file for STMicroelectronics.X-CUBE-WB05N.1.1.0
2024-11-29 23:10:26,879 [WARN] PackLoader:240 - Cannot read IP mode file for STMicroelectronics.X-CUBE-AZRTOS-F7.1.1.0
2024-11-29 23:10:26,895 [WARN] PackLoader:240 - Cannot read IP mode file for STMicroelectronics.FP-SNS-FLIGHT1.5.0.2
2024-11-29 23:10:26,914 [WARN] PackLoader:240 - Cannot read IP mode file for STMicroelectronics.X-CUBE-DISPLAY.3.0.0
2024-11-29 23:10:26,943 [WARN] PackLoader:240 - Cannot read IP mode file for STMicroelectronics.X-CUBE-BLE1.7.0.0
2024-11-29 23:10:26,953 [WARN] PackLoader:240 - Cannot read IP mode file for emotas.I-CUBE-CANOPEN.1.3.0
2024-11-29 23:10:26,980 [WARN] PackLoader:240 - Cannot read IP mode file for STMicroelectronics.X-CUBE-BLEMGR.3.1.0
2024-11-29 23:10:26,997 [WARN] PackLoader:240 - Cannot read IP mode file for STMicroelectronics.FP-SNS-SMARTAG2.1.2.0
2024-11-29 23:10:27,024 [INFO] LogOutputStream:77 - [STDOUT_REDIRECT] 1 : Invalid condition id : UX_CORESTACK_Condition cause : null
2024-11-29 23:10:27,026 [INFO] LogOutputStream:77 - [STDOUT_REDIRECT] 1 : Invalid condition id : UX_CORESTACK_Condition cause : null
2024-11-29 23:10:27,027 [INFO] LogOutputStream:77 - [STDOUT_REDIRECT] 1 : Invalid condition id : UX_CORESTACK_Condition cause : null
2024-11-29 23:10:27,028 [INFO] LogOutputStream:77 - [STDOUT_REDIRECT] 1 : Invalid condition id : UX_CORESTACK_Condition cause : null
2024-11-29 23:10:27,029 [INFO] LogOutputStream:77 - [STDOUT_REDIRECT] 1 : Invalid condition id : UX_CORESTACK_Condition cause : null
2024-11-29 23:10:27,039 [WARN] PackLoader:240 - Cannot read IP mode file for STMicroelectronics.X-CUBE-AZRTOS-WL.2.0.0
2024-11-29 23:10:27,050 [WARN] PackLoader:240 - Cannot read IP mode file for STMicroelectronics.FP-SNS-MOTENV1.5.0.0
2024-11-29 23:10:27,063 [WARN] PackLoader:240 - Cannot read IP mode file for wolfSSL.I-CUBE-wolfMQTT.1.19.0
2024-11-29 23:10:27,075 [WARN] PackLoader:240 - Cannot read IP mode file for WES.I-CUBE-Cesium.1.3.0
2024-11-29 23:10:27,085 [WARN] PackLoader:240 - Cannot read IP mode file for STMicroelectronics.X-CUBE-BLE2.3.3.0
2024-11-29 23:10:27,098 [WARN] PackLoader:240 - Cannot read IP mode file for STMicroelectronics.X-CUBE-TCPP.4.1.0
2024-11-29 23:10:27,194 [WARN] PackLoader:240 - Cannot read IP mode file for STMicroelectronics.X-CUBE-AZRTOS-G0.1.1.0
2024-11-29 23:10:27,231 [WARN] PackLoader:240 - Cannot read IP mode file for STMicroelectronics.X-CUBE-SAFEA1.1.2.2
2024-11-29 23:10:27,247 [WARN] PackLoader:240 - Cannot read IP mode file for STMicroelectronics.X-CUBE-NFC4.3.0.0
2024-11-29 23:10:27,279 [WARN] PackLoader:240 - Cannot read IP mode file for EmbeddedOffice.I-CUBE-FS-RTOS.1.0.1
2024-11-29 23:10:27,280 [ERROR] ConditionMgr:805 - Attr not supported : Dmpu
2024-11-29 23:10:27,280 [ERROR] ConditionMgr:805 - Attr not supported : Dmpu
2024-11-29 23:10:27,280 [ERROR] ConditionMgr:805 - Attr not supported : Dmpu
2024-11-29 23:10:27,280 [ERROR] ConditionMgr:805 - Attr not supported : Dmpu
2024-11-29 23:10:27,280 [ERROR] ConditionMgr:805 - Attr not supported : Dmpu
2024-11-29 23:10:27,280 [ERROR] ConditionMgr:805 - Attr not supported : Dmpu
2024-11-29 23:10:27,280 [ERROR] ConditionMgr:805 - Attr not supported : Dmpu
2024-11-29 23:10:27,280 [ERROR] ConditionMgr:805 - Attr not supported : Dmpu
2024-11-29 23:10:27,280 [ERROR] ConditionMgr:805 - Attr not supported : Dmpu
2024-11-29 23:10:27,280 [ERROR] ConditionMgr:805 - Attr not supported : Dmpu
2024-11-29 23:10:27,281 [ERROR] ConditionMgr:805 - Attr not supported : Dmpu
2024-11-29 23:10:27,281 [ERROR] ConditionMgr:805 - Attr not supported : Dmpu
2024-11-29 23:10:27,281 [ERROR] ConditionMgr:805 - Attr not supported : Dmpu
2024-11-29 23:10:27,281 [ERROR] ConditionMgr:805 - Attr not supported : Dmpu
2024-11-29 23:10:27,281 [ERROR] ConditionMgr:805 - Attr not supported : Dmpu
2024-11-29 23:10:27,281 [ERROR] ConditionMgr:805 - Attr not supported : Dmpu
2024-11-29 23:10:27,282 [ERROR] ConditionMgr:805 - Attr not supported : Dmpu
2024-11-29 23:10:27,282 [ERROR] ConditionMgr:805 - Attr not supported : Dmpu
2024-11-29 23:10:27,282 [ERROR] ConditionMgr:805 - Attr not supported : Dmpu
2024-11-29 23:10:27,282 [ERROR] ConditionMgr:805 - Attr not supported : Dmpu
2024-11-29 23:10:27,282 [ERROR] ConditionMgr:805 - Attr not supported : Dmpu
2024-11-29 23:10:27,282 [ERROR] ConditionMgr:805 - Attr not supported : Dmpu
2024-11-29 23:10:27,283 [ERROR] ConditionMgr:805 - Attr not supported : Dmpu
2024-11-29 23:10:27,283 [ERROR] ConditionMgr:805 - Attr not supported : Dmpu
2024-11-29 23:10:27,283 [ERROR] ConditionMgr:805 - Attr not supported : Dmpu
2024-11-29 23:10:27,283 [ERROR] ConditionMgr:805 - Attr not supported : Dmpu
2024-11-29 23:10:27,283 [ERROR] ConditionMgr:805 - Attr not supported : Dmpu
2024-11-29 23:10:27,283 [ERROR] ConditionMgr:805 - Attr not supported : Dmpu
2024-11-29 23:10:27,283 [ERROR] ConditionMgr:805 - Attr not supported : Dmpu
2024-11-29 23:10:27,284 [ERROR] ConditionMgr:805 - Attr not supported : Dmpu
2024-11-29 23:10:27,284 [ERROR] ConditionMgr:805 - Attr not supported : Dmpu
2024-11-29 23:10:27,284 [ERROR] ConditionMgr:805 - Attr not supported : Dmpu
2024-11-29 23:10:27,284 [ERROR] ConditionMgr:805 - Attr not supported : Dmpu
2024-11-29 23:10:27,284 [ERROR] ConditionMgr:805 - Attr not supported : Dmpu
2024-11-29 23:10:27,284 [ERROR] ConditionMgr:805 - Attr not supported : Dmpu
2024-11-29 23:10:27,284 [ERROR] ConditionMgr:805 - Attr not supported : Dmpu
2024-11-29 23:10:27,284 [ERROR] ConditionMgr:805 - Attr not supported : Dmpu
2024-11-29 23:10:27,285 [ERROR] ConditionMgr:805 - Attr not supported : Dmpu
2024-11-29 23:10:27,285 [ERROR] ConditionMgr:805 - Attr not supported : Dmpu
2024-11-29 23:10:27,285 [ERROR] ConditionMgr:805 - Attr not supported : Dmpu
2024-11-29 23:10:27,285 [ERROR] ConditionMgr:805 - Attr not supported : Dmpu
2024-11-29 23:10:27,285 [ERROR] ConditionMgr:805 - Attr not supported : Dmpu
2024-11-29 23:10:27,285 [ERROR] ConditionMgr:805 - Attr not supported : Dmpu
2024-11-29 23:10:27,285 [ERROR] ConditionMgr:805 - Attr not supported : Dmpu
2024-11-29 23:10:27,285 [ERROR] ConditionMgr:805 - Attr not supported : Dmpu
2024-11-29 23:10:27,285 [ERROR] ConditionMgr:805 - Attr not supported : Dmpu
2024-11-29 23:10:27,286 [ERROR] ConditionMgr:805 - Attr not supported : Dmpu
2024-11-29 23:10:27,286 [ERROR] ConditionMgr:805 - Attr not supported : Dmpu
2024-11-29 23:10:27,286 [ERROR] ConditionMgr:805 - Attr not supported : Dmpu
2024-11-29 23:10:27,286 [ERROR] ConditionMgr:805 - Attr not supported : Dmpu
2024-11-29 23:10:27,286 [ERROR] ConditionMgr:805 - Attr not supported : Dmpu
2024-11-29 23:10:27,286 [ERROR] ConditionMgr:805 - Attr not supported : Dmpu
2024-11-29 23:10:27,286 [ERROR] ConditionMgr:805 - Attr not supported : Dmpu
2024-11-29 23:10:27,287 [ERROR] ConditionMgr:805 - Attr not supported : Dmpu
2024-11-29 23:10:27,287 [ERROR] ConditionMgr:805 - Attr not supported : Dmpu
2024-11-29 23:10:27,287 [ERROR] ConditionMgr:805 - Attr not supported : Dmpu
2024-11-29 23:10:27,287 [ERROR] ConditionMgr:805 - Attr not supported : Dmpu
2024-11-29 23:10:27,287 [ERROR] ConditionMgr:805 - Attr not supported : Dmpu
2024-11-29 23:10:27,287 [ERROR] ConditionMgr:805 - Attr not supported : Dmpu
2024-11-29 23:10:27,287 [ERROR] ConditionMgr:805 - Attr not supported : Dmpu
2024-11-29 23:10:27,287 [ERROR] ConditionMgr:805 - Attr not supported : Dmpu
2024-11-29 23:10:27,288 [ERROR] ConditionMgr:805 - Attr not supported : Dmpu
2024-11-29 23:10:27,288 [ERROR] ConditionMgr:805 - Attr not supported : Dmpu
2024-11-29 23:10:27,288 [ERROR] ConditionMgr:805 - Attr not supported : Dmpu
2024-11-29 23:10:27,295 [WARN] PackLoader:240 - Cannot read IP mode file for RealThread.X-CUBE-RT-Thread_Nano.4.1.1
2024-11-29 23:10:27,303 [WARN] PackLoader:240 - Cannot read IP mode file for STMicroelectronics.FP-ATR-SIGFOX1.3.2.0
2024-11-29 23:10:27,311 [WARN] ConditionMgr:438 - getConditionDescription Invalid condition id : Cortex-A Device cause : null
2024-11-29 23:10:27,336 [WARN] ConditionMgr:1039 - genDependencies : Invalid condition id : Cortex-A Device cause : null
2024-11-29 23:10:27,336 [WARN] ConditionMgr:1039 - genDependencies : Invalid condition id : Cortex-A Device cause : null
2024-11-29 23:10:27,336 [WARN] ConditionMgr:1039 - genDependencies : Invalid condition id : Cortex-A Device cause : null
2024-11-29 23:10:27,348 [WARN] PackLoader:240 - Cannot read IP mode file for STMicroelectronics.X-CUBE-EEPRMA1.5.1.0
2024-11-29 23:10:27,358 [WARN] PackLoader:240 - Cannot read IP mode file for wolfSSL.I-CUBE-wolfSSL.5.7.4
2024-11-29 23:10:27,370 [WARN] PackLoader:240 - Cannot read IP mode file for ITTIA_DB.I-CUBE-ITTIADB.8.9.0
2024-11-29 23:10:27,463 [WARN] PackLoader:240 - Cannot read IP mode file for SEGGER.I-CUBE-embOS.1.3.1
2024-11-29 23:10:27,559 [WARN] PackLoader:240 - Cannot read IP mode file for STMicroelectronics.X-CUBE-ALGOBUILD.1.4.0
2024-11-29 23:10:27,613 [WARN] PackLoader:240 - Cannot read IP mode file for STMicroelectronics.X-CUBE-AZRTOS-F4.1.1.0
2024-11-29 23:10:27,632 [WARN] PackLoader:240 - Cannot read IP mode file for STMicroelectronics.X-CUBE-FREERTOS.1.2.0
2024-11-29 23:10:27,657 [INFO] WebApp:167 - Instantiating new browser for Auth
2024-11-29 23:10:27,674 [WARN] PackLoader:240 - Cannot read IP mode file for STMicroelectronics.X-CUBE-AZRTOS-L5.2.0.0
2024-11-29 23:10:27,736 [WARN] PackLoader:240 - Cannot read IP mode file for STMicroelectronics.X-CUBE-NFC6.3.1.0
2024-11-29 23:10:27,768 [WARN] PackLoader:240 - Cannot read IP mode file for STMicroelectronics.X-CUBE-NFC7.1.0.1
2024-11-29 23:10:27,841 [WARN] ConditionMgr:438 - getConditionDescription Invalid condition id : LAN8742 Phy interface Condition cause : null
2024-11-29 23:10:27,843 [WARN] PackLoader:240 - Cannot read IP mode file for STMicroelectronics.X-CUBE-AZRTOS-L4.2.0.0
2024-11-29 23:10:27,845 [WARN] ConditionMgr:1039 - genDependencies : Invalid condition id : LAN8742 Phy interface Condition cause : null
2024-11-29 23:10:27,846 [WARN] ConditionMgr:1039 - genDependencies : Invalid condition id : LAN8742 Phy interface Condition cause : null
2024-11-29 23:10:27,847 [WARN] ConditionMgr:1039 - genDependencies : Invalid condition id : LAN8742 Phy interface Condition cause : null
2024-11-29 23:10:27,865 [WARN] PackLoader:240 - Cannot read IP mode file for STMicroelectronics.X-CUBE-SFXS2LP1.4.0.0
2024-11-29 23:10:27,917 [WARN] PackLoader:240 - Cannot read IP mode file for STMicroelectronics.X-CUBE-AZRTOS-H7.3.3.0
2024-11-29 23:10:27,949 [WARN] ConditionMgr:438 - getConditionDescription Invalid condition id : UX DEVICE CLASS RTOS Condition cause : null
2024-11-29 23:10:27,949 [WARN] ConditionMgr:438 - getConditionDescription Invalid condition id : UX DEVICE CLASS RTOS Condition cause : null
2024-11-29 23:10:27,953 [WARN] PackLoader:240 - Cannot read IP mode file for STMicroelectronics.X-CUBE-AZRTOS-WB.2.0.0
2024-11-29 23:10:27,954 [WARN] ConditionMgr:1039 - genDependencies : Invalid condition id : UX DEVICE CLASS RTOS Condition cause : null
2024-11-29 23:10:27,955 [WARN] ConditionMgr:1039 - genDependencies : Invalid condition id : UX DEVICE CLASS RTOS Condition cause : null
2024-11-29 23:10:27,955 [WARN] ConditionMgr:1039 - genDependencies : Invalid condition id : UX DEVICE CLASS RTOS Condition cause : null
2024-11-29 23:10:27,956 [WARN] ConditionMgr:1039 - genDependencies : Invalid condition id : UX DEVICE CLASS RTOS Condition cause : null
2024-11-29 23:10:27,956 [WARN] ConditionMgr:1039 - genDependencies : Invalid condition id : UX DEVICE CLASS RTOS Condition cause : null
2024-11-29 23:10:27,971 [WARN] PackLoader:240 - Cannot read IP mode file for STMicroelectronics.X-CUBE-SUBG2.5.0.0
2024-11-29 23:10:27,984 [WARN] PackLoader:240 - Cannot read IP mode file for Cesanta.I-CUBE-Mongoose.7.13.0
2024-11-29 23:10:28,006 [WARN] PackLoader:240 - Cannot read IP mode file for STMicroelectronics.X-CUBE-AZRTOS-G4.2.0.0
2024-11-29 23:10:28,013 [WARN] PackLoader:240 - Cannot read IP mode file for STMicroelectronics.X-CUBE-ALS.1.0.2
2024-11-29 23:10:28,017 [WARN] PackLoader:240 - Cannot read IP mode file for STMicroelectronics.X-CUBE-TOUCHGFX.4.24.1
2024-11-29 23:10:28,020 [WARN] PackLoader:240 - Cannot read IP mode file for wolfSSL.I-CUBE-wolfTPM.3.4.0
2024-11-29 23:10:28,025 [WARN] PackLoader:240 - Cannot read IP mode file for portGmbH.I-Cube-SoM-uGOAL.1.1.0
2024-11-29 23:10:28,054 [WARN] PackLoader:240 - Cannot read IP mode file for STMicroelectronics.X-CUBE-AZRTOS-H7RS.1.0.0
2024-11-29 23:10:28,062 [WARN] PackLoader:240 - Cannot read IP mode file for STMicroelectronics.FP-ATR-ASTRA1.2.0.0
2024-11-29 23:10:28,098 [WARN] PackLoader:240 - Cannot read IP mode file for Infineon.AIROC-Wi-Fi-Bluetooth-STM32.1.6.1
2024-11-29 23:10:28,109 [WARN] PackLoader:240 - Cannot read IP mode file for wolfSSL.I-CUBE-wolfSSH.1.4.17
2024-11-29 23:10:28,110 [INFO] ThirdParty:978 - Integrity check success = true
2024-11-29 23:10:28,110 [INFO] IntegrityCheckThread:100 - exiting critical section [integrity check]
2024-11-29 23:10:28,111 [INFO] IntegrityCheckThread:103 - End integrity checks thread
2024-11-29 23:10:29,208 [INFO] WebApp:448 - Apply proxy settings
2024-11-29 23:10:29,209 [INFO] WebApp:533 - Chromium requires no authentication
2024-11-29 23:10:29,217 [INFO] WebApp:476 - Direct internet connection detected
2024-11-29 23:10:29,246 [INFO] WebApp:869 - Register for checkConnection events
2024-11-29 23:10:29,247 [INFO] WebApp:448 - Apply proxy settings
2024-11-29 23:10:29,247 [INFO] WebApp:533 - Chromium requires no authentication
2024-11-29 23:10:29,248 [INFO] WebApp:476 - Direct internet connection detected
2024-11-29 23:10:29,560 [INFO] WebApp:220 - Starting web application
2024-11-29 23:10:29,561 [INFO] WebApp:578 - Web application path used /opt/st/stm32cubeide_1.16.0/plugins/com.st.stm32cube.common.mx_6.12.0.202406281431/db/plugins/mcufinder/reactClient1/index.html
2024-11-29 23:10:29,641 [INFO] WebApp:186 - Connection restablished
2024-11-29 23:39:41,427 [INFO] McuFinderGlobals:63 - Set McuFinder mode to 2 (CubeIDE integrated)
2024-11-29 23:39:41,434 [INFO] UserAuth:179 - activating auth plugin
2024-11-29 23:39:41,444 [INFO] UserAuth:417 - Internet connection configuration mode: 1
2024-11-29 23:43:41,513 [ERROR] LogOutputStream:75 - [STDERR_REDIRECT] 
