2024-12-04 19:06:56,965 [INFO] Activator:176 - 


2024-12-04 19:06:56,971 [INFO] Activator:177 - !SESSION log4j initialized
2024-12-04 19:07:03,150 [INFO] LogOutputStream:77 - [STDOUT_REDIRECT] 
2024-12-04 19:07:04,704 [INFO] ApplicationProperties:184 - Using Application install path: /opt/st/stm32cubeide_1.16.0/plugins/com.st.stm32cube.common.mx_6.12.0.202406281431
2024-12-04 19:07:04,723 [INFO] DbMcusXml:78 - Set database path to: /opt/st/stm32cubeide_1.16.0/plugins/com.st.stm32cube.common.mx_6.12.0.202406281431//db//mcu/
2024-12-04 19:07:04,724 [INFO] ApiDb:274 - Set plugin database path to: /opt/st/stm32cubeide_1.16.0/plugins/com.st.stm32cube.common.mx_6.12.0.202406281431//db//plugins/boardmanager/
2024-12-04 19:07:04,724 [WARN] ApiDb:259 - Overriding images path with different value:  => /opt/st/stm32cubeide_1.16.0/plugins/com.st.stm32cube.common.mx_6.12.0.202406281431//db//plugins/mcufinder/images/
2024-12-04 19:07:04,738 [INFO] ApiDb:250 - Set database path to: /home/gabriel/.stmcufinder/plugins/mcufinder//mcu/
2024-12-04 19:07:04,740 [INFO] DbMcusAds:125 - Set database path to: /home/gabriel/.stmcufinder/plugins/mcufinder//mcu/
2024-12-04 19:07:04,745 [INFO] CrossReferenceDbSqlite:203 - Set database path to: /home/gabriel/.stmcufinder/plugins/mcufinder//mcu/cs/
2024-12-04 19:07:04,900 [INFO] RulesReader:64 - Compatibility file has been processed (297 Rules)
2024-12-04 19:07:04,980 [INFO] DbMcusXml:78 - Set database path to: /opt/st/stm32cubeide_1.16.0/plugins/com.st.stm32cube.common.mx_6.12.0.202406281431//db//mcu/
2024-12-04 19:07:04,981 [INFO] ApiDb:274 - Set plugin database path to: /opt/st/stm32cubeide_1.16.0/plugins/com.st.stm32cube.common.mx_6.12.0.202406281431//db//plugins/boardmanager/
2024-12-04 19:07:04,981 [INFO] ApiDb:261 - Set plugin images path to: /opt/st/stm32cubeide_1.16.0/plugins/com.st.stm32cube.common.mx_6.12.0.202406281431//db//plugins/mcufinder/images/
2024-12-04 19:07:04,981 [WARN] DbFile:41 - Overriding database path with different value: /home/gabriel/.stmcufinder/plugins/mcufinder/ => /home/gabriel/.stmcufinder/plugins/mcufinder
2024-12-04 19:07:04,981 [INFO] ApiDb:250 - Set database path to: /home/gabriel/.stmcufinder/plugins/mcufinder//mcu/
2024-12-04 19:07:04,982 [WARN] DbFile:41 - Overriding database path with different value: /home/gabriel/.stmcufinder/plugins/mcufinder/ => /home/gabriel/.stmcufinder/plugins/mcufinder
2024-12-04 19:07:04,982 [INFO] DbMcusAds:125 - Set database path to: /home/gabriel/.stmcufinder/plugins/mcufinder//mcu/
2024-12-04 19:07:04,982 [WARN] DbFile:41 - Overriding database path with different value: /home/gabriel/.stmcufinder/plugins/mcufinder/ => /home/gabriel/.stmcufinder/plugins/mcufinder
2024-12-04 19:07:04,982 [WARN] DbFile:41 - Overriding database path with different value: /home/gabriel/.stmcufinder/plugins/mcufinder/ => /home/gabriel/.stmcufinder/plugins/mcufinder
2024-12-04 19:07:04,982 [INFO] CrossReferenceDbSqlite:203 - Set database path to: /home/gabriel/.stmcufinder/plugins/mcufinder//mcu/cs/
2024-12-04 19:07:05,087 [INFO] MainPanel:268 - HeapMemory: 268435456
2024-12-04 19:07:05,303 [INFO] DbMcusXml:78 - Set database path to: /opt/st/stm32cubeide_1.16.0/plugins/com.st.stm32cube.common.mx_6.12.0.202406281431//db//mcu/
2024-12-04 19:07:05,303 [INFO] ApiDb:274 - Set plugin database path to: /opt/st/stm32cubeide_1.16.0/plugins/com.st.stm32cube.common.mx_6.12.0.202406281431//db//plugins/boardmanager/
2024-12-04 19:07:05,303 [INFO] ApiDb:261 - Set plugin images path to: /opt/st/stm32cubeide_1.16.0/plugins/com.st.stm32cube.common.mx_6.12.0.202406281431//db//plugins/mcufinder/images/
2024-12-04 19:07:05,304 [WARN] DbFile:41 - Overriding database path with different value: /home/gabriel/.stmcufinder/plugins/mcufinder/ => /home/gabriel/.stmcufinder/plugins/mcufinder
2024-12-04 19:07:05,305 [INFO] ApiDb:250 - Set database path to: /home/gabriel/.stmcufinder/plugins/mcufinder//mcu/
2024-12-04 19:07:05,305 [WARN] DbFile:41 - Overriding database path with different value: /home/gabriel/.stmcufinder/plugins/mcufinder/ => /home/gabriel/.stmcufinder/plugins/mcufinder
2024-12-04 19:07:05,305 [INFO] DbMcusAds:125 - Set database path to: /home/gabriel/.stmcufinder/plugins/mcufinder//mcu/
2024-12-04 19:07:05,305 [WARN] DbFile:41 - Overriding database path with different value: /home/gabriel/.stmcufinder/plugins/mcufinder/ => /home/gabriel/.stmcufinder/plugins/mcufinder
2024-12-04 19:07:05,306 [WARN] DbFile:41 - Overriding database path with different value: /home/gabriel/.stmcufinder/plugins/mcufinder/ => /home/gabriel/.stmcufinder/plugins/mcufinder
2024-12-04 19:07:05,306 [INFO] CrossReferenceDbSqlite:203 - Set database path to: /home/gabriel/.stmcufinder/plugins/mcufinder//mcu/cs/
2024-12-04 19:07:05,330 [INFO] ApplicationProperties:184 - Using Application install path: /opt/st/stm32cubeide_1.16.0/plugins/com.st.stm32cube.common.mx_6.12.0.202406281431
2024-12-04 19:07:05,332 [INFO] PluginManage:196 - Search for loadable plugins [exclusion list=, ]
2024-12-04 19:07:05,334 [INFO] PluginManage:310 - Check plugin analytics
2024-12-04 19:07:05,612 [INFO] AnalyticsPlugin:253 - Accepted Software Licenses: 
2024-12-04 19:07:05,613 [INFO] AnalyticsPlugin:255 - Accepted CMSIS Pack Licenses: 
2024-12-04 19:07:05,613 [INFO] AnalyticsPlugin:257 - Accepted Firmware Licenses: 
2024-12-04 19:07:05,618 [INFO] PluginManage:359 - Loaded plugin analytics (category:tool,tabindex:-1)
2024-12-04 19:07:05,619 [INFO] PluginManage:310 - Check plugin cadmodel
2024-12-04 19:07:05,628 [INFO] CADModel:105 - Init CAD model plugin
2024-12-04 19:07:05,628 [INFO] PluginManage:359 - Loaded plugin cadmodel (category:power,tabindex:5)
2024-12-04 19:07:05,628 [INFO] PluginManage:310 - Check plugin clock
2024-12-04 19:07:05,644 [INFO] PluginManage:359 - Loaded plugin clock (category:base,tabindex:2)
2024-12-04 19:07:05,644 [INFO] PluginManage:310 - Check plugin ddr
2024-12-04 19:07:05,647 [INFO] PluginManage:359 - Loaded plugin ddr (category:tool,tabindex:6)
2024-12-04 19:07:05,648 [INFO] PluginManage:310 - Check plugin filemanager
2024-12-04 19:07:05,862 [INFO] PluginManage:359 - Loaded plugin filemanager (category:base,tabindex:10)
2024-12-04 19:07:05,862 [INFO] PluginManage:310 - Check plugin ipmanager
2024-12-04 19:07:05,871 [INFO] PluginManage:359 - Loaded plugin ipmanager (category:base,tabindex:5)
2024-12-04 19:07:05,871 [INFO] PluginManage:310 - Check plugin lpbam
2024-12-04 19:07:05,887 [INFO] PluginManage:359 - Loaded plugin lpbam (category:base,tabindex:0)
2024-12-04 19:07:05,887 [INFO] PluginManage:310 - Check plugin memorymap
2024-12-04 19:07:05,906 [INFO] PluginManage:359 - Loaded plugin memorymap (category:base,tabindex:4)
2024-12-04 19:07:05,906 [INFO] PluginManage:310 - Check plugin pinoutandconfiguration
2024-12-04 19:07:05,920 [INFO] PluginManage:359 - Loaded plugin pinoutandconfiguration (category:base,tabindex:1)
2024-12-04 19:07:05,920 [INFO] PluginManage:310 - Check plugin pinoutconfig
2024-12-04 19:07:06,045 [WARN] SupportedApi:132 - Cannot load RTOS API schema: s4s-elt-must-match.1: The content of 'definitions' must match (annotation?, (simpleType | complexType)?, (unique | key | keyref)*)). A problem was found starting at: attribute.
2024-12-04 19:07:06,250 [INFO] PluginManage:359 - Loaded plugin pinoutconfig (category:base,tabindex:0)
2024-12-04 19:07:06,251 [INFO] PluginManage:310 - Check plugin power
2024-12-04 19:07:06,265 [INFO] PluginManage:359 - Loaded plugin power (category:power,tabindex:4)
2024-12-04 19:07:06,265 [INFO] PluginManage:310 - Check plugin projectmanager
2024-12-04 19:07:06,290 [INFO] PluginManage:359 - Loaded plugin projectmanager (category:projectmanager,tabindex:4)
2024-12-04 19:07:06,291 [INFO] PluginManage:310 - Check plugin rif
2024-12-04 19:07:06,300 [INFO] PluginManage:359 - Loaded plugin rif (category:base,tabindex:3)
2024-12-04 19:07:06,300 [INFO] PluginManage:310 - Check plugin thirdparty
2024-12-04 19:07:06,492 [INFO] PluginManage:359 - Loaded plugin thirdparty (category:base,tabindex:-1)
2024-12-04 19:07:06,493 [WARN] IntegrityCheckThread:84 - waiting for thirdparty lock release [integrity check]
2024-12-04 19:07:06,493 [INFO] IntegrityCheckThread:86 - entering critical section [integrity check]
2024-12-04 19:07:06,494 [INFO] ThirdPartyUpdaterWithRetryManager:70 - Updater plugin not ready yet. [1/15]
2024-12-04 19:07:06,494 [INFO] PluginManage:310 - Check plugin tools
2024-12-04 19:07:06,498 [INFO] PluginManage:359 - Loaded plugin tools (category:base,tabindex:7)
2024-12-04 19:07:06,499 [INFO] PluginManage:310 - Check plugin tutovideos
2024-12-04 19:07:06,758 [INFO] PluginManage:359 - Loaded plugin tutovideos (category:base,tabindex:-1)
2024-12-04 19:07:06,759 [INFO] PluginManage:310 - Check plugin updater
2024-12-04 19:07:06,787 [INFO] PluginManage:359 - Loaded plugin updater (category:base,tabindex:12)
2024-12-04 19:07:06,787 [INFO] PluginManage:310 - Check plugin userauth
2024-12-04 19:07:06,795 [INFO] UserAuth:113 - Init User Auth plugin
2024-12-04 19:07:06,796 [INFO] PluginManage:359 - Loaded plugin userauth (category:base,tabindex:14)
2024-12-04 19:07:06,796 [INFO] PluginManage:283 - PluginManage : Loaded plugins [18]
2024-12-04 19:07:07,036 [INFO] PinOutPanel:1561 - setPackage(No Configuration,No Configuration)
2024-12-04 19:07:07,135 [INFO] CADModel:165 - CPN selected for project level
2024-12-04 19:07:07,135 [INFO] CADModel:114 - Register for checkConnection events
2024-12-04 19:07:07,149 [INFO] IPUIPlugin:80 - create IPUIPlugin
2024-12-04 19:07:07,149 [INFO] PluginManager:220 - loadIPPluginJar : add tracer_emb
2024-12-04 19:07:07,152 [INFO] IPUIPlugin:80 - create IPUIPlugin
2024-12-04 19:07:07,152 [INFO] PluginManager:220 - loadIPPluginJar : add ts
2024-12-04 19:07:07,166 [INFO] IPUIPlugin:80 - create IPUIPlugin
2024-12-04 19:07:07,167 [INFO] PluginManager:220 - loadIPPluginJar : add stm32_wpan
2024-12-04 19:07:07,173 [INFO] IPUIPlugin:80 - create IPUIPlugin
2024-12-04 19:07:07,173 [INFO] PluginManager:220 - loadIPPluginJar : add fmc
2024-12-04 19:07:07,177 [INFO] IPUIPlugin:80 - create IPUIPlugin
2024-12-04 19:07:07,178 [INFO] PluginManager:220 - loadIPPluginJar : add extmemmanager
2024-12-04 19:07:07,180 [INFO] IPUIPlugin:80 - create IPUIPlugin
2024-12-04 19:07:07,180 [INFO] PluginManager:220 - loadIPPluginJar : add fatfs
2024-12-04 19:07:07,191 [INFO] IPUIPlugin:80 - create IPUIPlugin
2024-12-04 19:07:07,196 [INFO] PluginManager:220 - loadIPPluginJar : add plateformsettings
2024-12-04 19:07:07,199 [INFO] IPUIPlugin:80 - create IPUIPlugin
2024-12-04 19:07:07,200 [INFO] PluginManager:220 - loadIPPluginJar : add dfsdm
2024-12-04 19:07:07,203 [INFO] IPUIPlugin:80 - create IPUIPlugin
2024-12-04 19:07:07,203 [INFO] PluginManager:220 - loadIPPluginJar : add lorawan
2024-12-04 19:07:07,206 [INFO] IPUIPlugin:80 - create IPUIPlugin
2024-12-04 19:07:07,206 [INFO] PluginManager:220 - loadIPPluginJar : add cryp
2024-12-04 19:07:07,208 [INFO] IPUIPlugin:80 - create IPUIPlugin
2024-12-04 19:07:07,208 [INFO] PluginManager:220 - loadIPPluginJar : add tim
2024-12-04 19:07:07,210 [INFO] IPUIPlugin:80 - create IPUIPlugin
2024-12-04 19:07:07,210 [INFO] PluginManager:220 - loadIPPluginJar : add genericplugin
2024-12-04 19:07:07,218 [INFO] IPUIPlugin:80 - create IPUIPlugin
2024-12-04 19:07:07,219 [INFO] PluginManager:220 - loadIPPluginJar : add gic
2024-12-04 19:07:07,224 [INFO] IPUIPlugin:80 - create IPUIPlugin
2024-12-04 19:07:07,224 [INFO] PluginManager:220 - loadIPPluginJar : add i3c
2024-12-04 19:07:07,228 [INFO] IPUIPlugin:80 - create IPUIPlugin
2024-12-04 19:07:07,228 [INFO] PluginManager:220 - loadIPPluginJar : add opamp
2024-12-04 19:07:07,238 [INFO] IPUIPlugin:80 - create IPUIPlugin
2024-12-04 19:07:07,238 [INFO] PluginManager:220 - loadIPPluginJar : add dma
2024-12-04 19:07:07,241 [INFO] IPUIPlugin:80 - create IPUIPlugin
2024-12-04 19:07:07,242 [INFO] PluginManager:220 - loadIPPluginJar : add hash
2024-12-04 19:07:07,246 [INFO] IPUIPlugin:80 - create IPUIPlugin
2024-12-04 19:07:07,246 [INFO] PluginManager:220 - loadIPPluginJar : add ipddr
2024-12-04 19:07:07,252 [INFO] IPUIPlugin:80 - create IPUIPlugin
2024-12-04 19:07:07,253 [INFO] PluginManager:220 - loadIPPluginJar : add gpio
2024-12-04 19:07:07,257 [INFO] IPUIPlugin:80 - create IPUIPlugin
2024-12-04 19:07:07,257 [INFO] PluginManager:220 - loadIPPluginJar : add gtzc
2024-12-04 19:07:07,259 [INFO] IPUIPlugin:80 - create IPUIPlugin
2024-12-04 19:07:07,260 [INFO] PluginManager:220 - loadIPPluginJar : add tsc
2024-12-04 19:07:07,262 [INFO] IPUIPlugin:80 - create IPUIPlugin
2024-12-04 19:07:07,262 [INFO] PluginManager:220 - loadIPPluginJar : add ucpd
2024-12-04 19:07:07,266 [INFO] IPUIPlugin:80 - create IPUIPlugin
2024-12-04 19:07:07,266 [INFO] PluginManager:220 - loadIPPluginJar : add can
2024-12-04 19:07:07,270 [INFO] IPUIPlugin:80 - create IPUIPlugin
2024-12-04 19:07:07,271 [INFO] PluginManager:220 - loadIPPluginJar : add i2c
2024-12-04 19:07:07,281 [INFO] IPUIPlugin:80 - create IPUIPlugin
2024-12-04 19:07:07,282 [INFO] PluginManager:220 - loadIPPluginJar : add linkedlist
2024-12-04 19:07:07,286 [INFO] IPUIPlugin:80 - create IPUIPlugin
2024-12-04 19:07:07,286 [INFO] PluginManager:220 - loadIPPluginJar : add usbx
2024-12-04 19:07:07,289 [INFO] IPUIPlugin:80 - create IPUIPlugin
2024-12-04 19:07:07,290 [INFO] PluginManager:220 - loadIPPluginJar : add aes
2024-12-04 19:07:07,293 [INFO] IPUIPlugin:80 - create IPUIPlugin
2024-12-04 19:07:07,293 [INFO] PluginManager:220 - loadIPPluginJar : add gfxmmu
2024-12-04 19:07:07,295 [INFO] IPUIPlugin:80 - create IPUIPlugin
2024-12-04 19:07:07,295 [INFO] PluginManager:220 - loadIPPluginJar : add quadspi
2024-12-04 19:07:07,299 [INFO] IPUIPlugin:80 - create IPUIPlugin
2024-12-04 19:07:07,299 [INFO] PluginManager:220 - loadIPPluginJar : add pdm2pcm
2024-12-04 19:07:07,302 [INFO] IPUIPlugin:80 - create IPUIPlugin
2024-12-04 19:07:07,303 [INFO] PluginManager:220 - loadIPPluginJar : add openamp
2024-12-04 19:07:07,306 [INFO] IPUIPlugin:80 - create IPUIPlugin
2024-12-04 19:07:07,306 [INFO] PluginManager:220 - loadIPPluginJar : add sai
2024-12-04 19:07:07,309 [INFO] IPUIPlugin:80 - create IPUIPlugin
2024-12-04 19:07:07,310 [INFO] PluginManager:220 - loadIPPluginJar : add usart
2024-12-04 19:07:07,317 [INFO] IPUIPlugin:80 - create IPUIPlugin
2024-12-04 19:07:07,317 [INFO] PluginManager:220 - loadIPPluginJar : add freertos
2024-12-04 19:07:07,322 [INFO] IPUIPlugin:80 - create IPUIPlugin
2024-12-04 19:07:07,323 [INFO] PluginManager:220 - loadIPPluginJar : add nvic
2024-12-04 19:07:07,325 [INFO] IPUIPlugin:80 - create IPUIPlugin
2024-12-04 19:07:07,325 [INFO] PluginManager:220 - loadIPPluginJar : add i2s
2024-12-04 19:07:07,334 [INFO] IPUIPlugin:80 - create IPUIPlugin
2024-12-04 19:07:07,334 [INFO] PluginManager:220 - loadIPPluginJar : add adc
2024-12-04 19:07:07,335 [INFO] IPUIPlugin:80 - create IPUIPlugin
2024-12-04 19:07:07,336 [INFO] PluginManager:220 - loadIPPluginJar : add ltdc
2024-12-04 19:07:07,337 [INFO] IPUIPlugin:80 - create IPUIPlugin
2024-12-04 19:07:07,338 [INFO] PluginManager:220 - loadIPPluginJar : add radio
2024-12-04 19:07:07,339 [INFO] IPUIPlugin:80 - create IPUIPlugin
2024-12-04 19:07:07,339 [INFO] PluginManager:220 - loadIPPluginJar : add comp
2024-12-04 19:07:07,341 [INFO] IPUIPlugin:80 - create IPUIPlugin
2024-12-04 19:07:07,341 [INFO] PluginManager:220 - loadIPPluginJar : add dma3
2024-12-04 19:07:07,345 [INFO] IPUIPlugin:80 - create IPUIPlugin
2024-12-04 19:07:07,345 [INFO] PluginManager:220 - loadIPPluginJar : add ddr_ctrl_phy
2024-12-04 19:07:07,349 [INFO] IPUIPlugin:80 - create IPUIPlugin
2024-12-04 19:07:07,349 [INFO] PluginManager:220 - loadIPPluginJar : add resmgrutility
2024-12-04 19:07:07,351 [INFO] IPUIPlugin:80 - create IPUIPlugin
2024-12-04 19:07:07,351 [INFO] PluginManager:220 - loadIPPluginJar : add spi
2024-12-04 19:07:07,357 [INFO] IPUIPlugin:80 - create IPUIPlugin
2024-12-04 19:07:07,358 [INFO] PluginManager:220 - loadIPPluginJar : add mdma
2024-12-04 19:07:07,361 [INFO] IPUIPlugin:80 - create IPUIPlugin
2024-12-04 19:07:07,361 [INFO] PluginManager:220 - loadIPPluginJar : add touchsensing
2024-12-04 19:07:07,470 [INFO] CADModel:165 - CPN selected for project level
2024-12-04 19:07:07,470 [INFO] CADModel:114 - Register for checkConnection events
2024-12-04 19:07:07,470 [FATAL] Updater:334 - Updater called before beeing initialized
2024-12-04 19:07:07,470 [ERROR] CADModel:125 - Updater not yet initialized, retry later 
2024-12-04 19:07:07,640 [INFO] CADModel:165 - CPN selected for project level
2024-12-04 19:07:07,641 [INFO] CADModel:114 - Register for checkConnection events
2024-12-04 19:07:07,641 [FATAL] Updater:334 - Updater called before beeing initialized
2024-12-04 19:07:07,641 [ERROR] CADModel:125 - Updater not yet initialized, retry later 
2024-12-04 19:07:07,646 [FATAL] Updater:334 - Updater called before beeing initialized
2024-12-04 19:07:07,766 [FATAL] Updater:334 - Updater called before beeing initialized
2024-12-04 19:07:07,772 [INFO] DbMcusAds:53 - JSON generation date=Fri Sep 20 10:04:38 ART 2024 (1726837478367)
2024-12-04 19:07:07,773 [FATAL] Updater:334 - Updater called before beeing initialized
2024-12-04 19:07:07,826 [WARN] DetailPanel:346 - Failed to get advertising image, set to default
2024-12-04 19:07:07,955 [FATAL] Updater:334 - Updater called before beeing initialized
2024-12-04 19:07:07,957 [FATAL] Updater:334 - Updater called before beeing initialized
2024-12-04 19:07:07,957 [FATAL] Updater:334 - Updater called before beeing initialized
2024-12-04 19:07:07,957 [WARN] DetailPanel:346 - Failed to get advertising image, set to default
2024-12-04 19:07:07,958 [FATAL] Updater:334 - Updater called before beeing initialized
2024-12-04 19:07:08,010 [ERROR] Updater:1164 - MainUpdater not yet initialized. External WinMGr cannot be set.
2024-12-04 19:07:08,013 [INFO] Updater:1100 - Updater Version found : 6.12.0
2024-12-04 19:07:08,043 [INFO] ApplicationProperties:184 - Using Application install path: /opt/st/stm32cubeide_1.16.0/plugins/com.st.stm32cube.common.mx_6.12.0.202406281431
2024-12-04 19:07:08,401 [INFO] MainUpdater:2873 - connection check result : 10
2024-12-04 19:07:08,402 [INFO] MainUpdater:3567 - Updater definition file requires update
2024-12-04 19:07:08,402 [INFO] MainUpdater:290 - Updater Check For Update Now.
2024-12-04 19:07:08,402 [INFO] MicroXplorer:498 - Change Database Version : DB.6.0.120
2024-12-04 19:07:08,409 [INFO] McuFinderGlobals:63 - Set McuFinder mode to 2 (CubeIDE integrated)
2024-12-04 19:07:08,409 [INFO] UserAuth:179 - activating auth plugin
2024-12-04 19:07:08,412 [INFO] UserAuth:417 - Internet connection configuration mode: 1
2024-12-04 19:07:08,426 [INFO] ServerAccessManage:473 - Download File updaters.zip
2024-12-04 19:07:08,432 [INFO] JxBrowserEngine:152 - Initiate JxBrowser Engine with user profile folder
2024-12-04 19:07:08,518 [INFO] FileExtend:240 - Unzip File : updaters.zip
2024-12-04 19:07:08,518 [INFO] FileExtend:255 - Standard Zip Deflate
2024-12-04 19:07:08,686 [INFO] ServerAccessManage:473 - Download File PacksControlFlags.xml
2024-12-04 19:07:08,771 [INFO] ServerAccessManage:473 - Download File cubemx.pidx
2024-12-04 19:07:08,943 [INFO] LoadServerUpdatesThread:375 - End of LoadServerUpdate Thread
2024-12-04 19:07:09,166 [INFO] CheckServerUpdateThread:120 - End of CheckServer Thread
2024-12-04 19:07:09,814 [WARN] PackLoader:240 - Cannot read IP mode file for STMicroelectronics.FP-SNS-MOTENVWB1.1.4.0
2024-12-04 19:07:09,831 [WARN] PackLoader:240 - Cannot read IP mode file for STMicroelectronics.FP-ATR-ASTRA1.2.0.1
2024-12-04 19:07:09,843 [WARN] PackLoader:240 - Cannot read IP mode file for STMicroelectronics.X-CUBE-SMBUS.2.1.0
2024-12-04 19:07:09,869 [WARN] PackLoader:240 - Cannot read IP mode file for STMicroelectronics.X-CUBE-WB05N.1.1.0
2024-12-04 19:07:09,978 [WARN] PackLoader:240 - Cannot read IP mode file for STMicroelectronics.X-CUBE-AZRTOS-F7.1.1.0
2024-12-04 19:07:10,002 [WARN] PackLoader:240 - Cannot read IP mode file for STMicroelectronics.FP-SNS-FLIGHT1.5.0.2
2024-12-04 19:07:10,029 [WARN] PackLoader:240 - Cannot read IP mode file for STMicroelectronics.X-CUBE-DISPLAY.3.0.0
2024-12-04 19:07:10,067 [WARN] PackLoader:240 - Cannot read IP mode file for STMicroelectronics.X-CUBE-BLE1.7.0.0
2024-12-04 19:07:10,078 [WARN] PackLoader:240 - Cannot read IP mode file for emotas.I-CUBE-CANOPEN.1.3.0
2024-12-04 19:07:10,101 [WARN] PackLoader:240 - Cannot read IP mode file for STMicroelectronics.X-CUBE-BLEMGR.3.1.0
2024-12-04 19:07:10,117 [WARN] PackLoader:240 - Cannot read IP mode file for STMicroelectronics.FP-SNS-SMARTAG2.1.2.0
2024-12-04 19:07:10,136 [INFO] LogOutputStream:77 - [STDOUT_REDIRECT] 1 : Invalid condition id : UX_CORESTACK_Condition cause : null
2024-12-04 19:07:10,137 [INFO] LogOutputStream:77 - [STDOUT_REDIRECT] 1 : Invalid condition id : UX_CORESTACK_Condition cause : null
2024-12-04 19:07:10,137 [INFO] LogOutputStream:77 - [STDOUT_REDIRECT] 1 : Invalid condition id : UX_CORESTACK_Condition cause : null
2024-12-04 19:07:10,138 [INFO] LogOutputStream:77 - [STDOUT_REDIRECT] 1 : Invalid condition id : UX_CORESTACK_Condition cause : null
2024-12-04 19:07:10,139 [INFO] LogOutputStream:77 - [STDOUT_REDIRECT] 1 : Invalid condition id : UX_CORESTACK_Condition cause : null
2024-12-04 19:07:10,148 [WARN] PackLoader:240 - Cannot read IP mode file for STMicroelectronics.X-CUBE-AZRTOS-WL.2.0.0
2024-12-04 19:07:10,158 [WARN] PackLoader:240 - Cannot read IP mode file for STMicroelectronics.FP-SNS-MOTENV1.5.0.0
2024-12-04 19:07:10,167 [WARN] PackLoader:240 - Cannot read IP mode file for wolfSSL.I-CUBE-wolfMQTT.1.19.0
2024-12-04 19:07:10,186 [WARN] PackLoader:240 - Cannot read IP mode file for WES.I-CUBE-Cesium.1.3.0
2024-12-04 19:07:10,204 [WARN] PackLoader:240 - Cannot read IP mode file for STMicroelectronics.X-CUBE-BLE2.3.3.0
2024-12-04 19:07:10,231 [WARN] PackLoader:240 - Cannot read IP mode file for STMicroelectronics.X-CUBE-TCPP.4.1.0
2024-12-04 19:07:10,292 [WARN] PackLoader:240 - Cannot read IP mode file for STMicroelectronics.X-CUBE-AZRTOS-G0.1.1.0
2024-12-04 19:07:10,308 [WARN] PackLoader:240 - Cannot read IP mode file for STMicroelectronics.X-CUBE-SAFEA1.1.2.2
2024-12-04 19:07:10,323 [WARN] PackLoader:240 - Cannot read IP mode file for STMicroelectronics.X-CUBE-NFC4.3.0.0
2024-12-04 19:07:10,354 [WARN] PackLoader:240 - Cannot read IP mode file for EmbeddedOffice.I-CUBE-FS-RTOS.1.0.1
2024-12-04 19:07:10,354 [ERROR] ConditionMgr:805 - Attr not supported : Dmpu
2024-12-04 19:07:10,354 [ERROR] ConditionMgr:805 - Attr not supported : Dmpu
2024-12-04 19:07:10,354 [ERROR] ConditionMgr:805 - Attr not supported : Dmpu
2024-12-04 19:07:10,355 [ERROR] ConditionMgr:805 - Attr not supported : Dmpu
2024-12-04 19:07:10,355 [ERROR] ConditionMgr:805 - Attr not supported : Dmpu
2024-12-04 19:07:10,355 [ERROR] ConditionMgr:805 - Attr not supported : Dmpu
2024-12-04 19:07:10,355 [ERROR] ConditionMgr:805 - Attr not supported : Dmpu
2024-12-04 19:07:10,355 [ERROR] ConditionMgr:805 - Attr not supported : Dmpu
2024-12-04 19:07:10,355 [ERROR] ConditionMgr:805 - Attr not supported : Dmpu
2024-12-04 19:07:10,355 [ERROR] ConditionMgr:805 - Attr not supported : Dmpu
2024-12-04 19:07:10,356 [ERROR] ConditionMgr:805 - Attr not supported : Dmpu
2024-12-04 19:07:10,356 [ERROR] ConditionMgr:805 - Attr not supported : Dmpu
2024-12-04 19:07:10,356 [ERROR] ConditionMgr:805 - Attr not supported : Dmpu
2024-12-04 19:07:10,356 [ERROR] ConditionMgr:805 - Attr not supported : Dmpu
2024-12-04 19:07:10,356 [ERROR] ConditionMgr:805 - Attr not supported : Dmpu
2024-12-04 19:07:10,356 [ERROR] ConditionMgr:805 - Attr not supported : Dmpu
2024-12-04 19:07:10,356 [ERROR] ConditionMgr:805 - Attr not supported : Dmpu
2024-12-04 19:07:10,356 [ERROR] ConditionMgr:805 - Attr not supported : Dmpu
2024-12-04 19:07:10,357 [ERROR] ConditionMgr:805 - Attr not supported : Dmpu
2024-12-04 19:07:10,357 [ERROR] ConditionMgr:805 - Attr not supported : Dmpu
2024-12-04 19:07:10,357 [ERROR] ConditionMgr:805 - Attr not supported : Dmpu
2024-12-04 19:07:10,357 [ERROR] ConditionMgr:805 - Attr not supported : Dmpu
2024-12-04 19:07:10,357 [ERROR] ConditionMgr:805 - Attr not supported : Dmpu
2024-12-04 19:07:10,357 [ERROR] ConditionMgr:805 - Attr not supported : Dmpu
2024-12-04 19:07:10,357 [ERROR] ConditionMgr:805 - Attr not supported : Dmpu
2024-12-04 19:07:10,358 [ERROR] ConditionMgr:805 - Attr not supported : Dmpu
2024-12-04 19:07:10,358 [ERROR] ConditionMgr:805 - Attr not supported : Dmpu
2024-12-04 19:07:10,358 [ERROR] ConditionMgr:805 - Attr not supported : Dmpu
2024-12-04 19:07:10,358 [ERROR] ConditionMgr:805 - Attr not supported : Dmpu
2024-12-04 19:07:10,358 [ERROR] ConditionMgr:805 - Attr not supported : Dmpu
2024-12-04 19:07:10,358 [ERROR] ConditionMgr:805 - Attr not supported : Dmpu
2024-12-04 19:07:10,358 [ERROR] ConditionMgr:805 - Attr not supported : Dmpu
2024-12-04 19:07:10,359 [ERROR] ConditionMgr:805 - Attr not supported : Dmpu
2024-12-04 19:07:10,359 [ERROR] ConditionMgr:805 - Attr not supported : Dmpu
2024-12-04 19:07:10,359 [ERROR] ConditionMgr:805 - Attr not supported : Dmpu
2024-12-04 19:07:10,359 [ERROR] ConditionMgr:805 - Attr not supported : Dmpu
2024-12-04 19:07:10,359 [ERROR] ConditionMgr:805 - Attr not supported : Dmpu
2024-12-04 19:07:10,360 [ERROR] ConditionMgr:805 - Attr not supported : Dmpu
2024-12-04 19:07:10,361 [ERROR] ConditionMgr:805 - Attr not supported : Dmpu
2024-12-04 19:07:10,361 [ERROR] ConditionMgr:805 - Attr not supported : Dmpu
2024-12-04 19:07:10,361 [ERROR] ConditionMgr:805 - Attr not supported : Dmpu
2024-12-04 19:07:10,361 [ERROR] ConditionMgr:805 - Attr not supported : Dmpu
2024-12-04 19:07:10,361 [ERROR] ConditionMgr:805 - Attr not supported : Dmpu
2024-12-04 19:07:10,361 [ERROR] ConditionMgr:805 - Attr not supported : Dmpu
2024-12-04 19:07:10,362 [ERROR] ConditionMgr:805 - Attr not supported : Dmpu
2024-12-04 19:07:10,362 [ERROR] ConditionMgr:805 - Attr not supported : Dmpu
2024-12-04 19:07:10,362 [ERROR] ConditionMgr:805 - Attr not supported : Dmpu
2024-12-04 19:07:10,362 [ERROR] ConditionMgr:805 - Attr not supported : Dmpu
2024-12-04 19:07:10,363 [ERROR] ConditionMgr:805 - Attr not supported : Dmpu
2024-12-04 19:07:10,363 [ERROR] ConditionMgr:805 - Attr not supported : Dmpu
2024-12-04 19:07:10,363 [ERROR] ConditionMgr:805 - Attr not supported : Dmpu
2024-12-04 19:07:10,364 [ERROR] ConditionMgr:805 - Attr not supported : Dmpu
2024-12-04 19:07:10,364 [ERROR] ConditionMgr:805 - Attr not supported : Dmpu
2024-12-04 19:07:10,364 [ERROR] ConditionMgr:805 - Attr not supported : Dmpu
2024-12-04 19:07:10,364 [ERROR] ConditionMgr:805 - Attr not supported : Dmpu
2024-12-04 19:07:10,364 [ERROR] ConditionMgr:805 - Attr not supported : Dmpu
2024-12-04 19:07:10,364 [ERROR] ConditionMgr:805 - Attr not supported : Dmpu
2024-12-04 19:07:10,365 [ERROR] ConditionMgr:805 - Attr not supported : Dmpu
2024-12-04 19:07:10,366 [ERROR] ConditionMgr:805 - Attr not supported : Dmpu
2024-12-04 19:07:10,366 [ERROR] ConditionMgr:805 - Attr not supported : Dmpu
2024-12-04 19:07:10,367 [ERROR] ConditionMgr:805 - Attr not supported : Dmpu
2024-12-04 19:07:10,367 [ERROR] ConditionMgr:805 - Attr not supported : Dmpu
2024-12-04 19:07:10,367 [ERROR] ConditionMgr:805 - Attr not supported : Dmpu
2024-12-04 19:07:10,367 [ERROR] ConditionMgr:805 - Attr not supported : Dmpu
2024-12-04 19:07:10,379 [WARN] PackLoader:240 - Cannot read IP mode file for RealThread.X-CUBE-RT-Thread_Nano.4.1.1
2024-12-04 19:07:10,389 [WARN] PackLoader:240 - Cannot read IP mode file for STMicroelectronics.FP-ATR-SIGFOX1.3.2.0
2024-12-04 19:07:10,395 [WARN] ConditionMgr:438 - getConditionDescription Invalid condition id : Cortex-A Device cause : null
2024-12-04 19:07:10,414 [WARN] ConditionMgr:1039 - genDependencies : Invalid condition id : Cortex-A Device cause : null
2024-12-04 19:07:10,414 [WARN] ConditionMgr:1039 - genDependencies : Invalid condition id : Cortex-A Device cause : null
2024-12-04 19:07:10,414 [WARN] ConditionMgr:1039 - genDependencies : Invalid condition id : Cortex-A Device cause : null
2024-12-04 19:07:10,432 [WARN] PackLoader:240 - Cannot read IP mode file for STMicroelectronics.X-CUBE-EEPRMA1.5.1.0
2024-12-04 19:07:10,459 [WARN] PackLoader:240 - Cannot read IP mode file for wolfSSL.I-CUBE-wolfSSL.5.7.4
2024-12-04 19:07:10,473 [WARN] PackLoader:240 - Cannot read IP mode file for ITTIA_DB.I-CUBE-ITTIADB.8.9.0
2024-12-04 19:07:10,548 [WARN] PackLoader:240 - Cannot read IP mode file for SEGGER.I-CUBE-embOS.1.3.1
2024-12-04 19:07:10,689 [WARN] PackLoader:240 - Cannot read IP mode file for STMicroelectronics.X-CUBE-ALGOBUILD.1.4.0
2024-12-04 19:07:10,721 [WARN] PackLoader:240 - Cannot read IP mode file for STMicroelectronics.X-CUBE-AZRTOS-F4.1.1.0
2024-12-04 19:07:10,736 [WARN] PackLoader:240 - Cannot read IP mode file for STMicroelectronics.X-CUBE-FREERTOS.1.2.0
2024-12-04 19:07:10,767 [WARN] PackLoader:240 - Cannot read IP mode file for STMicroelectronics.X-CUBE-AZRTOS-L5.2.0.0
2024-12-04 19:07:10,795 [WARN] PackLoader:240 - Cannot read IP mode file for STMicroelectronics.X-CUBE-NFC6.3.1.0
2024-12-04 19:07:10,807 [WARN] PackLoader:240 - Cannot read IP mode file for STMicroelectronics.X-CUBE-NFC7.1.0.1
2024-12-04 19:07:10,847 [WARN] ConditionMgr:438 - getConditionDescription Invalid condition id : LAN8742 Phy interface Condition cause : null
2024-12-04 19:07:10,848 [WARN] PackLoader:240 - Cannot read IP mode file for STMicroelectronics.X-CUBE-AZRTOS-L4.2.0.0
2024-12-04 19:07:10,850 [WARN] ConditionMgr:1039 - genDependencies : Invalid condition id : LAN8742 Phy interface Condition cause : null
2024-12-04 19:07:10,851 [WARN] ConditionMgr:1039 - genDependencies : Invalid condition id : LAN8742 Phy interface Condition cause : null
2024-12-04 19:07:10,852 [WARN] ConditionMgr:1039 - genDependencies : Invalid condition id : LAN8742 Phy interface Condition cause : null
2024-12-04 19:07:10,869 [WARN] PackLoader:240 - Cannot read IP mode file for STMicroelectronics.X-CUBE-SFXS2LP1.4.0.0
2024-12-04 19:07:10,915 [WARN] PackLoader:240 - Cannot read IP mode file for STMicroelectronics.X-CUBE-AZRTOS-H7.3.3.0
2024-12-04 19:07:10,944 [WARN] ConditionMgr:438 - getConditionDescription Invalid condition id : UX DEVICE CLASS RTOS Condition cause : null
2024-12-04 19:07:10,945 [WARN] ConditionMgr:438 - getConditionDescription Invalid condition id : UX DEVICE CLASS RTOS Condition cause : null
2024-12-04 19:07:10,949 [WARN] PackLoader:240 - Cannot read IP mode file for STMicroelectronics.X-CUBE-AZRTOS-WB.2.0.0
2024-12-04 19:07:10,950 [WARN] ConditionMgr:1039 - genDependencies : Invalid condition id : UX DEVICE CLASS RTOS Condition cause : null
2024-12-04 19:07:10,951 [WARN] ConditionMgr:1039 - genDependencies : Invalid condition id : UX DEVICE CLASS RTOS Condition cause : null
2024-12-04 19:07:10,951 [WARN] ConditionMgr:1039 - genDependencies : Invalid condition id : UX DEVICE CLASS RTOS Condition cause : null
2024-12-04 19:07:10,952 [WARN] ConditionMgr:1039 - genDependencies : Invalid condition id : UX DEVICE CLASS RTOS Condition cause : null
2024-12-04 19:07:10,952 [WARN] ConditionMgr:1039 - genDependencies : Invalid condition id : UX DEVICE CLASS RTOS Condition cause : null
2024-12-04 19:07:10,968 [WARN] PackLoader:240 - Cannot read IP mode file for STMicroelectronics.X-CUBE-SUBG2.5.0.0
2024-12-04 19:07:10,983 [WARN] PackLoader:240 - Cannot read IP mode file for Cesanta.I-CUBE-Mongoose.7.13.0
2024-12-04 19:07:11,004 [INFO] WebApp:167 - Instantiating new browser for Auth
2024-12-04 19:07:11,007 [WARN] PackLoader:240 - Cannot read IP mode file for STMicroelectronics.X-CUBE-AZRTOS-G4.2.0.0
2024-12-04 19:07:11,016 [WARN] PackLoader:240 - Cannot read IP mode file for STMicroelectronics.X-CUBE-ALS.1.0.2
2024-12-04 19:07:11,022 [WARN] PackLoader:240 - Cannot read IP mode file for STMicroelectronics.X-CUBE-TOUCHGFX.4.24.1
2024-12-04 19:07:11,028 [WARN] PackLoader:240 - Cannot read IP mode file for wolfSSL.I-CUBE-wolfTPM.3.4.0
2024-12-04 19:07:11,035 [WARN] PackLoader:240 - Cannot read IP mode file for portGmbH.I-Cube-SoM-uGOAL.1.1.0
2024-12-04 19:07:11,070 [WARN] PackLoader:240 - Cannot read IP mode file for STMicroelectronics.X-CUBE-AZRTOS-H7RS.1.0.0
2024-12-04 19:07:11,083 [WARN] PackLoader:240 - Cannot read IP mode file for STMicroelectronics.FP-ATR-ASTRA1.2.0.0
2024-12-04 19:07:11,117 [WARN] PackLoader:240 - Cannot read IP mode file for Infineon.AIROC-Wi-Fi-Bluetooth-STM32.1.6.1
2024-12-04 19:07:11,127 [WARN] PackLoader:240 - Cannot read IP mode file for wolfSSL.I-CUBE-wolfSSH.1.4.17
2024-12-04 19:07:11,128 [INFO] ThirdParty:978 - Integrity check success = true
2024-12-04 19:07:11,128 [INFO] IntegrityCheckThread:100 - exiting critical section [integrity check]
2024-12-04 19:07:11,128 [INFO] IntegrityCheckThread:103 - End integrity checks thread
2024-12-04 19:07:12,450 [INFO] WebApp:448 - Apply proxy settings
2024-12-04 19:07:12,451 [INFO] WebApp:533 - Chromium requires no authentication
2024-12-04 19:07:12,465 [INFO] WebApp:476 - Direct internet connection detected
2024-12-04 19:07:12,492 [INFO] WebApp:869 - Register for checkConnection events
2024-12-04 19:07:12,492 [INFO] WebApp:448 - Apply proxy settings
2024-12-04 19:07:12,492 [INFO] WebApp:533 - Chromium requires no authentication
2024-12-04 19:07:12,493 [INFO] WebApp:476 - Direct internet connection detected
2024-12-04 19:07:12,677 [INFO] WebApp:220 - Starting web application
2024-12-04 19:07:12,677 [INFO] WebApp:578 - Web application path used /opt/st/stm32cubeide_1.16.0/plugins/com.st.stm32cube.common.mx_6.12.0.202406281431/db/plugins/mcufinder/reactClient1/index.html
2024-12-04 19:07:12,947 [INFO] WebApp:186 - Connection restablished
