2024-11-27 19:09:59,296 [INFO] Activator:176 - 


2024-11-27 19:09:59,304 [INFO] Activator:177 - !SESSION log4j initialized
2024-11-27 19:10:05,970 [INFO] LogOutputStream:77 - [STDOUT_REDIRECT] 
2024-11-27 19:10:07,760 [INFO] ApplicationProperties:184 - Using Application install path: /opt/st/stm32cubeide_1.16.0/plugins/com.st.stm32cube.common.mx_6.12.0.202406281431
2024-11-27 19:10:07,780 [INFO] DbMcusXml:78 - Set database path to: /opt/st/stm32cubeide_1.16.0/plugins/com.st.stm32cube.common.mx_6.12.0.202406281431//db//mcu/
2024-11-27 19:10:07,781 [INFO] ApiDb:274 - Set plugin database path to: /opt/st/stm32cubeide_1.16.0/plugins/com.st.stm32cube.common.mx_6.12.0.202406281431//db//plugins/boardmanager/
2024-11-27 19:10:07,781 [WARN] ApiDb:259 - Overriding images path with different value:  => /opt/st/stm32cubeide_1.16.0/plugins/com.st.stm32cube.common.mx_6.12.0.202406281431//db//plugins/mcufinder/images/
2024-11-27 19:10:07,793 [INFO] ApiDb:250 - Set database path to: /home/gabriel/.stmcufinder/plugins/mcufinder//mcu/
2024-11-27 19:10:07,795 [INFO] DbMcusAds:125 - Set database path to: /home/gabriel/.stmcufinder/plugins/mcufinder//mcu/
2024-11-27 19:10:07,798 [INFO] CrossReferenceDbSqlite:203 - Set database path to: /home/gabriel/.stmcufinder/plugins/mcufinder//mcu/cs/
2024-11-27 19:10:07,972 [INFO] RulesReader:64 - Compatibility file has been processed (297 Rules)
2024-11-27 19:10:08,088 [INFO] DbMcusXml:78 - Set database path to: /opt/st/stm32cubeide_1.16.0/plugins/com.st.stm32cube.common.mx_6.12.0.202406281431//db//mcu/
2024-11-27 19:10:08,088 [INFO] ApiDb:274 - Set plugin database path to: /opt/st/stm32cubeide_1.16.0/plugins/com.st.stm32cube.common.mx_6.12.0.202406281431//db//plugins/boardmanager/
2024-11-27 19:10:08,089 [INFO] ApiDb:261 - Set plugin images path to: /opt/st/stm32cubeide_1.16.0/plugins/com.st.stm32cube.common.mx_6.12.0.202406281431//db//plugins/mcufinder/images/
2024-11-27 19:10:08,089 [WARN] DbFile:41 - Overriding database path with different value: /home/gabriel/.stmcufinder/plugins/mcufinder/ => /home/gabriel/.stmcufinder/plugins/mcufinder
2024-11-27 19:10:08,089 [INFO] ApiDb:250 - Set database path to: /home/gabriel/.stmcufinder/plugins/mcufinder//mcu/
2024-11-27 19:10:08,090 [WARN] DbFile:41 - Overriding database path with different value: /home/gabriel/.stmcufinder/plugins/mcufinder/ => /home/gabriel/.stmcufinder/plugins/mcufinder
2024-11-27 19:10:08,090 [INFO] DbMcusAds:125 - Set database path to: /home/gabriel/.stmcufinder/plugins/mcufinder//mcu/
2024-11-27 19:10:08,090 [WARN] DbFile:41 - Overriding database path with different value: /home/gabriel/.stmcufinder/plugins/mcufinder/ => /home/gabriel/.stmcufinder/plugins/mcufinder
2024-11-27 19:10:08,090 [WARN] DbFile:41 - Overriding database path with different value: /home/gabriel/.stmcufinder/plugins/mcufinder/ => /home/gabriel/.stmcufinder/plugins/mcufinder
2024-11-27 19:10:08,090 [INFO] CrossReferenceDbSqlite:203 - Set database path to: /home/gabriel/.stmcufinder/plugins/mcufinder//mcu/cs/
2024-11-27 19:10:08,237 [INFO] MainPanel:268 - HeapMemory: 268435456
2024-11-27 19:10:08,465 [INFO] DbMcusXml:78 - Set database path to: /opt/st/stm32cubeide_1.16.0/plugins/com.st.stm32cube.common.mx_6.12.0.202406281431//db//mcu/
2024-11-27 19:10:08,465 [INFO] ApiDb:274 - Set plugin database path to: /opt/st/stm32cubeide_1.16.0/plugins/com.st.stm32cube.common.mx_6.12.0.202406281431//db//plugins/boardmanager/
2024-11-27 19:10:08,465 [INFO] ApiDb:261 - Set plugin images path to: /opt/st/stm32cubeide_1.16.0/plugins/com.st.stm32cube.common.mx_6.12.0.202406281431//db//plugins/mcufinder/images/
2024-11-27 19:10:08,466 [WARN] DbFile:41 - Overriding database path with different value: /home/gabriel/.stmcufinder/plugins/mcufinder/ => /home/gabriel/.stmcufinder/plugins/mcufinder
2024-11-27 19:10:08,466 [INFO] ApiDb:250 - Set database path to: /home/gabriel/.stmcufinder/plugins/mcufinder//mcu/
2024-11-27 19:10:08,466 [WARN] DbFile:41 - Overriding database path with different value: /home/gabriel/.stmcufinder/plugins/mcufinder/ => /home/gabriel/.stmcufinder/plugins/mcufinder
2024-11-27 19:10:08,466 [INFO] DbMcusAds:125 - Set database path to: /home/gabriel/.stmcufinder/plugins/mcufinder//mcu/
2024-11-27 19:10:08,466 [WARN] DbFile:41 - Overriding database path with different value: /home/gabriel/.stmcufinder/plugins/mcufinder/ => /home/gabriel/.stmcufinder/plugins/mcufinder
2024-11-27 19:10:08,466 [WARN] DbFile:41 - Overriding database path with different value: /home/gabriel/.stmcufinder/plugins/mcufinder/ => /home/gabriel/.stmcufinder/plugins/mcufinder
2024-11-27 19:10:08,467 [INFO] CrossReferenceDbSqlite:203 - Set database path to: /home/gabriel/.stmcufinder/plugins/mcufinder//mcu/cs/
2024-11-27 19:10:08,488 [INFO] ApplicationProperties:184 - Using Application install path: /opt/st/stm32cubeide_1.16.0/plugins/com.st.stm32cube.common.mx_6.12.0.202406281431
2024-11-27 19:10:08,490 [INFO] PluginManage:196 - Search for loadable plugins [exclusion list=, ]
2024-11-27 19:10:08,492 [INFO] PluginManage:310 - Check plugin analytics
2024-11-27 19:10:08,803 [INFO] AnalyticsPlugin:253 - Accepted Software Licenses: 
2024-11-27 19:10:08,804 [INFO] AnalyticsPlugin:255 - Accepted CMSIS Pack Licenses: 
2024-11-27 19:10:08,804 [INFO] AnalyticsPlugin:257 - Accepted Firmware Licenses: 
2024-11-27 19:10:08,818 [INFO] PluginManage:359 - Loaded plugin analytics (category:tool,tabindex:-1)
2024-11-27 19:10:08,820 [INFO] PluginManage:310 - Check plugin cadmodel
2024-11-27 19:10:08,840 [INFO] CADModel:105 - Init CAD model plugin
2024-11-27 19:10:08,841 [INFO] PluginManage:359 - Loaded plugin cadmodel (category:power,tabindex:5)
2024-11-27 19:10:08,841 [INFO] PluginManage:310 - Check plugin clock
2024-11-27 19:10:08,879 [INFO] PluginManage:359 - Loaded plugin clock (category:base,tabindex:2)
2024-11-27 19:10:08,881 [INFO] PluginManage:310 - Check plugin ddr
2024-11-27 19:10:08,900 [INFO] PluginManage:359 - Loaded plugin ddr (category:tool,tabindex:6)
2024-11-27 19:10:08,901 [INFO] PluginManage:310 - Check plugin filemanager
2024-11-27 19:10:09,166 [INFO] PluginManage:359 - Loaded plugin filemanager (category:base,tabindex:10)
2024-11-27 19:10:09,166 [INFO] PluginManage:310 - Check plugin ipmanager
2024-11-27 19:10:09,174 [INFO] PluginManage:359 - Loaded plugin ipmanager (category:base,tabindex:5)
2024-11-27 19:10:09,175 [INFO] PluginManage:310 - Check plugin lpbam
2024-11-27 19:10:09,188 [INFO] PluginManage:359 - Loaded plugin lpbam (category:base,tabindex:0)
2024-11-27 19:10:09,188 [INFO] PluginManage:310 - Check plugin memorymap
2024-11-27 19:10:09,204 [INFO] PluginManage:359 - Loaded plugin memorymap (category:base,tabindex:4)
2024-11-27 19:10:09,204 [INFO] PluginManage:310 - Check plugin pinoutandconfiguration
2024-11-27 19:10:09,217 [INFO] PluginManage:359 - Loaded plugin pinoutandconfiguration (category:base,tabindex:1)
2024-11-27 19:10:09,217 [INFO] PluginManage:310 - Check plugin pinoutconfig
2024-11-27 19:10:09,336 [WARN] SupportedApi:132 - Cannot load RTOS API schema: s4s-elt-must-match.1: The content of 'definitions' must match (annotation?, (simpleType | complexType)?, (unique | key | keyref)*)). A problem was found starting at: attribute.
2024-11-27 19:10:09,605 [INFO] PluginManage:359 - Loaded plugin pinoutconfig (category:base,tabindex:0)
2024-11-27 19:10:09,606 [INFO] PluginManage:310 - Check plugin power
2024-11-27 19:10:09,621 [INFO] PluginManage:359 - Loaded plugin power (category:power,tabindex:4)
2024-11-27 19:10:09,621 [INFO] PluginManage:310 - Check plugin projectmanager
2024-11-27 19:10:09,648 [INFO] PluginManage:359 - Loaded plugin projectmanager (category:projectmanager,tabindex:4)
2024-11-27 19:10:09,648 [INFO] PluginManage:310 - Check plugin rif
2024-11-27 19:10:09,656 [INFO] PluginManage:359 - Loaded plugin rif (category:base,tabindex:3)
2024-11-27 19:10:09,657 [INFO] PluginManage:310 - Check plugin thirdparty
2024-11-27 19:10:09,820 [INFO] PluginManage:359 - Loaded plugin thirdparty (category:base,tabindex:-1)
2024-11-27 19:10:09,821 [INFO] PluginManage:310 - Check plugin tools
2024-11-27 19:10:09,820 [WARN] IntegrityCheckThread:84 - waiting for thirdparty lock release [integrity check]
2024-11-27 19:10:09,822 [INFO] IntegrityCheckThread:86 - entering critical section [integrity check]
2024-11-27 19:10:09,822 [INFO] ThirdPartyUpdaterWithRetryManager:70 - Updater plugin not ready yet. [1/15]
2024-11-27 19:10:09,825 [INFO] PluginManage:359 - Loaded plugin tools (category:base,tabindex:7)
2024-11-27 19:10:09,826 [INFO] PluginManage:310 - Check plugin tutovideos
2024-11-27 19:10:10,047 [INFO] PluginManage:359 - Loaded plugin tutovideos (category:base,tabindex:-1)
2024-11-27 19:10:10,047 [INFO] PluginManage:310 - Check plugin updater
2024-11-27 19:10:10,074 [INFO] PluginManage:359 - Loaded plugin updater (category:base,tabindex:12)
2024-11-27 19:10:10,075 [INFO] PluginManage:310 - Check plugin userauth
2024-11-27 19:10:10,086 [INFO] UserAuth:113 - Init User Auth plugin
2024-11-27 19:10:10,086 [INFO] PluginManage:359 - Loaded plugin userauth (category:base,tabindex:14)
2024-11-27 19:10:10,086 [INFO] PluginManage:283 - PluginManage : Loaded plugins [18]
2024-11-27 19:10:10,345 [INFO] PinOutPanel:1561 - setPackage(No Configuration,No Configuration)
2024-11-27 19:10:10,446 [INFO] CADModel:165 - CPN selected for project level
2024-11-27 19:10:10,447 [INFO] CADModel:114 - Register for checkConnection events
2024-11-27 19:10:10,459 [INFO] IPUIPlugin:80 - create IPUIPlugin
2024-11-27 19:10:10,460 [INFO] PluginManager:220 - loadIPPluginJar : add tracer_emb
2024-11-27 19:10:10,462 [INFO] IPUIPlugin:80 - create IPUIPlugin
2024-11-27 19:10:10,462 [INFO] PluginManager:220 - loadIPPluginJar : add ts
2024-11-27 19:10:10,473 [INFO] IPUIPlugin:80 - create IPUIPlugin
2024-11-27 19:10:10,474 [INFO] PluginManager:220 - loadIPPluginJar : add stm32_wpan
2024-11-27 19:10:10,479 [INFO] IPUIPlugin:80 - create IPUIPlugin
2024-11-27 19:10:10,480 [INFO] PluginManager:220 - loadIPPluginJar : add fmc
2024-11-27 19:10:10,483 [INFO] IPUIPlugin:80 - create IPUIPlugin
2024-11-27 19:10:10,483 [INFO] PluginManager:220 - loadIPPluginJar : add extmemmanager
2024-11-27 19:10:10,485 [INFO] IPUIPlugin:80 - create IPUIPlugin
2024-11-27 19:10:10,486 [INFO] PluginManager:220 - loadIPPluginJar : add fatfs
2024-11-27 19:10:10,495 [INFO] IPUIPlugin:80 - create IPUIPlugin
2024-11-27 19:10:10,497 [INFO] PluginManager:220 - loadIPPluginJar : add plateformsettings
2024-11-27 19:10:10,500 [INFO] IPUIPlugin:80 - create IPUIPlugin
2024-11-27 19:10:10,500 [INFO] PluginManager:220 - loadIPPluginJar : add dfsdm
2024-11-27 19:10:10,502 [INFO] IPUIPlugin:80 - create IPUIPlugin
2024-11-27 19:10:10,503 [INFO] PluginManager:220 - loadIPPluginJar : add lorawan
2024-11-27 19:10:10,505 [INFO] IPUIPlugin:80 - create IPUIPlugin
2024-11-27 19:10:10,505 [INFO] PluginManager:220 - loadIPPluginJar : add cryp
2024-11-27 19:10:10,507 [INFO] IPUIPlugin:80 - create IPUIPlugin
2024-11-27 19:10:10,507 [INFO] PluginManager:220 - loadIPPluginJar : add tim
2024-11-27 19:10:10,510 [INFO] IPUIPlugin:80 - create IPUIPlugin
2024-11-27 19:10:10,510 [INFO] PluginManager:220 - loadIPPluginJar : add genericplugin
2024-11-27 19:10:10,515 [INFO] IPUIPlugin:80 - create IPUIPlugin
2024-11-27 19:10:10,516 [INFO] PluginManager:220 - loadIPPluginJar : add gic
2024-11-27 19:10:10,519 [INFO] IPUIPlugin:80 - create IPUIPlugin
2024-11-27 19:10:10,519 [INFO] PluginManager:220 - loadIPPluginJar : add i3c
2024-11-27 19:10:10,522 [INFO] IPUIPlugin:80 - create IPUIPlugin
2024-11-27 19:10:10,523 [INFO] PluginManager:220 - loadIPPluginJar : add opamp
2024-11-27 19:10:10,530 [INFO] IPUIPlugin:80 - create IPUIPlugin
2024-11-27 19:10:10,531 [INFO] PluginManager:220 - loadIPPluginJar : add dma
2024-11-27 19:10:10,533 [INFO] IPUIPlugin:80 - create IPUIPlugin
2024-11-27 19:10:10,533 [INFO] PluginManager:220 - loadIPPluginJar : add hash
2024-11-27 19:10:10,536 [INFO] IPUIPlugin:80 - create IPUIPlugin
2024-11-27 19:10:10,537 [INFO] PluginManager:220 - loadIPPluginJar : add ipddr
2024-11-27 19:10:10,542 [INFO] IPUIPlugin:80 - create IPUIPlugin
2024-11-27 19:10:10,542 [INFO] PluginManager:220 - loadIPPluginJar : add gpio
2024-11-27 19:10:10,545 [INFO] IPUIPlugin:80 - create IPUIPlugin
2024-11-27 19:10:10,545 [INFO] PluginManager:220 - loadIPPluginJar : add gtzc
2024-11-27 19:10:10,547 [INFO] IPUIPlugin:80 - create IPUIPlugin
2024-11-27 19:10:10,547 [INFO] PluginManager:220 - loadIPPluginJar : add tsc
2024-11-27 19:10:10,549 [INFO] IPUIPlugin:80 - create IPUIPlugin
2024-11-27 19:10:10,550 [INFO] PluginManager:220 - loadIPPluginJar : add ucpd
2024-11-27 19:10:10,553 [INFO] IPUIPlugin:80 - create IPUIPlugin
2024-11-27 19:10:10,553 [INFO] PluginManager:220 - loadIPPluginJar : add can
2024-11-27 19:10:10,556 [INFO] IPUIPlugin:80 - create IPUIPlugin
2024-11-27 19:10:10,556 [INFO] PluginManager:220 - loadIPPluginJar : add i2c
2024-11-27 19:10:10,564 [INFO] IPUIPlugin:80 - create IPUIPlugin
2024-11-27 19:10:10,565 [INFO] PluginManager:220 - loadIPPluginJar : add linkedlist
2024-11-27 19:10:10,567 [INFO] IPUIPlugin:80 - create IPUIPlugin
2024-11-27 19:10:10,568 [INFO] PluginManager:220 - loadIPPluginJar : add usbx
2024-11-27 19:10:10,570 [INFO] IPUIPlugin:80 - create IPUIPlugin
2024-11-27 19:10:10,570 [INFO] PluginManager:220 - loadIPPluginJar : add aes
2024-11-27 19:10:10,573 [INFO] IPUIPlugin:80 - create IPUIPlugin
2024-11-27 19:10:10,573 [INFO] PluginManager:220 - loadIPPluginJar : add gfxmmu
2024-11-27 19:10:10,575 [INFO] IPUIPlugin:80 - create IPUIPlugin
2024-11-27 19:10:10,575 [INFO] PluginManager:220 - loadIPPluginJar : add quadspi
2024-11-27 19:10:10,579 [INFO] IPUIPlugin:80 - create IPUIPlugin
2024-11-27 19:10:10,579 [INFO] PluginManager:220 - loadIPPluginJar : add pdm2pcm
2024-11-27 19:10:10,582 [INFO] IPUIPlugin:80 - create IPUIPlugin
2024-11-27 19:10:10,582 [INFO] PluginManager:220 - loadIPPluginJar : add openamp
2024-11-27 19:10:10,586 [INFO] IPUIPlugin:80 - create IPUIPlugin
2024-11-27 19:10:10,586 [INFO] PluginManager:220 - loadIPPluginJar : add sai
2024-11-27 19:10:10,588 [INFO] IPUIPlugin:80 - create IPUIPlugin
2024-11-27 19:10:10,589 [INFO] PluginManager:220 - loadIPPluginJar : add usart
2024-11-27 19:10:10,595 [INFO] IPUIPlugin:80 - create IPUIPlugin
2024-11-27 19:10:10,596 [INFO] PluginManager:220 - loadIPPluginJar : add freertos
2024-11-27 19:10:10,600 [INFO] IPUIPlugin:80 - create IPUIPlugin
2024-11-27 19:10:10,600 [INFO] PluginManager:220 - loadIPPluginJar : add nvic
2024-11-27 19:10:10,603 [INFO] IPUIPlugin:80 - create IPUIPlugin
2024-11-27 19:10:10,603 [INFO] PluginManager:220 - loadIPPluginJar : add i2s
2024-11-27 19:10:10,612 [INFO] IPUIPlugin:80 - create IPUIPlugin
2024-11-27 19:10:10,612 [INFO] PluginManager:220 - loadIPPluginJar : add adc
2024-11-27 19:10:10,613 [INFO] IPUIPlugin:80 - create IPUIPlugin
2024-11-27 19:10:10,614 [INFO] PluginManager:220 - loadIPPluginJar : add ltdc
2024-11-27 19:10:10,615 [INFO] IPUIPlugin:80 - create IPUIPlugin
2024-11-27 19:10:10,616 [INFO] PluginManager:220 - loadIPPluginJar : add radio
2024-11-27 19:10:10,618 [INFO] IPUIPlugin:80 - create IPUIPlugin
2024-11-27 19:10:10,618 [INFO] PluginManager:220 - loadIPPluginJar : add comp
2024-11-27 19:10:10,620 [INFO] IPUIPlugin:80 - create IPUIPlugin
2024-11-27 19:10:10,620 [INFO] PluginManager:220 - loadIPPluginJar : add dma3
2024-11-27 19:10:10,623 [INFO] IPUIPlugin:80 - create IPUIPlugin
2024-11-27 19:10:10,623 [INFO] PluginManager:220 - loadIPPluginJar : add ddr_ctrl_phy
2024-11-27 19:10:10,628 [INFO] IPUIPlugin:80 - create IPUIPlugin
2024-11-27 19:10:10,629 [INFO] PluginManager:220 - loadIPPluginJar : add resmgrutility
2024-11-27 19:10:10,631 [INFO] IPUIPlugin:80 - create IPUIPlugin
2024-11-27 19:10:10,632 [INFO] PluginManager:220 - loadIPPluginJar : add spi
2024-11-27 19:10:10,639 [INFO] IPUIPlugin:80 - create IPUIPlugin
2024-11-27 19:10:10,639 [INFO] PluginManager:220 - loadIPPluginJar : add mdma
2024-11-27 19:10:10,643 [INFO] IPUIPlugin:80 - create IPUIPlugin
2024-11-27 19:10:10,643 [INFO] PluginManager:220 - loadIPPluginJar : add touchsensing
2024-11-27 19:10:10,755 [INFO] CADModel:165 - CPN selected for project level
2024-11-27 19:10:10,755 [INFO] CADModel:114 - Register for checkConnection events
2024-11-27 19:10:10,756 [FATAL] Updater:334 - Updater called before beeing initialized
2024-11-27 19:10:10,756 [ERROR] CADModel:125 - Updater not yet initialized, retry later 
2024-11-27 19:10:11,004 [INFO] CADModel:165 - CPN selected for project level
2024-11-27 19:10:11,004 [INFO] CADModel:114 - Register for checkConnection events
2024-11-27 19:10:11,005 [FATAL] Updater:334 - Updater called before beeing initialized
2024-11-27 19:10:11,006 [ERROR] CADModel:125 - Updater not yet initialized, retry later 
2024-11-27 19:10:11,012 [FATAL] Updater:334 - Updater called before beeing initialized
2024-11-27 19:10:11,186 [FATAL] Updater:334 - Updater called before beeing initialized
2024-11-27 19:10:11,191 [INFO] DbMcusAds:53 - JSON generation date=Fri Sep 20 10:04:38 ART 2024 (1726837478367)
2024-11-27 19:10:11,192 [FATAL] Updater:334 - Updater called before beeing initialized
2024-11-27 19:10:11,338 [WARN] DetailPanel:346 - Failed to get advertising image, set to default
2024-11-27 19:10:11,568 [FATAL] Updater:334 - Updater called before beeing initialized
2024-11-27 19:10:11,571 [FATAL] Updater:334 - Updater called before beeing initialized
2024-11-27 19:10:11,571 [FATAL] Updater:334 - Updater called before beeing initialized
2024-11-27 19:10:11,571 [WARN] DetailPanel:346 - Failed to get advertising image, set to default
2024-11-27 19:10:11,573 [FATAL] Updater:334 - Updater called before beeing initialized
2024-11-27 19:10:11,634 [ERROR] Updater:1164 - MainUpdater not yet initialized. External WinMGr cannot be set.
2024-11-27 19:10:11,638 [INFO] Updater:1100 - Updater Version found : 6.12.0
2024-11-27 19:10:11,668 [INFO] ApplicationProperties:184 - Using Application install path: /opt/st/stm32cubeide_1.16.0/plugins/com.st.stm32cube.common.mx_6.12.0.202406281431
2024-11-27 19:10:12,259 [INFO] MainUpdater:2873 - connection check result : 10
2024-11-27 19:10:12,260 [INFO] MainUpdater:3567 - Updater definition file requires update
2024-11-27 19:10:12,261 [INFO] MainUpdater:290 - Updater Check For Update Now.
2024-11-27 19:10:12,261 [INFO] MicroXplorer:498 - Change Database Version : DB.6.0.120
2024-11-27 19:10:12,273 [INFO] McuFinderGlobals:63 - Set McuFinder mode to 2 (CubeIDE integrated)
2024-11-27 19:10:12,276 [INFO] UserAuth:179 - activating auth plugin
2024-11-27 19:10:12,285 [INFO] UserAuth:417 - Internet connection configuration mode: 1
2024-11-27 19:10:12,302 [INFO] ServerAccessManage:473 - Download File updaters.zip
2024-11-27 19:10:12,342 [INFO] JxBrowserEngine:152 - Initiate JxBrowser Engine with user profile folder
2024-11-27 19:10:12,629 [INFO] FileExtend:240 - Unzip File : updaters.zip
2024-11-27 19:10:12,633 [INFO] FileExtend:255 - Standard Zip Deflate
2024-11-27 19:10:12,824 [WARN] MainUpdater:1194 - Updater busy. Cannot search thirdparties
2024-11-27 19:10:12,824 [INFO] ThirdPartyUpdaterWithRetryManager:96 - Updater plugin is busy. [1/15]
2024-11-27 19:10:13,054 [INFO] ServerAccessManage:473 - Download File PacksControlFlags.xml
2024-11-27 19:10:13,144 [INFO] ServerAccessManage:473 - Download File cubemx.pidx
2024-11-27 19:10:13,410 [INFO] LoadServerUpdatesThread:375 - End of LoadServerUpdate Thread
2024-11-27 19:10:13,644 [INFO] CheckServerUpdateThread:120 - End of CheckServer Thread
2024-11-27 19:10:14,832 [INFO] WebApp:167 - Instantiating new browser for Auth
2024-11-27 19:10:16,275 [WARN] PackLoader:240 - Cannot read IP mode file for STMicroelectronics.FP-SNS-MOTENVWB1.1.4.0
2024-11-27 19:10:16,304 [WARN] PackLoader:240 - Cannot read IP mode file for STMicroelectronics.FP-ATR-ASTRA1.2.0.1
2024-11-27 19:10:16,330 [WARN] PackLoader:240 - Cannot read IP mode file for STMicroelectronics.X-CUBE-SMBUS.2.1.0
2024-11-27 19:10:16,359 [WARN] PackLoader:240 - Cannot read IP mode file for STMicroelectronics.X-CUBE-WB05N.1.1.0
2024-11-27 19:10:16,472 [WARN] PackLoader:240 - Cannot read IP mode file for STMicroelectronics.X-CUBE-AZRTOS-F7.1.1.0
2024-11-27 19:10:16,498 [WARN] PackLoader:240 - Cannot read IP mode file for STMicroelectronics.FP-SNS-FLIGHT1.5.0.2
2024-11-27 19:10:16,525 [WARN] PackLoader:240 - Cannot read IP mode file for STMicroelectronics.X-CUBE-DISPLAY.3.0.0
2024-11-27 19:10:16,550 [WARN] PackLoader:240 - Cannot read IP mode file for STMicroelectronics.X-CUBE-BLE1.7.0.0
2024-11-27 19:10:16,570 [WARN] PackLoader:240 - Cannot read IP mode file for emotas.I-CUBE-CANOPEN.1.3.0
2024-11-27 19:10:16,597 [WARN] PackLoader:240 - Cannot read IP mode file for STMicroelectronics.X-CUBE-BLEMGR.3.1.0
2024-11-27 19:10:16,616 [WARN] PackLoader:240 - Cannot read IP mode file for STMicroelectronics.FP-SNS-SMARTAG2.1.2.0
2024-11-27 19:10:16,641 [INFO] LogOutputStream:77 - [STDOUT_REDIRECT] 1 : Invalid condition id : UX_CORESTACK_Condition cause : null
2024-11-27 19:10:16,644 [INFO] LogOutputStream:77 - [STDOUT_REDIRECT] 1 : Invalid condition id : UX_CORESTACK_Condition cause : null
2024-11-27 19:10:16,646 [INFO] LogOutputStream:77 - [STDOUT_REDIRECT] 1 : Invalid condition id : UX_CORESTACK_Condition cause : null
2024-11-27 19:10:16,649 [INFO] LogOutputStream:77 - [STDOUT_REDIRECT] 1 : Invalid condition id : UX_CORESTACK_Condition cause : null
2024-11-27 19:10:16,649 [INFO] LogOutputStream:77 - [STDOUT_REDIRECT] 1 : Invalid condition id : UX_CORESTACK_Condition cause : null
2024-11-27 19:10:16,682 [WARN] PackLoader:240 - Cannot read IP mode file for STMicroelectronics.X-CUBE-AZRTOS-WL.2.0.0
2024-11-27 19:10:16,700 [WARN] PackLoader:240 - Cannot read IP mode file for STMicroelectronics.FP-SNS-MOTENV1.5.0.0
2024-11-27 19:10:16,722 [WARN] PackLoader:240 - Cannot read IP mode file for wolfSSL.I-CUBE-wolfMQTT.1.19.0
2024-11-27 19:10:16,776 [WARN] PackLoader:240 - Cannot read IP mode file for WES.I-CUBE-Cesium.1.3.0
2024-11-27 19:10:16,793 [WARN] PackLoader:240 - Cannot read IP mode file for STMicroelectronics.X-CUBE-BLE2.3.3.0
2024-11-27 19:10:16,822 [WARN] PackLoader:240 - Cannot read IP mode file for STMicroelectronics.X-CUBE-TCPP.4.1.0
2024-11-27 19:10:16,845 [INFO] WebApp:448 - Apply proxy settings
2024-11-27 19:10:16,846 [INFO] WebApp:533 - Chromium requires no authentication
2024-11-27 19:10:16,879 [INFO] WebApp:476 - Direct internet connection detected
2024-11-27 19:10:16,887 [WARN] PackLoader:240 - Cannot read IP mode file for STMicroelectronics.X-CUBE-AZRTOS-G0.1.1.0
2024-11-27 19:10:16,921 [WARN] PackLoader:240 - Cannot read IP mode file for STMicroelectronics.X-CUBE-SAFEA1.1.2.2
2024-11-27 19:10:16,935 [WARN] PackLoader:240 - Cannot read IP mode file for STMicroelectronics.X-CUBE-NFC4.3.0.0
2024-11-27 19:10:16,964 [WARN] PackLoader:240 - Cannot read IP mode file for EmbeddedOffice.I-CUBE-FS-RTOS.1.0.1
2024-11-27 19:10:16,964 [ERROR] ConditionMgr:805 - Attr not supported : Dmpu
2024-11-27 19:10:16,965 [ERROR] ConditionMgr:805 - Attr not supported : Dmpu
2024-11-27 19:10:16,965 [ERROR] ConditionMgr:805 - Attr not supported : Dmpu
2024-11-27 19:10:16,965 [ERROR] ConditionMgr:805 - Attr not supported : Dmpu
2024-11-27 19:10:16,965 [ERROR] ConditionMgr:805 - Attr not supported : Dmpu
2024-11-27 19:10:16,966 [ERROR] ConditionMgr:805 - Attr not supported : Dmpu
2024-11-27 19:10:16,966 [ERROR] ConditionMgr:805 - Attr not supported : Dmpu
2024-11-27 19:10:16,966 [ERROR] ConditionMgr:805 - Attr not supported : Dmpu
2024-11-27 19:10:16,966 [ERROR] ConditionMgr:805 - Attr not supported : Dmpu
2024-11-27 19:10:16,966 [ERROR] ConditionMgr:805 - Attr not supported : Dmpu
2024-11-27 19:10:16,966 [ERROR] ConditionMgr:805 - Attr not supported : Dmpu
2024-11-27 19:10:16,966 [ERROR] ConditionMgr:805 - Attr not supported : Dmpu
2024-11-27 19:10:16,967 [ERROR] ConditionMgr:805 - Attr not supported : Dmpu
2024-11-27 19:10:16,967 [ERROR] ConditionMgr:805 - Attr not supported : Dmpu
2024-11-27 19:10:16,967 [ERROR] ConditionMgr:805 - Attr not supported : Dmpu
2024-11-27 19:10:16,967 [ERROR] ConditionMgr:805 - Attr not supported : Dmpu
2024-11-27 19:10:16,966 [INFO] WebApp:869 - Register for checkConnection events
2024-11-27 19:10:16,967 [ERROR] ConditionMgr:805 - Attr not supported : Dmpu
2024-11-27 19:10:16,967 [ERROR] ConditionMgr:805 - Attr not supported : Dmpu
2024-11-27 19:10:16,967 [INFO] WebApp:448 - Apply proxy settings
2024-11-27 19:10:16,967 [ERROR] ConditionMgr:805 - Attr not supported : Dmpu
2024-11-27 19:10:16,968 [INFO] WebApp:533 - Chromium requires no authentication
2024-11-27 19:10:16,968 [ERROR] ConditionMgr:805 - Attr not supported : Dmpu
2024-11-27 19:10:16,968 [ERROR] ConditionMgr:805 - Attr not supported : Dmpu
2024-11-27 19:10:16,968 [ERROR] ConditionMgr:805 - Attr not supported : Dmpu
2024-11-27 19:10:16,968 [ERROR] ConditionMgr:805 - Attr not supported : Dmpu
2024-11-27 19:10:16,969 [ERROR] ConditionMgr:805 - Attr not supported : Dmpu
2024-11-27 19:10:16,969 [ERROR] ConditionMgr:805 - Attr not supported : Dmpu
2024-11-27 19:10:16,969 [ERROR] ConditionMgr:805 - Attr not supported : Dmpu
2024-11-27 19:10:16,969 [ERROR] ConditionMgr:805 - Attr not supported : Dmpu
2024-11-27 19:10:16,969 [ERROR] ConditionMgr:805 - Attr not supported : Dmpu
2024-11-27 19:10:16,969 [ERROR] ConditionMgr:805 - Attr not supported : Dmpu
2024-11-27 19:10:16,969 [ERROR] ConditionMgr:805 - Attr not supported : Dmpu
2024-11-27 19:10:16,970 [ERROR] ConditionMgr:805 - Attr not supported : Dmpu
2024-11-27 19:10:16,970 [INFO] WebApp:476 - Direct internet connection detected
2024-11-27 19:10:16,970 [ERROR] ConditionMgr:805 - Attr not supported : Dmpu
2024-11-27 19:10:16,970 [ERROR] ConditionMgr:805 - Attr not supported : Dmpu
2024-11-27 19:10:16,970 [ERROR] ConditionMgr:805 - Attr not supported : Dmpu
2024-11-27 19:10:16,971 [ERROR] ConditionMgr:805 - Attr not supported : Dmpu
2024-11-27 19:10:16,971 [ERROR] ConditionMgr:805 - Attr not supported : Dmpu
2024-11-27 19:10:16,971 [ERROR] ConditionMgr:805 - Attr not supported : Dmpu
2024-11-27 19:10:16,971 [ERROR] ConditionMgr:805 - Attr not supported : Dmpu
2024-11-27 19:10:16,971 [ERROR] ConditionMgr:805 - Attr not supported : Dmpu
2024-11-27 19:10:16,972 [ERROR] ConditionMgr:805 - Attr not supported : Dmpu
2024-11-27 19:10:16,972 [ERROR] ConditionMgr:805 - Attr not supported : Dmpu
2024-11-27 19:10:16,972 [ERROR] ConditionMgr:805 - Attr not supported : Dmpu
2024-11-27 19:10:16,972 [ERROR] ConditionMgr:805 - Attr not supported : Dmpu
2024-11-27 19:10:16,972 [ERROR] ConditionMgr:805 - Attr not supported : Dmpu
2024-11-27 19:10:16,972 [ERROR] ConditionMgr:805 - Attr not supported : Dmpu
2024-11-27 19:10:16,972 [ERROR] ConditionMgr:805 - Attr not supported : Dmpu
2024-11-27 19:10:16,972 [ERROR] ConditionMgr:805 - Attr not supported : Dmpu
2024-11-27 19:10:16,973 [ERROR] ConditionMgr:805 - Attr not supported : Dmpu
2024-11-27 19:10:16,973 [ERROR] ConditionMgr:805 - Attr not supported : Dmpu
2024-11-27 19:10:16,973 [ERROR] ConditionMgr:805 - Attr not supported : Dmpu
2024-11-27 19:10:16,973 [ERROR] ConditionMgr:805 - Attr not supported : Dmpu
2024-11-27 19:10:16,973 [ERROR] ConditionMgr:805 - Attr not supported : Dmpu
2024-11-27 19:10:16,973 [ERROR] ConditionMgr:805 - Attr not supported : Dmpu
2024-11-27 19:10:16,974 [ERROR] ConditionMgr:805 - Attr not supported : Dmpu
2024-11-27 19:10:16,974 [ERROR] ConditionMgr:805 - Attr not supported : Dmpu
2024-11-27 19:10:16,974 [ERROR] ConditionMgr:805 - Attr not supported : Dmpu
2024-11-27 19:10:16,974 [ERROR] ConditionMgr:805 - Attr not supported : Dmpu
2024-11-27 19:10:16,974 [ERROR] ConditionMgr:805 - Attr not supported : Dmpu
2024-11-27 19:10:16,974 [ERROR] ConditionMgr:805 - Attr not supported : Dmpu
2024-11-27 19:10:16,974 [ERROR] ConditionMgr:805 - Attr not supported : Dmpu
2024-11-27 19:10:16,974 [ERROR] ConditionMgr:805 - Attr not supported : Dmpu
2024-11-27 19:10:16,975 [ERROR] ConditionMgr:805 - Attr not supported : Dmpu
2024-11-27 19:10:16,975 [ERROR] ConditionMgr:805 - Attr not supported : Dmpu
2024-11-27 19:10:16,975 [ERROR] ConditionMgr:805 - Attr not supported : Dmpu
2024-11-27 19:10:16,982 [WARN] PackLoader:240 - Cannot read IP mode file for RealThread.X-CUBE-RT-Thread_Nano.4.1.1
2024-11-27 19:10:16,988 [WARN] PackLoader:240 - Cannot read IP mode file for STMicroelectronics.FP-ATR-SIGFOX1.3.2.0
2024-11-27 19:10:16,995 [WARN] ConditionMgr:438 - getConditionDescription Invalid condition id : Cortex-A Device cause : null
2024-11-27 19:10:17,011 [WARN] ConditionMgr:1039 - genDependencies : Invalid condition id : Cortex-A Device cause : null
2024-11-27 19:10:17,011 [WARN] ConditionMgr:1039 - genDependencies : Invalid condition id : Cortex-A Device cause : null
2024-11-27 19:10:17,012 [WARN] ConditionMgr:1039 - genDependencies : Invalid condition id : Cortex-A Device cause : null
2024-11-27 19:10:17,023 [WARN] PackLoader:240 - Cannot read IP mode file for STMicroelectronics.X-CUBE-EEPRMA1.5.1.0
2024-11-27 19:10:17,036 [WARN] PackLoader:240 - Cannot read IP mode file for wolfSSL.I-CUBE-wolfSSL.5.7.4
2024-11-27 19:10:17,053 [WARN] PackLoader:240 - Cannot read IP mode file for ITTIA_DB.I-CUBE-ITTIADB.8.9.0
2024-11-27 19:10:17,119 [WARN] PackLoader:240 - Cannot read IP mode file for SEGGER.I-CUBE-embOS.1.3.1
2024-11-27 19:10:17,268 [WARN] PackLoader:240 - Cannot read IP mode file for STMicroelectronics.X-CUBE-ALGOBUILD.1.4.0
2024-11-27 19:10:17,383 [INFO] WebApp:186 - Connection restablished
2024-11-27 19:10:17,396 [WARN] PackLoader:240 - Cannot read IP mode file for STMicroelectronics.X-CUBE-AZRTOS-F4.1.1.0
2024-11-27 19:10:17,432 [WARN] PackLoader:240 - Cannot read IP mode file for STMicroelectronics.X-CUBE-FREERTOS.1.2.0
2024-11-27 19:10:17,500 [WARN] PackLoader:240 - Cannot read IP mode file for STMicroelectronics.X-CUBE-AZRTOS-L5.2.0.0
2024-11-27 19:10:17,542 [WARN] PackLoader:240 - Cannot read IP mode file for STMicroelectronics.X-CUBE-NFC6.3.1.0
2024-11-27 19:10:17,587 [WARN] PackLoader:240 - Cannot read IP mode file for STMicroelectronics.X-CUBE-NFC7.1.0.1
2024-11-27 19:10:17,683 [INFO] WebApp:220 - Starting web application
2024-11-27 19:10:17,683 [INFO] WebApp:578 - Web application path used /opt/st/stm32cubeide_1.16.0/plugins/com.st.stm32cube.common.mx_6.12.0.202406281431/db/plugins/mcufinder/reactClient1/index.html
2024-11-27 19:10:17,735 [WARN] ConditionMgr:438 - getConditionDescription Invalid condition id : LAN8742 Phy interface Condition cause : null
2024-11-27 19:10:17,757 [WARN] PackLoader:240 - Cannot read IP mode file for STMicroelectronics.X-CUBE-AZRTOS-L4.2.0.0
2024-11-27 19:10:17,781 [WARN] ConditionMgr:1039 - genDependencies : Invalid condition id : LAN8742 Phy interface Condition cause : null
2024-11-27 19:10:17,782 [WARN] ConditionMgr:1039 - genDependencies : Invalid condition id : LAN8742 Phy interface Condition cause : null
2024-11-27 19:10:17,783 [WARN] ConditionMgr:1039 - genDependencies : Invalid condition id : LAN8742 Phy interface Condition cause : null
2024-11-27 19:10:17,849 [WARN] PackLoader:240 - Cannot read IP mode file for STMicroelectronics.X-CUBE-SFXS2LP1.4.0.0
2024-11-27 19:10:17,945 [WARN] PackLoader:240 - Cannot read IP mode file for STMicroelectronics.X-CUBE-AZRTOS-H7.3.3.0
2024-11-27 19:10:17,998 [WARN] ConditionMgr:438 - getConditionDescription Invalid condition id : UX DEVICE CLASS RTOS Condition cause : null
2024-11-27 19:10:18,003 [WARN] ConditionMgr:438 - getConditionDescription Invalid condition id : UX DEVICE CLASS RTOS Condition cause : null
2024-11-27 19:10:18,022 [WARN] PackLoader:240 - Cannot read IP mode file for STMicroelectronics.X-CUBE-AZRTOS-WB.2.0.0
2024-11-27 19:10:18,031 [WARN] ConditionMgr:1039 - genDependencies : Invalid condition id : UX DEVICE CLASS RTOS Condition cause : null
2024-11-27 19:10:18,031 [WARN] ConditionMgr:1039 - genDependencies : Invalid condition id : UX DEVICE CLASS RTOS Condition cause : null
2024-11-27 19:10:18,032 [WARN] ConditionMgr:1039 - genDependencies : Invalid condition id : UX DEVICE CLASS RTOS Condition cause : null
2024-11-27 19:10:18,033 [WARN] ConditionMgr:1039 - genDependencies : Invalid condition id : UX DEVICE CLASS RTOS Condition cause : null
2024-11-27 19:10:18,033 [WARN] ConditionMgr:1039 - genDependencies : Invalid condition id : UX DEVICE CLASS RTOS Condition cause : null
2024-11-27 19:10:18,103 [WARN] PackLoader:240 - Cannot read IP mode file for STMicroelectronics.X-CUBE-SUBG2.5.0.0
2024-11-27 19:10:18,128 [WARN] PackLoader:240 - Cannot read IP mode file for Cesanta.I-CUBE-Mongoose.7.13.0
2024-11-27 19:10:18,187 [WARN] PackLoader:240 - Cannot read IP mode file for STMicroelectronics.X-CUBE-AZRTOS-G4.2.0.0
2024-11-27 19:10:18,203 [WARN] PackLoader:240 - Cannot read IP mode file for STMicroelectronics.X-CUBE-ALS.1.0.2
2024-11-27 19:10:18,217 [WARN] PackLoader:240 - Cannot read IP mode file for STMicroelectronics.X-CUBE-TOUCHGFX.4.24.1
2024-11-27 19:10:18,228 [WARN] PackLoader:240 - Cannot read IP mode file for wolfSSL.I-CUBE-wolfTPM.3.4.0
2024-11-27 19:10:18,253 [WARN] PackLoader:240 - Cannot read IP mode file for portGmbH.I-Cube-SoM-uGOAL.1.1.0
2024-11-27 19:10:18,350 [WARN] PackLoader:240 - Cannot read IP mode file for STMicroelectronics.X-CUBE-AZRTOS-H7RS.1.0.0
2024-11-27 19:10:18,378 [WARN] PackLoader:240 - Cannot read IP mode file for STMicroelectronics.FP-ATR-ASTRA1.2.0.0
2024-11-27 19:10:18,422 [WARN] PackLoader:240 - Cannot read IP mode file for Infineon.AIROC-Wi-Fi-Bluetooth-STM32.1.6.1
2024-11-27 19:10:18,436 [WARN] PackLoader:240 - Cannot read IP mode file for wolfSSL.I-CUBE-wolfSSH.1.4.17
2024-11-27 19:10:18,437 [INFO] ThirdParty:978 - Integrity check success = true
2024-11-27 19:10:18,438 [INFO] IntegrityCheckThread:100 - exiting critical section [integrity check]
2024-11-27 19:10:18,438 [INFO] IntegrityCheckThread:103 - End integrity checks thread
2024-11-27 19:20:40,672 [INFO] McuFinderGlobals:63 - Set McuFinder mode to 2 (CubeIDE integrated)
2024-11-27 19:20:40,675 [INFO] UserAuth:179 - activating auth plugin
2024-11-27 19:20:40,690 [INFO] UserAuth:417 - Internet connection configuration mode: 1
2024-11-27 19:21:05,563 [INFO] WebApp:645 - userauth.ini deleted or not created
