2024-11-30 01:53:46,833 [INFO] Activator:176 - 


2024-11-30 01:53:46,841 [INFO] Activator:177 - !SESSION log4j initialized
2024-11-30 01:53:53,496 [INFO] LogOutputStream:77 - [STDOUT_REDIRECT] 
2024-11-30 01:53:55,456 [INFO] ApplicationProperties:184 - Using Application install path: /opt/st/stm32cubeide_1.16.0/plugins/com.st.stm32cube.common.mx_6.12.0.202406281431
2024-11-30 01:53:55,494 [INFO] DbMcusXml:78 - Set database path to: /opt/st/stm32cubeide_1.16.0/plugins/com.st.stm32cube.common.mx_6.12.0.202406281431//db//mcu/
2024-11-30 01:53:55,495 [INFO] ApiDb:274 - Set plugin database path to: /opt/st/stm32cubeide_1.16.0/plugins/com.st.stm32cube.common.mx_6.12.0.202406281431//db//plugins/boardmanager/
2024-11-30 01:53:55,495 [WARN] ApiDb:259 - Overriding images path with different value:  => /opt/st/stm32cubeide_1.16.0/plugins/com.st.stm32cube.common.mx_6.12.0.202406281431//db//plugins/mcufinder/images/
2024-11-30 01:53:55,507 [INFO] ApiDb:250 - Set database path to: /home/gabriel/.stmcufinder/plugins/mcufinder//mcu/
2024-11-30 01:53:55,508 [INFO] DbMcusAds:125 - Set database path to: /home/gabriel/.stmcufinder/plugins/mcufinder//mcu/
2024-11-30 01:53:55,512 [INFO] CrossReferenceDbSqlite:203 - Set database path to: /home/gabriel/.stmcufinder/plugins/mcufinder//mcu/cs/
2024-11-30 01:53:55,683 [INFO] RulesReader:64 - Compatibility file has been processed (297 Rules)
2024-11-30 01:53:55,763 [INFO] DbMcusXml:78 - Set database path to: /opt/st/stm32cubeide_1.16.0/plugins/com.st.stm32cube.common.mx_6.12.0.202406281431//db//mcu/
2024-11-30 01:53:55,763 [INFO] ApiDb:274 - Set plugin database path to: /opt/st/stm32cubeide_1.16.0/plugins/com.st.stm32cube.common.mx_6.12.0.202406281431//db//plugins/boardmanager/
2024-11-30 01:53:55,764 [INFO] ApiDb:261 - Set plugin images path to: /opt/st/stm32cubeide_1.16.0/plugins/com.st.stm32cube.common.mx_6.12.0.202406281431//db//plugins/mcufinder/images/
2024-11-30 01:53:55,764 [WARN] DbFile:41 - Overriding database path with different value: /home/gabriel/.stmcufinder/plugins/mcufinder/ => /home/gabriel/.stmcufinder/plugins/mcufinder
2024-11-30 01:53:55,764 [INFO] ApiDb:250 - Set database path to: /home/gabriel/.stmcufinder/plugins/mcufinder//mcu/
2024-11-30 01:53:55,764 [WARN] DbFile:41 - Overriding database path with different value: /home/gabriel/.stmcufinder/plugins/mcufinder/ => /home/gabriel/.stmcufinder/plugins/mcufinder
2024-11-30 01:53:55,765 [INFO] DbMcusAds:125 - Set database path to: /home/gabriel/.stmcufinder/plugins/mcufinder//mcu/
2024-11-30 01:53:55,765 [WARN] DbFile:41 - Overriding database path with different value: /home/gabriel/.stmcufinder/plugins/mcufinder/ => /home/gabriel/.stmcufinder/plugins/mcufinder
2024-11-30 01:53:55,765 [WARN] DbFile:41 - Overriding database path with different value: /home/gabriel/.stmcufinder/plugins/mcufinder/ => /home/gabriel/.stmcufinder/plugins/mcufinder
2024-11-30 01:53:55,765 [INFO] CrossReferenceDbSqlite:203 - Set database path to: /home/gabriel/.stmcufinder/plugins/mcufinder//mcu/cs/
2024-11-30 01:53:55,869 [INFO] MainPanel:268 - HeapMemory: 268435456
2024-11-30 01:53:56,108 [INFO] DbMcusXml:78 - Set database path to: /opt/st/stm32cubeide_1.16.0/plugins/com.st.stm32cube.common.mx_6.12.0.202406281431//db//mcu/
2024-11-30 01:53:56,109 [INFO] ApiDb:274 - Set plugin database path to: /opt/st/stm32cubeide_1.16.0/plugins/com.st.stm32cube.common.mx_6.12.0.202406281431//db//plugins/boardmanager/
2024-11-30 01:53:56,109 [INFO] ApiDb:261 - Set plugin images path to: /opt/st/stm32cubeide_1.16.0/plugins/com.st.stm32cube.common.mx_6.12.0.202406281431//db//plugins/mcufinder/images/
2024-11-30 01:53:56,109 [WARN] DbFile:41 - Overriding database path with different value: /home/gabriel/.stmcufinder/plugins/mcufinder/ => /home/gabriel/.stmcufinder/plugins/mcufinder
2024-11-30 01:53:56,109 [INFO] ApiDb:250 - Set database path to: /home/gabriel/.stmcufinder/plugins/mcufinder//mcu/
2024-11-30 01:53:56,109 [WARN] DbFile:41 - Overriding database path with different value: /home/gabriel/.stmcufinder/plugins/mcufinder/ => /home/gabriel/.stmcufinder/plugins/mcufinder
2024-11-30 01:53:56,110 [INFO] DbMcusAds:125 - Set database path to: /home/gabriel/.stmcufinder/plugins/mcufinder//mcu/
2024-11-30 01:53:56,110 [WARN] DbFile:41 - Overriding database path with different value: /home/gabriel/.stmcufinder/plugins/mcufinder/ => /home/gabriel/.stmcufinder/plugins/mcufinder
2024-11-30 01:53:56,110 [WARN] DbFile:41 - Overriding database path with different value: /home/gabriel/.stmcufinder/plugins/mcufinder/ => /home/gabriel/.stmcufinder/plugins/mcufinder
2024-11-30 01:53:56,110 [INFO] CrossReferenceDbSqlite:203 - Set database path to: /home/gabriel/.stmcufinder/plugins/mcufinder//mcu/cs/
2024-11-30 01:53:56,133 [INFO] ApplicationProperties:184 - Using Application install path: /opt/st/stm32cubeide_1.16.0/plugins/com.st.stm32cube.common.mx_6.12.0.202406281431
2024-11-30 01:53:56,135 [INFO] PluginManage:196 - Search for loadable plugins [exclusion list=, ]
2024-11-30 01:53:56,137 [INFO] PluginManage:310 - Check plugin analytics
2024-11-30 01:53:56,462 [INFO] AnalyticsPlugin:253 - Accepted Software Licenses: 
2024-11-30 01:53:56,463 [INFO] AnalyticsPlugin:255 - Accepted CMSIS Pack Licenses: 
2024-11-30 01:53:56,463 [INFO] AnalyticsPlugin:257 - Accepted Firmware Licenses: 
2024-11-30 01:53:56,468 [INFO] PluginManage:359 - Loaded plugin analytics (category:tool,tabindex:-1)
2024-11-30 01:53:56,471 [INFO] PluginManage:310 - Check plugin cadmodel
2024-11-30 01:53:56,482 [INFO] CADModel:105 - Init CAD model plugin
2024-11-30 01:53:56,482 [INFO] PluginManage:359 - Loaded plugin cadmodel (category:power,tabindex:5)
2024-11-30 01:53:56,483 [INFO] PluginManage:310 - Check plugin clock
2024-11-30 01:53:56,508 [INFO] PluginManage:359 - Loaded plugin clock (category:base,tabindex:2)
2024-11-30 01:53:56,508 [INFO] PluginManage:310 - Check plugin ddr
2024-11-30 01:53:56,514 [INFO] PluginManage:359 - Loaded plugin ddr (category:tool,tabindex:6)
2024-11-30 01:53:56,515 [INFO] PluginManage:310 - Check plugin filemanager
2024-11-30 01:53:56,758 [INFO] PluginManage:359 - Loaded plugin filemanager (category:base,tabindex:10)
2024-11-30 01:53:56,758 [INFO] PluginManage:310 - Check plugin ipmanager
2024-11-30 01:53:56,767 [INFO] PluginManage:359 - Loaded plugin ipmanager (category:base,tabindex:5)
2024-11-30 01:53:56,768 [INFO] PluginManage:310 - Check plugin lpbam
2024-11-30 01:53:56,789 [INFO] PluginManage:359 - Loaded plugin lpbam (category:base,tabindex:0)
2024-11-30 01:53:56,789 [INFO] PluginManage:310 - Check plugin memorymap
2024-11-30 01:53:56,810 [INFO] PluginManage:359 - Loaded plugin memorymap (category:base,tabindex:4)
2024-11-30 01:53:56,810 [INFO] PluginManage:310 - Check plugin pinoutandconfiguration
2024-11-30 01:53:56,827 [INFO] PluginManage:359 - Loaded plugin pinoutandconfiguration (category:base,tabindex:1)
2024-11-30 01:53:56,827 [INFO] PluginManage:310 - Check plugin pinoutconfig
2024-11-30 01:53:57,023 [WARN] SupportedApi:132 - Cannot load RTOS API schema: s4s-elt-must-match.1: The content of 'definitions' must match (annotation?, (simpleType | complexType)?, (unique | key | keyref)*)). A problem was found starting at: attribute.
2024-11-30 01:53:57,257 [INFO] PluginManage:359 - Loaded plugin pinoutconfig (category:base,tabindex:0)
2024-11-30 01:53:57,257 [INFO] PluginManage:310 - Check plugin power
2024-11-30 01:53:57,271 [INFO] PluginManage:359 - Loaded plugin power (category:power,tabindex:4)
2024-11-30 01:53:57,272 [INFO] PluginManage:310 - Check plugin projectmanager
2024-11-30 01:53:57,297 [INFO] PluginManage:359 - Loaded plugin projectmanager (category:projectmanager,tabindex:4)
2024-11-30 01:53:57,298 [INFO] PluginManage:310 - Check plugin rif
2024-11-30 01:53:57,308 [INFO] PluginManage:359 - Loaded plugin rif (category:base,tabindex:3)
2024-11-30 01:53:57,309 [INFO] PluginManage:310 - Check plugin thirdparty
2024-11-30 01:53:57,493 [INFO] PluginManage:359 - Loaded plugin thirdparty (category:base,tabindex:-1)
2024-11-30 01:53:57,493 [WARN] IntegrityCheckThread:84 - waiting for thirdparty lock release [integrity check]
2024-11-30 01:53:57,493 [INFO] PluginManage:310 - Check plugin tools
2024-11-30 01:53:57,494 [INFO] IntegrityCheckThread:86 - entering critical section [integrity check]
2024-11-30 01:53:57,494 [INFO] ThirdPartyUpdaterWithRetryManager:70 - Updater plugin not ready yet. [1/15]
2024-11-30 01:53:57,497 [INFO] PluginManage:359 - Loaded plugin tools (category:base,tabindex:7)
2024-11-30 01:53:57,497 [INFO] PluginManage:310 - Check plugin tutovideos
2024-11-30 01:53:57,778 [INFO] PluginManage:359 - Loaded plugin tutovideos (category:base,tabindex:-1)
2024-11-30 01:53:57,778 [INFO] PluginManage:310 - Check plugin updater
2024-11-30 01:53:57,811 [INFO] PluginManage:359 - Loaded plugin updater (category:base,tabindex:12)
2024-11-30 01:53:57,812 [INFO] PluginManage:310 - Check plugin userauth
2024-11-30 01:53:57,822 [INFO] UserAuth:113 - Init User Auth plugin
2024-11-30 01:53:57,822 [INFO] PluginManage:359 - Loaded plugin userauth (category:base,tabindex:14)
2024-11-30 01:53:57,823 [INFO] PluginManage:283 - PluginManage : Loaded plugins [18]
2024-11-30 01:53:58,195 [INFO] PinOutPanel:1561 - setPackage(No Configuration,No Configuration)
2024-11-30 01:53:58,310 [INFO] CADModel:165 - CPN selected for project level
2024-11-30 01:53:58,310 [INFO] CADModel:114 - Register for checkConnection events
2024-11-30 01:53:58,324 [INFO] IPUIPlugin:80 - create IPUIPlugin
2024-11-30 01:53:58,325 [INFO] PluginManager:220 - loadIPPluginJar : add tracer_emb
2024-11-30 01:53:58,327 [INFO] IPUIPlugin:80 - create IPUIPlugin
2024-11-30 01:53:58,328 [INFO] PluginManager:220 - loadIPPluginJar : add ts
2024-11-30 01:53:58,343 [INFO] IPUIPlugin:80 - create IPUIPlugin
2024-11-30 01:53:58,343 [INFO] PluginManager:220 - loadIPPluginJar : add stm32_wpan
2024-11-30 01:53:58,351 [INFO] IPUIPlugin:80 - create IPUIPlugin
2024-11-30 01:53:58,352 [INFO] PluginManager:220 - loadIPPluginJar : add fmc
2024-11-30 01:53:58,356 [INFO] IPUIPlugin:80 - create IPUIPlugin
2024-11-30 01:53:58,356 [INFO] PluginManager:220 - loadIPPluginJar : add extmemmanager
2024-11-30 01:53:58,358 [INFO] IPUIPlugin:80 - create IPUIPlugin
2024-11-30 01:53:58,359 [INFO] PluginManager:220 - loadIPPluginJar : add fatfs
2024-11-30 01:53:58,370 [INFO] IPUIPlugin:80 - create IPUIPlugin
2024-11-30 01:53:58,374 [INFO] PluginManager:220 - loadIPPluginJar : add plateformsettings
2024-11-30 01:53:58,379 [INFO] IPUIPlugin:80 - create IPUIPlugin
2024-11-30 01:53:58,379 [INFO] PluginManager:220 - loadIPPluginJar : add dfsdm
2024-11-30 01:53:58,382 [INFO] IPUIPlugin:80 - create IPUIPlugin
2024-11-30 01:53:58,383 [INFO] PluginManager:220 - loadIPPluginJar : add lorawan
2024-11-30 01:53:58,388 [INFO] IPUIPlugin:80 - create IPUIPlugin
2024-11-30 01:53:58,388 [INFO] PluginManager:220 - loadIPPluginJar : add cryp
2024-11-30 01:53:58,393 [INFO] IPUIPlugin:80 - create IPUIPlugin
2024-11-30 01:53:58,393 [INFO] PluginManager:220 - loadIPPluginJar : add tim
2024-11-30 01:53:58,395 [INFO] IPUIPlugin:80 - create IPUIPlugin
2024-11-30 01:53:58,396 [INFO] PluginManager:220 - loadIPPluginJar : add genericplugin
2024-11-30 01:53:58,406 [INFO] IPUIPlugin:80 - create IPUIPlugin
2024-11-30 01:53:58,407 [INFO] PluginManager:220 - loadIPPluginJar : add gic
2024-11-30 01:53:58,412 [INFO] IPUIPlugin:80 - create IPUIPlugin
2024-11-30 01:53:58,412 [INFO] PluginManager:220 - loadIPPluginJar : add i3c
2024-11-30 01:53:58,416 [INFO] IPUIPlugin:80 - create IPUIPlugin
2024-11-30 01:53:58,416 [INFO] PluginManager:220 - loadIPPluginJar : add opamp
2024-11-30 01:53:58,427 [INFO] IPUIPlugin:80 - create IPUIPlugin
2024-11-30 01:53:58,428 [INFO] PluginManager:220 - loadIPPluginJar : add dma
2024-11-30 01:53:58,431 [INFO] IPUIPlugin:80 - create IPUIPlugin
2024-11-30 01:53:58,431 [INFO] PluginManager:220 - loadIPPluginJar : add hash
2024-11-30 01:53:58,439 [INFO] IPUIPlugin:80 - create IPUIPlugin
2024-11-30 01:53:58,439 [INFO] PluginManager:220 - loadIPPluginJar : add ipddr
2024-11-30 01:53:58,448 [INFO] IPUIPlugin:80 - create IPUIPlugin
2024-11-30 01:53:58,448 [INFO] PluginManager:220 - loadIPPluginJar : add gpio
2024-11-30 01:53:58,451 [INFO] IPUIPlugin:80 - create IPUIPlugin
2024-11-30 01:53:58,452 [INFO] PluginManager:220 - loadIPPluginJar : add gtzc
2024-11-30 01:53:58,456 [INFO] IPUIPlugin:80 - create IPUIPlugin
2024-11-30 01:53:58,456 [INFO] PluginManager:220 - loadIPPluginJar : add tsc
2024-11-30 01:53:58,459 [INFO] IPUIPlugin:80 - create IPUIPlugin
2024-11-30 01:53:58,460 [INFO] PluginManager:220 - loadIPPluginJar : add ucpd
2024-11-30 01:53:58,467 [INFO] IPUIPlugin:80 - create IPUIPlugin
2024-11-30 01:53:58,467 [INFO] PluginManager:220 - loadIPPluginJar : add can
2024-11-30 01:53:58,471 [INFO] IPUIPlugin:80 - create IPUIPlugin
2024-11-30 01:53:58,472 [INFO] PluginManager:220 - loadIPPluginJar : add i2c
2024-11-30 01:53:58,482 [INFO] IPUIPlugin:80 - create IPUIPlugin
2024-11-30 01:53:58,482 [INFO] PluginManager:220 - loadIPPluginJar : add linkedlist
2024-11-30 01:53:58,487 [INFO] IPUIPlugin:80 - create IPUIPlugin
2024-11-30 01:53:58,488 [INFO] PluginManager:220 - loadIPPluginJar : add usbx
2024-11-30 01:53:58,491 [INFO] IPUIPlugin:80 - create IPUIPlugin
2024-11-30 01:53:58,491 [INFO] PluginManager:220 - loadIPPluginJar : add aes
2024-11-30 01:53:58,494 [INFO] IPUIPlugin:80 - create IPUIPlugin
2024-11-30 01:53:58,494 [INFO] PluginManager:220 - loadIPPluginJar : add gfxmmu
2024-11-30 01:53:58,496 [INFO] IPUIPlugin:80 - create IPUIPlugin
2024-11-30 01:53:58,496 [INFO] PluginManager:220 - loadIPPluginJar : add quadspi
2024-11-30 01:53:58,499 [INFO] IPUIPlugin:80 - create IPUIPlugin
2024-11-30 01:53:58,499 [INFO] PluginManager:220 - loadIPPluginJar : add pdm2pcm
2024-11-30 01:53:58,504 [INFO] IPUIPlugin:80 - create IPUIPlugin
2024-11-30 01:53:58,504 [INFO] PluginManager:220 - loadIPPluginJar : add openamp
2024-11-30 01:53:58,508 [INFO] IPUIPlugin:80 - create IPUIPlugin
2024-11-30 01:53:58,508 [INFO] PluginManager:220 - loadIPPluginJar : add sai
2024-11-30 01:53:58,510 [INFO] IPUIPlugin:80 - create IPUIPlugin
2024-11-30 01:53:58,510 [INFO] PluginManager:220 - loadIPPluginJar : add usart
2024-11-30 01:53:58,517 [INFO] IPUIPlugin:80 - create IPUIPlugin
2024-11-30 01:53:58,517 [INFO] PluginManager:220 - loadIPPluginJar : add freertos
2024-11-30 01:53:58,522 [INFO] IPUIPlugin:80 - create IPUIPlugin
2024-11-30 01:53:58,522 [INFO] PluginManager:220 - loadIPPluginJar : add nvic
2024-11-30 01:53:58,524 [INFO] IPUIPlugin:80 - create IPUIPlugin
2024-11-30 01:53:58,524 [INFO] PluginManager:220 - loadIPPluginJar : add i2s
2024-11-30 01:53:58,530 [INFO] IPUIPlugin:80 - create IPUIPlugin
2024-11-30 01:53:58,531 [INFO] PluginManager:220 - loadIPPluginJar : add adc
2024-11-30 01:53:58,532 [INFO] IPUIPlugin:80 - create IPUIPlugin
2024-11-30 01:53:58,533 [INFO] PluginManager:220 - loadIPPluginJar : add ltdc
2024-11-30 01:53:58,534 [INFO] IPUIPlugin:80 - create IPUIPlugin
2024-11-30 01:53:58,535 [INFO] PluginManager:220 - loadIPPluginJar : add radio
2024-11-30 01:53:58,537 [INFO] IPUIPlugin:80 - create IPUIPlugin
2024-11-30 01:53:58,538 [INFO] PluginManager:220 - loadIPPluginJar : add comp
2024-11-30 01:53:58,540 [INFO] IPUIPlugin:80 - create IPUIPlugin
2024-11-30 01:53:58,540 [INFO] PluginManager:220 - loadIPPluginJar : add dma3
2024-11-30 01:53:58,543 [INFO] IPUIPlugin:80 - create IPUIPlugin
2024-11-30 01:53:58,543 [INFO] PluginManager:220 - loadIPPluginJar : add ddr_ctrl_phy
2024-11-30 01:53:58,548 [INFO] IPUIPlugin:80 - create IPUIPlugin
2024-11-30 01:53:58,548 [INFO] PluginManager:220 - loadIPPluginJar : add resmgrutility
2024-11-30 01:53:58,551 [INFO] IPUIPlugin:80 - create IPUIPlugin
2024-11-30 01:53:58,551 [INFO] PluginManager:220 - loadIPPluginJar : add spi
2024-11-30 01:53:58,558 [INFO] IPUIPlugin:80 - create IPUIPlugin
2024-11-30 01:53:58,558 [INFO] PluginManager:220 - loadIPPluginJar : add mdma
2024-11-30 01:53:58,561 [INFO] IPUIPlugin:80 - create IPUIPlugin
2024-11-30 01:53:58,562 [INFO] PluginManager:220 - loadIPPluginJar : add touchsensing
2024-11-30 01:53:58,674 [INFO] CADModel:165 - CPN selected for project level
2024-11-30 01:53:58,674 [INFO] CADModel:114 - Register for checkConnection events
2024-11-30 01:53:58,674 [FATAL] Updater:334 - Updater called before beeing initialized
2024-11-30 01:53:58,674 [ERROR] CADModel:125 - Updater not yet initialized, retry later 
2024-11-30 01:53:58,833 [INFO] CADModel:165 - CPN selected for project level
2024-11-30 01:53:58,833 [INFO] CADModel:114 - Register for checkConnection events
2024-11-30 01:53:58,833 [FATAL] Updater:334 - Updater called before beeing initialized
2024-11-30 01:53:58,834 [ERROR] CADModel:125 - Updater not yet initialized, retry later 
2024-11-30 01:53:58,839 [FATAL] Updater:334 - Updater called before beeing initialized
2024-11-30 01:53:58,954 [FATAL] Updater:334 - Updater called before beeing initialized
2024-11-30 01:53:58,958 [INFO] DbMcusAds:53 - JSON generation date=Fri Sep 20 10:04:38 ART 2024 (1726837478367)
2024-11-30 01:53:58,958 [FATAL] Updater:334 - Updater called before beeing initialized
2024-11-30 01:53:59,004 [WARN] DetailPanel:346 - Failed to get advertising image, set to default
2024-11-30 01:53:59,088 [FATAL] Updater:334 - Updater called before beeing initialized
2024-11-30 01:53:59,090 [FATAL] Updater:334 - Updater called before beeing initialized
2024-11-30 01:53:59,091 [FATAL] Updater:334 - Updater called before beeing initialized
2024-11-30 01:53:59,091 [WARN] DetailPanel:346 - Failed to get advertising image, set to default
2024-11-30 01:53:59,092 [FATAL] Updater:334 - Updater called before beeing initialized
2024-11-30 01:53:59,140 [ERROR] Updater:1164 - MainUpdater not yet initialized. External WinMGr cannot be set.
2024-11-30 01:53:59,143 [INFO] Updater:1100 - Updater Version found : 6.12.0
2024-11-30 01:53:59,172 [INFO] ApplicationProperties:184 - Using Application install path: /opt/st/stm32cubeide_1.16.0/plugins/com.st.stm32cube.common.mx_6.12.0.202406281431
2024-11-30 01:53:59,510 [INFO] MainUpdater:2873 - connection check result : 10
2024-11-30 01:53:59,511 [INFO] MainUpdater:290 - Updater Check For Update Now.
2024-11-30 01:53:59,511 [INFO] MicroXplorer:498 - Change Database Version : DB.6.0.120
2024-11-30 01:53:59,520 [INFO] McuFinderGlobals:63 - Set McuFinder mode to 2 (CubeIDE integrated)
2024-11-30 01:53:59,520 [INFO] UserAuth:179 - activating auth plugin
2024-11-30 01:53:59,529 [INFO] UserAuth:417 - Internet connection configuration mode: 1
2024-11-30 01:53:59,586 [INFO] JxBrowserEngine:152 - Initiate JxBrowser Engine with user profile folder
2024-11-30 01:53:59,770 [INFO] CheckServerUpdateThread:120 - End of CheckServer Thread
2024-11-30 01:54:00,709 [WARN] PackLoader:240 - Cannot read IP mode file for STMicroelectronics.FP-SNS-MOTENVWB1.1.4.0
2024-11-30 01:54:00,732 [WARN] PackLoader:240 - Cannot read IP mode file for STMicroelectronics.FP-ATR-ASTRA1.2.0.1
2024-11-30 01:54:00,746 [WARN] PackLoader:240 - Cannot read IP mode file for STMicroelectronics.X-CUBE-SMBUS.2.1.0
2024-11-30 01:54:00,764 [WARN] PackLoader:240 - Cannot read IP mode file for STMicroelectronics.X-CUBE-WB05N.1.1.0
2024-11-30 01:54:00,827 [WARN] PackLoader:240 - Cannot read IP mode file for STMicroelectronics.X-CUBE-AZRTOS-F7.1.1.0
2024-11-30 01:54:00,844 [WARN] PackLoader:240 - Cannot read IP mode file for STMicroelectronics.FP-SNS-FLIGHT1.5.0.2
2024-11-30 01:54:00,856 [WARN] PackLoader:240 - Cannot read IP mode file for STMicroelectronics.X-CUBE-DISPLAY.3.0.0
2024-11-30 01:54:00,893 [WARN] PackLoader:240 - Cannot read IP mode file for STMicroelectronics.X-CUBE-BLE1.7.0.0
2024-11-30 01:54:00,902 [WARN] PackLoader:240 - Cannot read IP mode file for emotas.I-CUBE-CANOPEN.1.3.0
2024-11-30 01:54:00,954 [WARN] PackLoader:240 - Cannot read IP mode file for STMicroelectronics.X-CUBE-BLEMGR.3.1.0
2024-11-30 01:54:00,973 [WARN] PackLoader:240 - Cannot read IP mode file for STMicroelectronics.FP-SNS-SMARTAG2.1.2.0
2024-11-30 01:54:01,005 [INFO] LogOutputStream:77 - [STDOUT_REDIRECT] 1 : Invalid condition id : UX_CORESTACK_Condition cause : null
2024-11-30 01:54:01,008 [INFO] LogOutputStream:77 - [STDOUT_REDIRECT] 1 : Invalid condition id : UX_CORESTACK_Condition cause : null
2024-11-30 01:54:01,009 [INFO] LogOutputStream:77 - [STDOUT_REDIRECT] 1 : Invalid condition id : UX_CORESTACK_Condition cause : null
2024-11-30 01:54:01,011 [INFO] LogOutputStream:77 - [STDOUT_REDIRECT] 1 : Invalid condition id : UX_CORESTACK_Condition cause : null
2024-11-30 01:54:01,012 [INFO] LogOutputStream:77 - [STDOUT_REDIRECT] 1 : Invalid condition id : UX_CORESTACK_Condition cause : null
2024-11-30 01:54:01,036 [WARN] PackLoader:240 - Cannot read IP mode file for STMicroelectronics.X-CUBE-AZRTOS-WL.2.0.0
2024-11-30 01:54:01,055 [WARN] PackLoader:240 - Cannot read IP mode file for STMicroelectronics.FP-SNS-MOTENV1.5.0.0
2024-11-30 01:54:01,078 [WARN] PackLoader:240 - Cannot read IP mode file for wolfSSL.I-CUBE-wolfMQTT.1.19.0
2024-11-30 01:54:01,102 [WARN] PackLoader:240 - Cannot read IP mode file for WES.I-CUBE-Cesium.1.3.0
2024-11-30 01:54:01,118 [WARN] PackLoader:240 - Cannot read IP mode file for STMicroelectronics.X-CUBE-BLE2.3.3.0
2024-11-30 01:54:01,135 [WARN] PackLoader:240 - Cannot read IP mode file for STMicroelectronics.X-CUBE-TCPP.4.1.0
2024-11-30 01:54:01,212 [WARN] PackLoader:240 - Cannot read IP mode file for STMicroelectronics.X-CUBE-AZRTOS-G0.1.1.0
2024-11-30 01:54:01,237 [WARN] PackLoader:240 - Cannot read IP mode file for STMicroelectronics.X-CUBE-SAFEA1.1.2.2
2024-11-30 01:54:01,248 [WARN] PackLoader:240 - Cannot read IP mode file for STMicroelectronics.X-CUBE-NFC4.3.0.0
2024-11-30 01:54:01,288 [WARN] PackLoader:240 - Cannot read IP mode file for EmbeddedOffice.I-CUBE-FS-RTOS.1.0.1
2024-11-30 01:54:01,289 [ERROR] ConditionMgr:805 - Attr not supported : Dmpu
2024-11-30 01:54:01,289 [ERROR] ConditionMgr:805 - Attr not supported : Dmpu
2024-11-30 01:54:01,289 [ERROR] ConditionMgr:805 - Attr not supported : Dmpu
2024-11-30 01:54:01,289 [ERROR] ConditionMgr:805 - Attr not supported : Dmpu
2024-11-30 01:54:01,289 [ERROR] ConditionMgr:805 - Attr not supported : Dmpu
2024-11-30 01:54:01,289 [ERROR] ConditionMgr:805 - Attr not supported : Dmpu
2024-11-30 01:54:01,290 [ERROR] ConditionMgr:805 - Attr not supported : Dmpu
2024-11-30 01:54:01,290 [ERROR] ConditionMgr:805 - Attr not supported : Dmpu
2024-11-30 01:54:01,290 [ERROR] ConditionMgr:805 - Attr not supported : Dmpu
2024-11-30 01:54:01,290 [ERROR] ConditionMgr:805 - Attr not supported : Dmpu
2024-11-30 01:54:01,290 [ERROR] ConditionMgr:805 - Attr not supported : Dmpu
2024-11-30 01:54:01,290 [ERROR] ConditionMgr:805 - Attr not supported : Dmpu
2024-11-30 01:54:01,290 [ERROR] ConditionMgr:805 - Attr not supported : Dmpu
2024-11-30 01:54:01,290 [ERROR] ConditionMgr:805 - Attr not supported : Dmpu
2024-11-30 01:54:01,291 [ERROR] ConditionMgr:805 - Attr not supported : Dmpu
2024-11-30 01:54:01,291 [ERROR] ConditionMgr:805 - Attr not supported : Dmpu
2024-11-30 01:54:01,291 [ERROR] ConditionMgr:805 - Attr not supported : Dmpu
2024-11-30 01:54:01,291 [ERROR] ConditionMgr:805 - Attr not supported : Dmpu
2024-11-30 01:54:01,291 [ERROR] ConditionMgr:805 - Attr not supported : Dmpu
2024-11-30 01:54:01,291 [ERROR] ConditionMgr:805 - Attr not supported : Dmpu
2024-11-30 01:54:01,291 [ERROR] ConditionMgr:805 - Attr not supported : Dmpu
2024-11-30 01:54:01,291 [ERROR] ConditionMgr:805 - Attr not supported : Dmpu
2024-11-30 01:54:01,291 [ERROR] ConditionMgr:805 - Attr not supported : Dmpu
2024-11-30 01:54:01,291 [ERROR] ConditionMgr:805 - Attr not supported : Dmpu
2024-11-30 01:54:01,292 [ERROR] ConditionMgr:805 - Attr not supported : Dmpu
2024-11-30 01:54:01,292 [ERROR] ConditionMgr:805 - Attr not supported : Dmpu
2024-11-30 01:54:01,292 [ERROR] ConditionMgr:805 - Attr not supported : Dmpu
2024-11-30 01:54:01,292 [ERROR] ConditionMgr:805 - Attr not supported : Dmpu
2024-11-30 01:54:01,292 [ERROR] ConditionMgr:805 - Attr not supported : Dmpu
2024-11-30 01:54:01,292 [ERROR] ConditionMgr:805 - Attr not supported : Dmpu
2024-11-30 01:54:01,292 [ERROR] ConditionMgr:805 - Attr not supported : Dmpu
2024-11-30 01:54:01,292 [ERROR] ConditionMgr:805 - Attr not supported : Dmpu
2024-11-30 01:54:01,292 [ERROR] ConditionMgr:805 - Attr not supported : Dmpu
2024-11-30 01:54:01,292 [ERROR] ConditionMgr:805 - Attr not supported : Dmpu
2024-11-30 01:54:01,293 [ERROR] ConditionMgr:805 - Attr not supported : Dmpu
2024-11-30 01:54:01,293 [ERROR] ConditionMgr:805 - Attr not supported : Dmpu
2024-11-30 01:54:01,293 [ERROR] ConditionMgr:805 - Attr not supported : Dmpu
2024-11-30 01:54:01,293 [ERROR] ConditionMgr:805 - Attr not supported : Dmpu
2024-11-30 01:54:01,293 [ERROR] ConditionMgr:805 - Attr not supported : Dmpu
2024-11-30 01:54:01,293 [ERROR] ConditionMgr:805 - Attr not supported : Dmpu
2024-11-30 01:54:01,293 [ERROR] ConditionMgr:805 - Attr not supported : Dmpu
2024-11-30 01:54:01,294 [ERROR] ConditionMgr:805 - Attr not supported : Dmpu
2024-11-30 01:54:01,294 [ERROR] ConditionMgr:805 - Attr not supported : Dmpu
2024-11-30 01:54:01,294 [ERROR] ConditionMgr:805 - Attr not supported : Dmpu
2024-11-30 01:54:01,294 [ERROR] ConditionMgr:805 - Attr not supported : Dmpu
2024-11-30 01:54:01,294 [ERROR] ConditionMgr:805 - Attr not supported : Dmpu
2024-11-30 01:54:01,294 [ERROR] ConditionMgr:805 - Attr not supported : Dmpu
2024-11-30 01:54:01,294 [ERROR] ConditionMgr:805 - Attr not supported : Dmpu
2024-11-30 01:54:01,294 [ERROR] ConditionMgr:805 - Attr not supported : Dmpu
2024-11-30 01:54:01,295 [ERROR] ConditionMgr:805 - Attr not supported : Dmpu
2024-11-30 01:54:01,295 [ERROR] ConditionMgr:805 - Attr not supported : Dmpu
2024-11-30 01:54:01,295 [ERROR] ConditionMgr:805 - Attr not supported : Dmpu
2024-11-30 01:54:01,295 [ERROR] ConditionMgr:805 - Attr not supported : Dmpu
2024-11-30 01:54:01,295 [ERROR] ConditionMgr:805 - Attr not supported : Dmpu
2024-11-30 01:54:01,295 [ERROR] ConditionMgr:805 - Attr not supported : Dmpu
2024-11-30 01:54:01,296 [ERROR] ConditionMgr:805 - Attr not supported : Dmpu
2024-11-30 01:54:01,296 [ERROR] ConditionMgr:805 - Attr not supported : Dmpu
2024-11-30 01:54:01,296 [ERROR] ConditionMgr:805 - Attr not supported : Dmpu
2024-11-30 01:54:01,296 [ERROR] ConditionMgr:805 - Attr not supported : Dmpu
2024-11-30 01:54:01,296 [ERROR] ConditionMgr:805 - Attr not supported : Dmpu
2024-11-30 01:54:01,296 [ERROR] ConditionMgr:805 - Attr not supported : Dmpu
2024-11-30 01:54:01,296 [ERROR] ConditionMgr:805 - Attr not supported : Dmpu
2024-11-30 01:54:01,296 [ERROR] ConditionMgr:805 - Attr not supported : Dmpu
2024-11-30 01:54:01,297 [ERROR] ConditionMgr:805 - Attr not supported : Dmpu
2024-11-30 01:54:01,310 [WARN] PackLoader:240 - Cannot read IP mode file for RealThread.X-CUBE-RT-Thread_Nano.4.1.1
2024-11-30 01:54:01,320 [WARN] PackLoader:240 - Cannot read IP mode file for STMicroelectronics.FP-ATR-SIGFOX1.3.2.0
2024-11-30 01:54:01,329 [WARN] ConditionMgr:438 - getConditionDescription Invalid condition id : Cortex-A Device cause : null
2024-11-30 01:54:01,376 [WARN] ConditionMgr:1039 - genDependencies : Invalid condition id : Cortex-A Device cause : null
2024-11-30 01:54:01,376 [WARN] ConditionMgr:1039 - genDependencies : Invalid condition id : Cortex-A Device cause : null
2024-11-30 01:54:01,376 [WARN] ConditionMgr:1039 - genDependencies : Invalid condition id : Cortex-A Device cause : null
2024-11-30 01:54:01,397 [WARN] PackLoader:240 - Cannot read IP mode file for STMicroelectronics.X-CUBE-EEPRMA1.5.1.0
2024-11-30 01:54:01,427 [WARN] PackLoader:240 - Cannot read IP mode file for wolfSSL.I-CUBE-wolfSSL.5.7.4
2024-11-30 01:54:01,447 [WARN] PackLoader:240 - Cannot read IP mode file for ITTIA_DB.I-CUBE-ITTIADB.8.9.0
2024-11-30 01:54:01,570 [WARN] PackLoader:240 - Cannot read IP mode file for SEGGER.I-CUBE-embOS.1.3.1
2024-11-30 01:54:01,649 [WARN] PackLoader:240 - Cannot read IP mode file for STMicroelectronics.X-CUBE-ALGOBUILD.1.4.0
2024-11-30 01:54:01,683 [WARN] PackLoader:240 - Cannot read IP mode file for STMicroelectronics.X-CUBE-AZRTOS-F4.1.1.0
2024-11-30 01:54:01,713 [WARN] PackLoader:240 - Cannot read IP mode file for STMicroelectronics.X-CUBE-FREERTOS.1.2.0
2024-11-30 01:54:01,758 [WARN] PackLoader:240 - Cannot read IP mode file for STMicroelectronics.X-CUBE-AZRTOS-L5.2.0.0
2024-11-30 01:54:01,780 [WARN] PackLoader:240 - Cannot read IP mode file for STMicroelectronics.X-CUBE-NFC6.3.1.0
2024-11-30 01:54:01,800 [WARN] PackLoader:240 - Cannot read IP mode file for STMicroelectronics.X-CUBE-NFC7.1.0.1
2024-11-30 01:54:01,862 [WARN] ConditionMgr:438 - getConditionDescription Invalid condition id : LAN8742 Phy interface Condition cause : null
2024-11-30 01:54:01,864 [WARN] PackLoader:240 - Cannot read IP mode file for STMicroelectronics.X-CUBE-AZRTOS-L4.2.0.0
2024-11-30 01:54:01,866 [WARN] ConditionMgr:1039 - genDependencies : Invalid condition id : LAN8742 Phy interface Condition cause : null
2024-11-30 01:54:01,867 [WARN] ConditionMgr:1039 - genDependencies : Invalid condition id : LAN8742 Phy interface Condition cause : null
2024-11-30 01:54:01,868 [WARN] ConditionMgr:1039 - genDependencies : Invalid condition id : LAN8742 Phy interface Condition cause : null
2024-11-30 01:54:01,891 [WARN] PackLoader:240 - Cannot read IP mode file for STMicroelectronics.X-CUBE-SFXS2LP1.4.0.0
2024-11-30 01:54:01,963 [WARN] PackLoader:240 - Cannot read IP mode file for STMicroelectronics.X-CUBE-AZRTOS-H7.3.3.0
2024-11-30 01:54:01,986 [WARN] ConditionMgr:438 - getConditionDescription Invalid condition id : UX DEVICE CLASS RTOS Condition cause : null
2024-11-30 01:54:01,987 [WARN] ConditionMgr:438 - getConditionDescription Invalid condition id : UX DEVICE CLASS RTOS Condition cause : null
2024-11-30 01:54:01,990 [WARN] PackLoader:240 - Cannot read IP mode file for STMicroelectronics.X-CUBE-AZRTOS-WB.2.0.0
2024-11-30 01:54:01,991 [WARN] ConditionMgr:1039 - genDependencies : Invalid condition id : UX DEVICE CLASS RTOS Condition cause : null
2024-11-30 01:54:01,992 [WARN] ConditionMgr:1039 - genDependencies : Invalid condition id : UX DEVICE CLASS RTOS Condition cause : null
2024-11-30 01:54:01,992 [WARN] ConditionMgr:1039 - genDependencies : Invalid condition id : UX DEVICE CLASS RTOS Condition cause : null
2024-11-30 01:54:01,993 [WARN] ConditionMgr:1039 - genDependencies : Invalid condition id : UX DEVICE CLASS RTOS Condition cause : null
2024-11-30 01:54:01,993 [WARN] ConditionMgr:1039 - genDependencies : Invalid condition id : UX DEVICE CLASS RTOS Condition cause : null
2024-11-30 01:54:02,009 [WARN] PackLoader:240 - Cannot read IP mode file for STMicroelectronics.X-CUBE-SUBG2.5.0.0
2024-11-30 01:54:02,022 [WARN] PackLoader:240 - Cannot read IP mode file for Cesanta.I-CUBE-Mongoose.7.13.0
2024-11-30 01:54:02,026 [INFO] WebApp:167 - Instantiating new browser for Auth
2024-11-30 01:54:02,052 [WARN] PackLoader:240 - Cannot read IP mode file for STMicroelectronics.X-CUBE-AZRTOS-G4.2.0.0
2024-11-30 01:54:02,064 [WARN] PackLoader:240 - Cannot read IP mode file for STMicroelectronics.X-CUBE-ALS.1.0.2
2024-11-30 01:54:02,077 [WARN] PackLoader:240 - Cannot read IP mode file for STMicroelectronics.X-CUBE-TOUCHGFX.4.24.1
2024-11-30 01:54:02,095 [WARN] PackLoader:240 - Cannot read IP mode file for wolfSSL.I-CUBE-wolfTPM.3.4.0
2024-11-30 01:54:02,108 [WARN] PackLoader:240 - Cannot read IP mode file for portGmbH.I-Cube-SoM-uGOAL.1.1.0
2024-11-30 01:54:02,144 [WARN] PackLoader:240 - Cannot read IP mode file for STMicroelectronics.X-CUBE-AZRTOS-H7RS.1.0.0
2024-11-30 01:54:02,154 [WARN] PackLoader:240 - Cannot read IP mode file for STMicroelectronics.FP-ATR-ASTRA1.2.0.0
2024-11-30 01:54:02,178 [WARN] PackLoader:240 - Cannot read IP mode file for Infineon.AIROC-Wi-Fi-Bluetooth-STM32.1.6.1
2024-11-30 01:54:02,189 [WARN] PackLoader:240 - Cannot read IP mode file for wolfSSL.I-CUBE-wolfSSH.1.4.17
2024-11-30 01:54:02,190 [INFO] ThirdParty:978 - Integrity check success = true
2024-11-30 01:54:02,190 [INFO] IntegrityCheckThread:100 - exiting critical section [integrity check]
2024-11-30 01:54:02,190 [INFO] IntegrityCheckThread:103 - End integrity checks thread
2024-11-30 01:54:03,748 [INFO] WebApp:448 - Apply proxy settings
2024-11-30 01:54:03,749 [INFO] WebApp:533 - Chromium requires no authentication
2024-11-30 01:54:03,757 [INFO] WebApp:476 - Direct internet connection detected
2024-11-30 01:54:03,779 [INFO] WebApp:869 - Register for checkConnection events
2024-11-30 01:54:03,779 [INFO] WebApp:448 - Apply proxy settings
2024-11-30 01:54:03,780 [INFO] WebApp:533 - Chromium requires no authentication
2024-11-30 01:54:03,780 [INFO] WebApp:476 - Direct internet connection detected
2024-11-30 01:54:03,960 [INFO] WebApp:220 - Starting web application
2024-11-30 01:54:03,961 [INFO] WebApp:578 - Web application path used /opt/st/stm32cubeide_1.16.0/plugins/com.st.stm32cube.common.mx_6.12.0.202406281431/db/plugins/mcufinder/reactClient1/index.html
2024-11-30 01:54:04,036 [INFO] WebApp:186 - Connection restablished
2024-11-30 23:40:21,495 [INFO] Activator:176 - 


2024-11-30 23:40:21,497 [INFO] Activator:177 - !SESSION log4j initialized
2024-11-30 23:40:28,774 [INFO] LogOutputStream:77 - [STDOUT_REDIRECT] 
2024-11-30 23:40:30,498 [INFO] ApplicationProperties:184 - Using Application install path: /opt/st/stm32cubeide_1.16.0/plugins/com.st.stm32cube.common.mx_6.12.0.202406281431
2024-11-30 23:40:30,521 [INFO] DbMcusXml:78 - Set database path to: /opt/st/stm32cubeide_1.16.0/plugins/com.st.stm32cube.common.mx_6.12.0.202406281431//db//mcu/
2024-11-30 23:40:30,521 [INFO] ApiDb:274 - Set plugin database path to: /opt/st/stm32cubeide_1.16.0/plugins/com.st.stm32cube.common.mx_6.12.0.202406281431//db//plugins/boardmanager/
2024-11-30 23:40:30,522 [WARN] ApiDb:259 - Overriding images path with different value:  => /opt/st/stm32cubeide_1.16.0/plugins/com.st.stm32cube.common.mx_6.12.0.202406281431//db//plugins/mcufinder/images/
2024-11-30 23:40:30,534 [INFO] ApiDb:250 - Set database path to: /home/gabriel/.stmcufinder/plugins/mcufinder//mcu/
2024-11-30 23:40:30,536 [INFO] DbMcusAds:125 - Set database path to: /home/gabriel/.stmcufinder/plugins/mcufinder//mcu/
2024-11-30 23:40:30,539 [INFO] CrossReferenceDbSqlite:203 - Set database path to: /home/gabriel/.stmcufinder/plugins/mcufinder//mcu/cs/
2024-11-30 23:40:30,687 [INFO] RulesReader:64 - Compatibility file has been processed (297 Rules)
2024-11-30 23:40:30,784 [INFO] DbMcusXml:78 - Set database path to: /opt/st/stm32cubeide_1.16.0/plugins/com.st.stm32cube.common.mx_6.12.0.202406281431//db//mcu/
2024-11-30 23:40:30,785 [INFO] ApiDb:274 - Set plugin database path to: /opt/st/stm32cubeide_1.16.0/plugins/com.st.stm32cube.common.mx_6.12.0.202406281431//db//plugins/boardmanager/
2024-11-30 23:40:30,785 [INFO] ApiDb:261 - Set plugin images path to: /opt/st/stm32cubeide_1.16.0/plugins/com.st.stm32cube.common.mx_6.12.0.202406281431//db//plugins/mcufinder/images/
2024-11-30 23:40:30,785 [WARN] DbFile:41 - Overriding database path with different value: /home/gabriel/.stmcufinder/plugins/mcufinder/ => /home/gabriel/.stmcufinder/plugins/mcufinder
2024-11-30 23:40:30,786 [INFO] ApiDb:250 - Set database path to: /home/gabriel/.stmcufinder/plugins/mcufinder//mcu/
2024-11-30 23:40:30,786 [WARN] DbFile:41 - Overriding database path with different value: /home/gabriel/.stmcufinder/plugins/mcufinder/ => /home/gabriel/.stmcufinder/plugins/mcufinder
2024-11-30 23:40:30,786 [INFO] DbMcusAds:125 - Set database path to: /home/gabriel/.stmcufinder/plugins/mcufinder//mcu/
2024-11-30 23:40:30,786 [WARN] DbFile:41 - Overriding database path with different value: /home/gabriel/.stmcufinder/plugins/mcufinder/ => /home/gabriel/.stmcufinder/plugins/mcufinder
2024-11-30 23:40:30,787 [WARN] DbFile:41 - Overriding database path with different value: /home/gabriel/.stmcufinder/plugins/mcufinder/ => /home/gabriel/.stmcufinder/plugins/mcufinder
2024-11-30 23:40:30,787 [INFO] CrossReferenceDbSqlite:203 - Set database path to: /home/gabriel/.stmcufinder/plugins/mcufinder//mcu/cs/
2024-11-30 23:40:30,886 [INFO] MainPanel:268 - HeapMemory: 268435456
2024-11-30 23:40:31,070 [INFO] DbMcusXml:78 - Set database path to: /opt/st/stm32cubeide_1.16.0/plugins/com.st.stm32cube.common.mx_6.12.0.202406281431//db//mcu/
2024-11-30 23:40:31,071 [INFO] ApiDb:274 - Set plugin database path to: /opt/st/stm32cubeide_1.16.0/plugins/com.st.stm32cube.common.mx_6.12.0.202406281431//db//plugins/boardmanager/
2024-11-30 23:40:31,071 [INFO] ApiDb:261 - Set plugin images path to: /opt/st/stm32cubeide_1.16.0/plugins/com.st.stm32cube.common.mx_6.12.0.202406281431//db//plugins/mcufinder/images/
2024-11-30 23:40:31,072 [WARN] DbFile:41 - Overriding database path with different value: /home/gabriel/.stmcufinder/plugins/mcufinder/ => /home/gabriel/.stmcufinder/plugins/mcufinder
2024-11-30 23:40:31,072 [INFO] ApiDb:250 - Set database path to: /home/gabriel/.stmcufinder/plugins/mcufinder//mcu/
2024-11-30 23:40:31,072 [WARN] DbFile:41 - Overriding database path with different value: /home/gabriel/.stmcufinder/plugins/mcufinder/ => /home/gabriel/.stmcufinder/plugins/mcufinder
2024-11-30 23:40:31,073 [INFO] DbMcusAds:125 - Set database path to: /home/gabriel/.stmcufinder/plugins/mcufinder//mcu/
2024-11-30 23:40:31,073 [WARN] DbFile:41 - Overriding database path with different value: /home/gabriel/.stmcufinder/plugins/mcufinder/ => /home/gabriel/.stmcufinder/plugins/mcufinder
2024-11-30 23:40:31,073 [WARN] DbFile:41 - Overriding database path with different value: /home/gabriel/.stmcufinder/plugins/mcufinder/ => /home/gabriel/.stmcufinder/plugins/mcufinder
2024-11-30 23:40:31,073 [INFO] CrossReferenceDbSqlite:203 - Set database path to: /home/gabriel/.stmcufinder/plugins/mcufinder//mcu/cs/
2024-11-30 23:40:31,095 [INFO] ApplicationProperties:184 - Using Application install path: /opt/st/stm32cubeide_1.16.0/plugins/com.st.stm32cube.common.mx_6.12.0.202406281431
2024-11-30 23:40:31,096 [INFO] PluginManage:196 - Search for loadable plugins [exclusion list=, ]
2024-11-30 23:40:31,098 [INFO] PluginManage:310 - Check plugin analytics
2024-11-30 23:40:31,342 [INFO] AnalyticsPlugin:253 - Accepted Software Licenses: 
2024-11-30 23:40:31,343 [INFO] AnalyticsPlugin:255 - Accepted CMSIS Pack Licenses: 
2024-11-30 23:40:31,343 [INFO] AnalyticsPlugin:257 - Accepted Firmware Licenses: 
2024-11-30 23:40:31,347 [INFO] PluginManage:359 - Loaded plugin analytics (category:tool,tabindex:-1)
2024-11-30 23:40:31,347 [INFO] PluginManage:310 - Check plugin cadmodel
2024-11-30 23:40:31,354 [INFO] CADModel:105 - Init CAD model plugin
2024-11-30 23:40:31,355 [INFO] PluginManage:359 - Loaded plugin cadmodel (category:power,tabindex:5)
2024-11-30 23:40:31,355 [INFO] PluginManage:310 - Check plugin clock
2024-11-30 23:40:31,371 [INFO] PluginManage:359 - Loaded plugin clock (category:base,tabindex:2)
2024-11-30 23:40:31,371 [INFO] PluginManage:310 - Check plugin ddr
2024-11-30 23:40:31,375 [INFO] PluginManage:359 - Loaded plugin ddr (category:tool,tabindex:6)
2024-11-30 23:40:31,375 [INFO] PluginManage:310 - Check plugin filemanager
2024-11-30 23:40:31,563 [INFO] PluginManage:359 - Loaded plugin filemanager (category:base,tabindex:10)
2024-11-30 23:40:31,564 [INFO] PluginManage:310 - Check plugin ipmanager
2024-11-30 23:40:31,571 [INFO] PluginManage:359 - Loaded plugin ipmanager (category:base,tabindex:5)
2024-11-30 23:40:31,571 [INFO] PluginManage:310 - Check plugin lpbam
2024-11-30 23:40:31,585 [INFO] PluginManage:359 - Loaded plugin lpbam (category:base,tabindex:0)
2024-11-30 23:40:31,585 [INFO] PluginManage:310 - Check plugin memorymap
2024-11-30 23:40:31,600 [INFO] PluginManage:359 - Loaded plugin memorymap (category:base,tabindex:4)
2024-11-30 23:40:31,600 [INFO] PluginManage:310 - Check plugin pinoutandconfiguration
2024-11-30 23:40:31,614 [INFO] PluginManage:359 - Loaded plugin pinoutandconfiguration (category:base,tabindex:1)
2024-11-30 23:40:31,614 [INFO] PluginManage:310 - Check plugin pinoutconfig
2024-11-30 23:40:31,733 [WARN] SupportedApi:132 - Cannot load RTOS API schema: s4s-elt-must-match.1: The content of 'definitions' must match (annotation?, (simpleType | complexType)?, (unique | key | keyref)*)). A problem was found starting at: attribute.
2024-11-30 23:40:31,926 [INFO] PluginManage:359 - Loaded plugin pinoutconfig (category:base,tabindex:0)
2024-11-30 23:40:31,926 [INFO] PluginManage:310 - Check plugin power
2024-11-30 23:40:31,942 [INFO] PluginManage:359 - Loaded plugin power (category:power,tabindex:4)
2024-11-30 23:40:31,942 [INFO] PluginManage:310 - Check plugin projectmanager
2024-11-30 23:40:31,966 [INFO] PluginManage:359 - Loaded plugin projectmanager (category:projectmanager,tabindex:4)
2024-11-30 23:40:31,966 [INFO] PluginManage:310 - Check plugin rif
2024-11-30 23:40:31,976 [INFO] PluginManage:359 - Loaded plugin rif (category:base,tabindex:3)
2024-11-30 23:40:31,976 [INFO] PluginManage:310 - Check plugin thirdparty
2024-11-30 23:40:32,158 [WARN] IntegrityCheckThread:84 - waiting for thirdparty lock release [integrity check]
2024-11-30 23:40:32,158 [INFO] IntegrityCheckThread:86 - entering critical section [integrity check]
2024-11-30 23:40:32,159 [INFO] PluginManage:359 - Loaded plugin thirdparty (category:base,tabindex:-1)
2024-11-30 23:40:32,159 [INFO] PluginManage:310 - Check plugin tools
2024-11-30 23:40:32,160 [INFO] ThirdPartyUpdaterWithRetryManager:70 - Updater plugin not ready yet. [1/15]
2024-11-30 23:40:32,163 [INFO] PluginManage:359 - Loaded plugin tools (category:base,tabindex:7)
2024-11-30 23:40:32,163 [INFO] PluginManage:310 - Check plugin tutovideos
2024-11-30 23:40:32,523 [INFO] PluginManage:359 - Loaded plugin tutovideos (category:base,tabindex:-1)
2024-11-30 23:40:32,523 [INFO] PluginManage:310 - Check plugin updater
2024-11-30 23:40:32,582 [INFO] PluginManage:359 - Loaded plugin updater (category:base,tabindex:12)
2024-11-30 23:40:32,582 [INFO] PluginManage:310 - Check plugin userauth
2024-11-30 23:40:32,598 [INFO] UserAuth:113 - Init User Auth plugin
2024-11-30 23:40:32,599 [INFO] PluginManage:359 - Loaded plugin userauth (category:base,tabindex:14)
2024-11-30 23:40:32,600 [INFO] PluginManage:283 - PluginManage : Loaded plugins [18]
2024-11-30 23:40:33,036 [INFO] PinOutPanel:1561 - setPackage(No Configuration,No Configuration)
2024-11-30 23:40:33,128 [INFO] CADModel:165 - CPN selected for project level
2024-11-30 23:40:33,129 [INFO] CADModel:114 - Register for checkConnection events
2024-11-30 23:40:33,140 [INFO] IPUIPlugin:80 - create IPUIPlugin
2024-11-30 23:40:33,140 [INFO] PluginManager:220 - loadIPPluginJar : add tracer_emb
2024-11-30 23:40:33,142 [INFO] IPUIPlugin:80 - create IPUIPlugin
2024-11-30 23:40:33,143 [INFO] PluginManager:220 - loadIPPluginJar : add ts
2024-11-30 23:40:33,156 [INFO] IPUIPlugin:80 - create IPUIPlugin
2024-11-30 23:40:33,156 [INFO] PluginManager:220 - loadIPPluginJar : add stm32_wpan
2024-11-30 23:40:33,162 [INFO] IPUIPlugin:80 - create IPUIPlugin
2024-11-30 23:40:33,162 [INFO] PluginManager:220 - loadIPPluginJar : add fmc
2024-11-30 23:40:33,166 [INFO] IPUIPlugin:80 - create IPUIPlugin
2024-11-30 23:40:33,166 [INFO] PluginManager:220 - loadIPPluginJar : add extmemmanager
2024-11-30 23:40:33,168 [INFO] IPUIPlugin:80 - create IPUIPlugin
2024-11-30 23:40:33,168 [INFO] PluginManager:220 - loadIPPluginJar : add fatfs
2024-11-30 23:40:33,177 [INFO] IPUIPlugin:80 - create IPUIPlugin
2024-11-30 23:40:33,181 [INFO] PluginManager:220 - loadIPPluginJar : add plateformsettings
2024-11-30 23:40:33,185 [INFO] IPUIPlugin:80 - create IPUIPlugin
2024-11-30 23:40:33,185 [INFO] PluginManager:220 - loadIPPluginJar : add dfsdm
2024-11-30 23:40:33,189 [INFO] IPUIPlugin:80 - create IPUIPlugin
2024-11-30 23:40:33,189 [INFO] PluginManager:220 - loadIPPluginJar : add lorawan
2024-11-30 23:40:33,192 [INFO] IPUIPlugin:80 - create IPUIPlugin
2024-11-30 23:40:33,193 [INFO] PluginManager:220 - loadIPPluginJar : add cryp
2024-11-30 23:40:33,194 [INFO] IPUIPlugin:80 - create IPUIPlugin
2024-11-30 23:40:33,195 [INFO] PluginManager:220 - loadIPPluginJar : add tim
2024-11-30 23:40:33,196 [INFO] IPUIPlugin:80 - create IPUIPlugin
2024-11-30 23:40:33,196 [INFO] PluginManager:220 - loadIPPluginJar : add genericplugin
2024-11-30 23:40:33,202 [INFO] IPUIPlugin:80 - create IPUIPlugin
2024-11-30 23:40:33,203 [INFO] PluginManager:220 - loadIPPluginJar : add gic
2024-11-30 23:40:33,206 [INFO] IPUIPlugin:80 - create IPUIPlugin
2024-11-30 23:40:33,207 [INFO] PluginManager:220 - loadIPPluginJar : add i3c
2024-11-30 23:40:33,210 [INFO] IPUIPlugin:80 - create IPUIPlugin
2024-11-30 23:40:33,210 [INFO] PluginManager:220 - loadIPPluginJar : add opamp
2024-11-30 23:40:33,218 [INFO] IPUIPlugin:80 - create IPUIPlugin
2024-11-30 23:40:33,218 [INFO] PluginManager:220 - loadIPPluginJar : add dma
2024-11-30 23:40:33,221 [INFO] IPUIPlugin:80 - create IPUIPlugin
2024-11-30 23:40:33,221 [INFO] PluginManager:220 - loadIPPluginJar : add hash
2024-11-30 23:40:33,224 [INFO] IPUIPlugin:80 - create IPUIPlugin
2024-11-30 23:40:33,224 [INFO] PluginManager:220 - loadIPPluginJar : add ipddr
2024-11-30 23:40:33,228 [INFO] IPUIPlugin:80 - create IPUIPlugin
2024-11-30 23:40:33,229 [INFO] PluginManager:220 - loadIPPluginJar : add gpio
2024-11-30 23:40:33,231 [INFO] IPUIPlugin:80 - create IPUIPlugin
2024-11-30 23:40:33,231 [INFO] PluginManager:220 - loadIPPluginJar : add gtzc
2024-11-30 23:40:33,233 [INFO] IPUIPlugin:80 - create IPUIPlugin
2024-11-30 23:40:33,234 [INFO] PluginManager:220 - loadIPPluginJar : add tsc
2024-11-30 23:40:33,236 [INFO] IPUIPlugin:80 - create IPUIPlugin
2024-11-30 23:40:33,236 [INFO] PluginManager:220 - loadIPPluginJar : add ucpd
2024-11-30 23:40:33,240 [INFO] IPUIPlugin:80 - create IPUIPlugin
2024-11-30 23:40:33,240 [INFO] PluginManager:220 - loadIPPluginJar : add can
2024-11-30 23:40:33,243 [INFO] IPUIPlugin:80 - create IPUIPlugin
2024-11-30 23:40:33,244 [INFO] PluginManager:220 - loadIPPluginJar : add i2c
2024-11-30 23:40:33,255 [INFO] IPUIPlugin:80 - create IPUIPlugin
2024-11-30 23:40:33,255 [INFO] PluginManager:220 - loadIPPluginJar : add linkedlist
2024-11-30 23:40:33,259 [INFO] IPUIPlugin:80 - create IPUIPlugin
2024-11-30 23:40:33,259 [INFO] PluginManager:220 - loadIPPluginJar : add usbx
2024-11-30 23:40:33,263 [INFO] IPUIPlugin:80 - create IPUIPlugin
2024-11-30 23:40:33,263 [INFO] PluginManager:220 - loadIPPluginJar : add aes
2024-11-30 23:40:33,267 [INFO] IPUIPlugin:80 - create IPUIPlugin
2024-11-30 23:40:33,267 [INFO] PluginManager:220 - loadIPPluginJar : add gfxmmu
2024-11-30 23:40:33,270 [INFO] IPUIPlugin:80 - create IPUIPlugin
2024-11-30 23:40:33,270 [INFO] PluginManager:220 - loadIPPluginJar : add quadspi
2024-11-30 23:40:33,274 [INFO] IPUIPlugin:80 - create IPUIPlugin
2024-11-30 23:40:33,274 [INFO] PluginManager:220 - loadIPPluginJar : add pdm2pcm
2024-11-30 23:40:33,278 [INFO] IPUIPlugin:80 - create IPUIPlugin
2024-11-30 23:40:33,278 [INFO] PluginManager:220 - loadIPPluginJar : add openamp
2024-11-30 23:40:33,283 [INFO] IPUIPlugin:80 - create IPUIPlugin
2024-11-30 23:40:33,283 [INFO] PluginManager:220 - loadIPPluginJar : add sai
2024-11-30 23:40:33,287 [INFO] IPUIPlugin:80 - create IPUIPlugin
2024-11-30 23:40:33,288 [INFO] PluginManager:220 - loadIPPluginJar : add usart
2024-11-30 23:40:33,296 [INFO] IPUIPlugin:80 - create IPUIPlugin
2024-11-30 23:40:33,296 [INFO] PluginManager:220 - loadIPPluginJar : add freertos
2024-11-30 23:40:33,302 [INFO] IPUIPlugin:80 - create IPUIPlugin
2024-11-30 23:40:33,302 [INFO] PluginManager:220 - loadIPPluginJar : add nvic
2024-11-30 23:40:33,306 [INFO] IPUIPlugin:80 - create IPUIPlugin
2024-11-30 23:40:33,306 [INFO] PluginManager:220 - loadIPPluginJar : add i2s
2024-11-30 23:40:33,316 [INFO] IPUIPlugin:80 - create IPUIPlugin
2024-11-30 23:40:33,317 [INFO] PluginManager:220 - loadIPPluginJar : add adc
2024-11-30 23:40:33,319 [INFO] IPUIPlugin:80 - create IPUIPlugin
2024-11-30 23:40:33,319 [INFO] PluginManager:220 - loadIPPluginJar : add ltdc
2024-11-30 23:40:33,322 [INFO] IPUIPlugin:80 - create IPUIPlugin
2024-11-30 23:40:33,323 [INFO] PluginManager:220 - loadIPPluginJar : add radio
2024-11-30 23:40:33,325 [INFO] IPUIPlugin:80 - create IPUIPlugin
2024-11-30 23:40:33,325 [INFO] PluginManager:220 - loadIPPluginJar : add comp
2024-11-30 23:40:33,328 [INFO] IPUIPlugin:80 - create IPUIPlugin
2024-11-30 23:40:33,328 [INFO] PluginManager:220 - loadIPPluginJar : add dma3
2024-11-30 23:40:33,331 [INFO] IPUIPlugin:80 - create IPUIPlugin
2024-11-30 23:40:33,331 [INFO] PluginManager:220 - loadIPPluginJar : add ddr_ctrl_phy
2024-11-30 23:40:33,336 [INFO] IPUIPlugin:80 - create IPUIPlugin
2024-11-30 23:40:33,336 [INFO] PluginManager:220 - loadIPPluginJar : add resmgrutility
2024-11-30 23:40:33,339 [INFO] IPUIPlugin:80 - create IPUIPlugin
2024-11-30 23:40:33,339 [INFO] PluginManager:220 - loadIPPluginJar : add spi
2024-11-30 23:40:33,347 [INFO] IPUIPlugin:80 - create IPUIPlugin
2024-11-30 23:40:33,347 [INFO] PluginManager:220 - loadIPPluginJar : add mdma
2024-11-30 23:40:33,351 [INFO] IPUIPlugin:80 - create IPUIPlugin
2024-11-30 23:40:33,351 [INFO] PluginManager:220 - loadIPPluginJar : add touchsensing
2024-11-30 23:40:33,464 [INFO] CADModel:165 - CPN selected for project level
2024-11-30 23:40:33,465 [INFO] CADModel:114 - Register for checkConnection events
2024-11-30 23:40:33,465 [FATAL] Updater:334 - Updater called before beeing initialized
2024-11-30 23:40:33,465 [ERROR] CADModel:125 - Updater not yet initialized, retry later 
2024-11-30 23:40:33,605 [INFO] CADModel:165 - CPN selected for project level
2024-11-30 23:40:33,605 [INFO] CADModel:114 - Register for checkConnection events
2024-11-30 23:40:33,605 [FATAL] Updater:334 - Updater called before beeing initialized
2024-11-30 23:40:33,605 [ERROR] CADModel:125 - Updater not yet initialized, retry later 
2024-11-30 23:40:33,609 [FATAL] Updater:334 - Updater called before beeing initialized
2024-11-30 23:40:33,717 [FATAL] Updater:334 - Updater called before beeing initialized
2024-11-30 23:40:33,722 [INFO] DbMcusAds:53 - JSON generation date=Fri Sep 20 10:04:38 ART 2024 (1726837478367)
2024-11-30 23:40:33,722 [FATAL] Updater:334 - Updater called before beeing initialized
2024-11-30 23:40:33,769 [WARN] DetailPanel:346 - Failed to get advertising image, set to default
2024-11-30 23:40:33,848 [FATAL] Updater:334 - Updater called before beeing initialized
2024-11-30 23:40:33,851 [FATAL] Updater:334 - Updater called before beeing initialized
2024-11-30 23:40:33,851 [FATAL] Updater:334 - Updater called before beeing initialized
2024-11-30 23:40:33,851 [WARN] DetailPanel:346 - Failed to get advertising image, set to default
2024-11-30 23:40:33,852 [FATAL] Updater:334 - Updater called before beeing initialized
2024-11-30 23:40:33,896 [ERROR] Updater:1164 - MainUpdater not yet initialized. External WinMGr cannot be set.
2024-11-30 23:40:33,899 [INFO] Updater:1100 - Updater Version found : 6.12.0
2024-11-30 23:40:33,919 [INFO] ApplicationProperties:184 - Using Application install path: /opt/st/stm32cubeide_1.16.0/plugins/com.st.stm32cube.common.mx_6.12.0.202406281431
2024-11-30 23:40:34,230 [INFO] MainUpdater:2873 - connection check result : 10
2024-11-30 23:40:34,231 [INFO] MainUpdater:290 - Updater Check For Update Now.
2024-11-30 23:40:34,231 [INFO] MicroXplorer:498 - Change Database Version : DB.6.0.120
2024-11-30 23:40:34,240 [INFO] McuFinderGlobals:63 - Set McuFinder mode to 2 (CubeIDE integrated)
2024-11-30 23:40:34,241 [INFO] UserAuth:179 - activating auth plugin
2024-11-30 23:40:34,248 [INFO] UserAuth:417 - Internet connection configuration mode: 1
2024-11-30 23:40:34,286 [INFO] JxBrowserEngine:152 - Initiate JxBrowser Engine with user profile folder
2024-11-30 23:40:34,473 [INFO] CheckServerUpdateThread:120 - End of CheckServer Thread
2024-11-30 23:40:35,427 [WARN] PackLoader:240 - Cannot read IP mode file for STMicroelectronics.FP-SNS-MOTENVWB1.1.4.0
2024-11-30 23:40:35,444 [WARN] PackLoader:240 - Cannot read IP mode file for STMicroelectronics.FP-ATR-ASTRA1.2.0.1
2024-11-30 23:40:35,458 [WARN] PackLoader:240 - Cannot read IP mode file for STMicroelectronics.X-CUBE-SMBUS.2.1.0
2024-11-30 23:40:35,475 [WARN] PackLoader:240 - Cannot read IP mode file for STMicroelectronics.X-CUBE-WB05N.1.1.0
2024-11-30 23:40:35,568 [WARN] PackLoader:240 - Cannot read IP mode file for STMicroelectronics.X-CUBE-AZRTOS-F7.1.1.0
2024-11-30 23:40:35,586 [WARN] PackLoader:240 - Cannot read IP mode file for STMicroelectronics.FP-SNS-FLIGHT1.5.0.2
2024-11-30 23:40:35,610 [WARN] PackLoader:240 - Cannot read IP mode file for STMicroelectronics.X-CUBE-DISPLAY.3.0.0
2024-11-30 23:40:35,647 [WARN] PackLoader:240 - Cannot read IP mode file for STMicroelectronics.X-CUBE-BLE1.7.0.0
2024-11-30 23:40:35,668 [WARN] PackLoader:240 - Cannot read IP mode file for emotas.I-CUBE-CANOPEN.1.3.0
2024-11-30 23:40:35,702 [WARN] PackLoader:240 - Cannot read IP mode file for STMicroelectronics.X-CUBE-BLEMGR.3.1.0
2024-11-30 23:40:35,722 [WARN] PackLoader:240 - Cannot read IP mode file for STMicroelectronics.FP-SNS-SMARTAG2.1.2.0
2024-11-30 23:40:35,749 [INFO] LogOutputStream:77 - [STDOUT_REDIRECT] 1 : Invalid condition id : UX_CORESTACK_Condition cause : null
2024-11-30 23:40:35,751 [INFO] LogOutputStream:77 - [STDOUT_REDIRECT] 1 : Invalid condition id : UX_CORESTACK_Condition cause : null
2024-11-30 23:40:35,752 [INFO] LogOutputStream:77 - [STDOUT_REDIRECT] 1 : Invalid condition id : UX_CORESTACK_Condition cause : null
2024-11-30 23:40:35,754 [INFO] LogOutputStream:77 - [STDOUT_REDIRECT] 1 : Invalid condition id : UX_CORESTACK_Condition cause : null
2024-11-30 23:40:35,754 [INFO] LogOutputStream:77 - [STDOUT_REDIRECT] 1 : Invalid condition id : UX_CORESTACK_Condition cause : null
2024-11-30 23:40:35,761 [WARN] PackLoader:240 - Cannot read IP mode file for STMicroelectronics.X-CUBE-AZRTOS-WL.2.0.0
2024-11-30 23:40:35,774 [WARN] PackLoader:240 - Cannot read IP mode file for STMicroelectronics.FP-SNS-MOTENV1.5.0.0
2024-11-30 23:40:35,786 [WARN] PackLoader:240 - Cannot read IP mode file for wolfSSL.I-CUBE-wolfMQTT.1.19.0
2024-11-30 23:40:35,800 [WARN] PackLoader:240 - Cannot read IP mode file for WES.I-CUBE-Cesium.1.3.0
2024-11-30 23:40:35,809 [WARN] PackLoader:240 - Cannot read IP mode file for STMicroelectronics.X-CUBE-BLE2.3.3.0
2024-11-30 23:40:35,828 [WARN] PackLoader:240 - Cannot read IP mode file for STMicroelectronics.X-CUBE-TCPP.4.1.0
2024-11-30 23:40:35,868 [WARN] PackLoader:240 - Cannot read IP mode file for STMicroelectronics.X-CUBE-AZRTOS-G0.1.1.0
2024-11-30 23:40:35,894 [WARN] PackLoader:240 - Cannot read IP mode file for STMicroelectronics.X-CUBE-SAFEA1.1.2.2
2024-11-30 23:40:35,903 [WARN] PackLoader:240 - Cannot read IP mode file for STMicroelectronics.X-CUBE-NFC4.3.0.0
2024-11-30 23:40:35,924 [WARN] PackLoader:240 - Cannot read IP mode file for EmbeddedOffice.I-CUBE-FS-RTOS.1.0.1
2024-11-30 23:40:35,924 [ERROR] ConditionMgr:805 - Attr not supported : Dmpu
2024-11-30 23:40:35,925 [ERROR] ConditionMgr:805 - Attr not supported : Dmpu
2024-11-30 23:40:35,925 [ERROR] ConditionMgr:805 - Attr not supported : Dmpu
2024-11-30 23:40:35,925 [ERROR] ConditionMgr:805 - Attr not supported : Dmpu
2024-11-30 23:40:35,925 [ERROR] ConditionMgr:805 - Attr not supported : Dmpu
2024-11-30 23:40:35,925 [ERROR] ConditionMgr:805 - Attr not supported : Dmpu
2024-11-30 23:40:35,925 [ERROR] ConditionMgr:805 - Attr not supported : Dmpu
2024-11-30 23:40:35,925 [ERROR] ConditionMgr:805 - Attr not supported : Dmpu
2024-11-30 23:40:35,925 [ERROR] ConditionMgr:805 - Attr not supported : Dmpu
2024-11-30 23:40:35,925 [ERROR] ConditionMgr:805 - Attr not supported : Dmpu
2024-11-30 23:40:35,926 [ERROR] ConditionMgr:805 - Attr not supported : Dmpu
2024-11-30 23:40:35,926 [ERROR] ConditionMgr:805 - Attr not supported : Dmpu
2024-11-30 23:40:35,926 [ERROR] ConditionMgr:805 - Attr not supported : Dmpu
2024-11-30 23:40:35,926 [ERROR] ConditionMgr:805 - Attr not supported : Dmpu
2024-11-30 23:40:35,926 [ERROR] ConditionMgr:805 - Attr not supported : Dmpu
2024-11-30 23:40:35,926 [ERROR] ConditionMgr:805 - Attr not supported : Dmpu
2024-11-30 23:40:35,926 [ERROR] ConditionMgr:805 - Attr not supported : Dmpu
2024-11-30 23:40:35,926 [ERROR] ConditionMgr:805 - Attr not supported : Dmpu
2024-11-30 23:40:35,926 [ERROR] ConditionMgr:805 - Attr not supported : Dmpu
2024-11-30 23:40:35,926 [ERROR] ConditionMgr:805 - Attr not supported : Dmpu
2024-11-30 23:40:35,927 [ERROR] ConditionMgr:805 - Attr not supported : Dmpu
2024-11-30 23:40:35,927 [ERROR] ConditionMgr:805 - Attr not supported : Dmpu
2024-11-30 23:40:35,927 [ERROR] ConditionMgr:805 - Attr not supported : Dmpu
2024-11-30 23:40:35,927 [ERROR] ConditionMgr:805 - Attr not supported : Dmpu
2024-11-30 23:40:35,927 [ERROR] ConditionMgr:805 - Attr not supported : Dmpu
2024-11-30 23:40:35,927 [ERROR] ConditionMgr:805 - Attr not supported : Dmpu
2024-11-30 23:40:35,927 [ERROR] ConditionMgr:805 - Attr not supported : Dmpu
2024-11-30 23:40:35,927 [ERROR] ConditionMgr:805 - Attr not supported : Dmpu
2024-11-30 23:40:35,927 [ERROR] ConditionMgr:805 - Attr not supported : Dmpu
2024-11-30 23:40:35,930 [ERROR] ConditionMgr:805 - Attr not supported : Dmpu
2024-11-30 23:40:35,931 [ERROR] ConditionMgr:805 - Attr not supported : Dmpu
2024-11-30 23:40:35,931 [ERROR] ConditionMgr:805 - Attr not supported : Dmpu
2024-11-30 23:40:35,931 [ERROR] ConditionMgr:805 - Attr not supported : Dmpu
2024-11-30 23:40:35,931 [ERROR] ConditionMgr:805 - Attr not supported : Dmpu
2024-11-30 23:40:35,931 [ERROR] ConditionMgr:805 - Attr not supported : Dmpu
2024-11-30 23:40:35,931 [ERROR] ConditionMgr:805 - Attr not supported : Dmpu
2024-11-30 23:40:35,931 [ERROR] ConditionMgr:805 - Attr not supported : Dmpu
2024-11-30 23:40:35,932 [ERROR] ConditionMgr:805 - Attr not supported : Dmpu
2024-11-30 23:40:35,932 [ERROR] ConditionMgr:805 - Attr not supported : Dmpu
2024-11-30 23:40:35,932 [ERROR] ConditionMgr:805 - Attr not supported : Dmpu
2024-11-30 23:40:35,932 [ERROR] ConditionMgr:805 - Attr not supported : Dmpu
2024-11-30 23:40:35,932 [ERROR] ConditionMgr:805 - Attr not supported : Dmpu
2024-11-30 23:40:35,932 [ERROR] ConditionMgr:805 - Attr not supported : Dmpu
2024-11-30 23:40:35,932 [ERROR] ConditionMgr:805 - Attr not supported : Dmpu
2024-11-30 23:40:35,932 [ERROR] ConditionMgr:805 - Attr not supported : Dmpu
2024-11-30 23:40:35,932 [ERROR] ConditionMgr:805 - Attr not supported : Dmpu
2024-11-30 23:40:35,932 [ERROR] ConditionMgr:805 - Attr not supported : Dmpu
2024-11-30 23:40:35,933 [ERROR] ConditionMgr:805 - Attr not supported : Dmpu
2024-11-30 23:40:35,933 [ERROR] ConditionMgr:805 - Attr not supported : Dmpu
2024-11-30 23:40:35,933 [ERROR] ConditionMgr:805 - Attr not supported : Dmpu
2024-11-30 23:40:35,933 [ERROR] ConditionMgr:805 - Attr not supported : Dmpu
2024-11-30 23:40:35,933 [ERROR] ConditionMgr:805 - Attr not supported : Dmpu
2024-11-30 23:40:35,933 [ERROR] ConditionMgr:805 - Attr not supported : Dmpu
2024-11-30 23:40:35,934 [ERROR] ConditionMgr:805 - Attr not supported : Dmpu
2024-11-30 23:40:35,934 [ERROR] ConditionMgr:805 - Attr not supported : Dmpu
2024-11-30 23:40:35,934 [ERROR] ConditionMgr:805 - Attr not supported : Dmpu
2024-11-30 23:40:35,934 [ERROR] ConditionMgr:805 - Attr not supported : Dmpu
2024-11-30 23:40:35,935 [ERROR] ConditionMgr:805 - Attr not supported : Dmpu
2024-11-30 23:40:35,935 [ERROR] ConditionMgr:805 - Attr not supported : Dmpu
2024-11-30 23:40:35,935 [ERROR] ConditionMgr:805 - Attr not supported : Dmpu
2024-11-30 23:40:35,935 [ERROR] ConditionMgr:805 - Attr not supported : Dmpu
2024-11-30 23:40:35,935 [ERROR] ConditionMgr:805 - Attr not supported : Dmpu
2024-11-30 23:40:35,935 [ERROR] ConditionMgr:805 - Attr not supported : Dmpu
2024-11-30 23:40:35,935 [ERROR] ConditionMgr:805 - Attr not supported : Dmpu
2024-11-30 23:40:35,949 [WARN] PackLoader:240 - Cannot read IP mode file for RealThread.X-CUBE-RT-Thread_Nano.4.1.1
2024-11-30 23:40:35,956 [WARN] PackLoader:240 - Cannot read IP mode file for STMicroelectronics.FP-ATR-SIGFOX1.3.2.0
2024-11-30 23:40:35,963 [WARN] ConditionMgr:438 - getConditionDescription Invalid condition id : Cortex-A Device cause : null
2024-11-30 23:40:35,985 [WARN] ConditionMgr:1039 - genDependencies : Invalid condition id : Cortex-A Device cause : null
2024-11-30 23:40:35,985 [WARN] ConditionMgr:1039 - genDependencies : Invalid condition id : Cortex-A Device cause : null
2024-11-30 23:40:35,985 [WARN] ConditionMgr:1039 - genDependencies : Invalid condition id : Cortex-A Device cause : null
2024-11-30 23:40:36,002 [WARN] PackLoader:240 - Cannot read IP mode file for STMicroelectronics.X-CUBE-EEPRMA1.5.1.0
2024-11-30 23:40:36,026 [WARN] PackLoader:240 - Cannot read IP mode file for wolfSSL.I-CUBE-wolfSSL.5.7.4
2024-11-30 23:40:36,042 [WARN] PackLoader:240 - Cannot read IP mode file for ITTIA_DB.I-CUBE-ITTIADB.8.9.0
2024-11-30 23:40:36,092 [WARN] PackLoader:240 - Cannot read IP mode file for SEGGER.I-CUBE-embOS.1.3.1
2024-11-30 23:40:36,208 [WARN] PackLoader:240 - Cannot read IP mode file for STMicroelectronics.X-CUBE-ALGOBUILD.1.4.0
2024-11-30 23:40:36,252 [WARN] PackLoader:240 - Cannot read IP mode file for STMicroelectronics.X-CUBE-AZRTOS-F4.1.1.0
2024-11-30 23:40:36,268 [WARN] PackLoader:240 - Cannot read IP mode file for STMicroelectronics.X-CUBE-FREERTOS.1.2.0
2024-11-30 23:40:36,318 [WARN] PackLoader:240 - Cannot read IP mode file for STMicroelectronics.X-CUBE-AZRTOS-L5.2.0.0
2024-11-30 23:40:36,348 [WARN] PackLoader:240 - Cannot read IP mode file for STMicroelectronics.X-CUBE-NFC6.3.1.0
2024-11-30 23:40:36,366 [WARN] PackLoader:240 - Cannot read IP mode file for STMicroelectronics.X-CUBE-NFC7.1.0.1
2024-11-30 23:40:36,431 [WARN] ConditionMgr:438 - getConditionDescription Invalid condition id : LAN8742 Phy interface Condition cause : null
2024-11-30 23:40:36,435 [WARN] PackLoader:240 - Cannot read IP mode file for STMicroelectronics.X-CUBE-AZRTOS-L4.2.0.0
2024-11-30 23:40:36,437 [WARN] ConditionMgr:1039 - genDependencies : Invalid condition id : LAN8742 Phy interface Condition cause : null
2024-11-30 23:40:36,438 [WARN] ConditionMgr:1039 - genDependencies : Invalid condition id : LAN8742 Phy interface Condition cause : null
2024-11-30 23:40:36,442 [WARN] ConditionMgr:1039 - genDependencies : Invalid condition id : LAN8742 Phy interface Condition cause : null
2024-11-30 23:40:36,477 [WARN] PackLoader:240 - Cannot read IP mode file for STMicroelectronics.X-CUBE-SFXS2LP1.4.0.0
2024-11-30 23:40:36,490 [INFO] WebApp:167 - Instantiating new browser for Auth
2024-11-30 23:40:36,606 [WARN] PackLoader:240 - Cannot read IP mode file for STMicroelectronics.X-CUBE-AZRTOS-H7.3.3.0
2024-11-30 23:40:36,681 [WARN] ConditionMgr:438 - getConditionDescription Invalid condition id : UX DEVICE CLASS RTOS Condition cause : null
2024-11-30 23:40:36,682 [WARN] ConditionMgr:438 - getConditionDescription Invalid condition id : UX DEVICE CLASS RTOS Condition cause : null
2024-11-30 23:40:36,693 [WARN] PackLoader:240 - Cannot read IP mode file for STMicroelectronics.X-CUBE-AZRTOS-WB.2.0.0
2024-11-30 23:40:36,703 [WARN] ConditionMgr:1039 - genDependencies : Invalid condition id : UX DEVICE CLASS RTOS Condition cause : null
2024-11-30 23:40:36,704 [WARN] ConditionMgr:1039 - genDependencies : Invalid condition id : UX DEVICE CLASS RTOS Condition cause : null
2024-11-30 23:40:36,705 [WARN] ConditionMgr:1039 - genDependencies : Invalid condition id : UX DEVICE CLASS RTOS Condition cause : null
2024-11-30 23:40:36,710 [WARN] ConditionMgr:1039 - genDependencies : Invalid condition id : UX DEVICE CLASS RTOS Condition cause : null
2024-11-30 23:40:36,710 [WARN] ConditionMgr:1039 - genDependencies : Invalid condition id : UX DEVICE CLASS RTOS Condition cause : null
2024-11-30 23:40:36,749 [WARN] PackLoader:240 - Cannot read IP mode file for STMicroelectronics.X-CUBE-SUBG2.5.0.0
2024-11-30 23:40:36,764 [WARN] PackLoader:240 - Cannot read IP mode file for Cesanta.I-CUBE-Mongoose.7.13.0
2024-11-30 23:40:36,793 [WARN] PackLoader:240 - Cannot read IP mode file for STMicroelectronics.X-CUBE-AZRTOS-G4.2.0.0
2024-11-30 23:40:36,801 [WARN] PackLoader:240 - Cannot read IP mode file for STMicroelectronics.X-CUBE-ALS.1.0.2
2024-11-30 23:40:36,806 [WARN] PackLoader:240 - Cannot read IP mode file for STMicroelectronics.X-CUBE-TOUCHGFX.4.24.1
2024-11-30 23:40:36,811 [WARN] PackLoader:240 - Cannot read IP mode file for wolfSSL.I-CUBE-wolfTPM.3.4.0
2024-11-30 23:40:36,817 [WARN] PackLoader:240 - Cannot read IP mode file for portGmbH.I-Cube-SoM-uGOAL.1.1.0
2024-11-30 23:40:36,845 [WARN] PackLoader:240 - Cannot read IP mode file for STMicroelectronics.X-CUBE-AZRTOS-H7RS.1.0.0
2024-11-30 23:40:36,856 [WARN] PackLoader:240 - Cannot read IP mode file for STMicroelectronics.FP-ATR-ASTRA1.2.0.0
2024-11-30 23:40:36,895 [WARN] PackLoader:240 - Cannot read IP mode file for Infineon.AIROC-Wi-Fi-Bluetooth-STM32.1.6.1
2024-11-30 23:40:36,909 [WARN] PackLoader:240 - Cannot read IP mode file for wolfSSL.I-CUBE-wolfSSH.1.4.17
2024-11-30 23:40:36,910 [INFO] ThirdParty:978 - Integrity check success = true
2024-11-30 23:40:36,910 [INFO] IntegrityCheckThread:100 - exiting critical section [integrity check]
2024-11-30 23:40:36,911 [INFO] IntegrityCheckThread:103 - End integrity checks thread
2024-11-30 23:40:37,928 [INFO] WebApp:448 - Apply proxy settings
2024-11-30 23:40:37,929 [INFO] WebApp:533 - Chromium requires no authentication
2024-11-30 23:40:37,939 [INFO] WebApp:476 - Direct internet connection detected
2024-11-30 23:40:37,966 [INFO] WebApp:869 - Register for checkConnection events
2024-11-30 23:40:37,966 [INFO] WebApp:448 - Apply proxy settings
2024-11-30 23:40:37,966 [INFO] WebApp:533 - Chromium requires no authentication
2024-11-30 23:40:37,967 [INFO] WebApp:476 - Direct internet connection detected
2024-11-30 23:40:38,122 [INFO] WebApp:220 - Starting web application
2024-11-30 23:40:38,122 [INFO] WebApp:578 - Web application path used /opt/st/stm32cubeide_1.16.0/plugins/com.st.stm32cube.common.mx_6.12.0.202406281431/db/plugins/mcufinder/reactClient1/index.html
2024-11-30 23:40:38,292 [INFO] WebApp:186 - Connection restablished
2024-11-30 23:51:54,894 [ERROR] LogOutputStream:75 - [STDERR_REDIRECT] 
